{"F:\\perso\\formation openclassroom\\dossiers exercices\\select_menu\\lib\\SelectMenu.jsx": {"path":"F:\\perso\\formation openclassroom\\dossiers exercices\\select_menu\\lib\\SelectMenu.jsx","all":false,"statementMap":{"0":{"start":{"line":1,"column":0},"end":{"line":1,"column":89}},"1":{"start":{"line":2,"column":0},"end":{"line":2,"column":89}},"2":{"start":{"line":3,"column":0},"end":{"line":3,"column":74}},"12":{"start":{"line":13,"column":0},"end":{"line":13,"column":35}},"13":{"start":{"line":14,"column":0},"end":{"line":14,"column":10}},"14":{"start":{"line":15,"column":0},"end":{"line":15,"column":27}},"15":{"start":{"line":16,"column":0},"end":{"line":16,"column":29}},"16":{"start":{"line":17,"column":0},"end":{"line":17,"column":41}},"17":{"start":{"line":18,"column":0},"end":{"line":18,"column":30}},"18":{"start":{"line":19,"column":0},"end":{"line":19,"column":28}},"20":{"start":{"line":21,"column":0},"end":{"line":21,"column":1}}},"s":{"0":1,"1":1,"2":1,"12":1,"13":16,"14":16,"15":16,"16":16,"17":16,"18":16,"20":16},"branchMap":{"0":{"type":"branch","line":13,"loc":{"start":{"line":13,"column":7},"end":{"line":21,"column":1}},"locations":[{"start":{"line":13,"column":7},"end":{"line":21,"column":1}}]}},"b":{"0":[16]},"fnMap":{"0":{"name":"SelectMenu","decl":{"start":{"line":13,"column":7},"end":{"line":21,"column":1}},"loc":{"start":{"line":13,"column":7},"end":{"line":21,"column":1}},"line":13}},"f":{"0":16}}
,"F:\\perso\\formation openclassroom\\dossiers exercices\\select_menu\\lib\\components\\Dropdown\\Dropdown.jsx": {"path":"F:\\perso\\formation openclassroom\\dossiers exercices\\select_menu\\lib\\components\\Dropdown\\Dropdown.jsx","all":false,"statementMap":{"0":{"start":{"line":1,"column":0},"end":{"line":1,"column":40}},"1":{"start":{"line":2,"column":0},"end":{"line":2,"column":46}},"2":{"start":{"line":3,"column":0},"end":{"line":3,"column":52}},"3":{"start":{"line":4,"column":0},"end":{"line":4,"column":52}},"4":{"start":{"line":5,"column":0},"end":{"line":5,"column":42}},"5":{"start":{"line":6,"column":0},"end":{"line":6,"column":111}},"13":{"start":{"line":14,"column":0},"end":{"line":14,"column":36}},"14":{"start":{"line":15,"column":0},"end":{"line":15,"column":44}},"16":{"start":{"line":17,"column":0},"end":{"line":17,"column":9}},"17":{"start":{"line":18,"column":0},"end":{"line":18,"column":7}},"18":{"start":{"line":19,"column":0},"end":{"line":19,"column":12}},"19":{"start":{"line":20,"column":0},"end":{"line":20,"column":12}},"20":{"start":{"line":21,"column":0},"end":{"line":21,"column":13}},"21":{"start":{"line":22,"column":0},"end":{"line":22,"column":13}},"22":{"start":{"line":23,"column":0},"end":{"line":23,"column":11}},"23":{"start":{"line":24,"column":0},"end":{"line":24,"column":22}},"24":{"start":{"line":25,"column":0},"end":{"line":25,"column":25}},"25":{"start":{"line":26,"column":0},"end":{"line":26,"column":23}},"26":{"start":{"line":27,"column":0},"end":{"line":27,"column":25}},"27":{"start":{"line":28,"column":0},"end":{"line":28,"column":22}},"28":{"start":{"line":29,"column":0},"end":{"line":29,"column":28}},"29":{"start":{"line":30,"column":0},"end":{"line":30,"column":19}},"30":{"start":{"line":31,"column":0},"end":{"line":31,"column":14}},"31":{"start":{"line":32,"column":0},"end":{"line":32,"column":20}},"32":{"start":{"line":33,"column":0},"end":{"line":33,"column":17}},"33":{"start":{"line":34,"column":0},"end":{"line":34,"column":17}},"34":{"start":{"line":35,"column":0},"end":{"line":35,"column":17}},"36":{"start":{"line":37,"column":0},"end":{"line":37,"column":25}},"37":{"start":{"line":38,"column":0},"end":{"line":38,"column":33}},"38":{"start":{"line":39,"column":0},"end":{"line":39,"column":23}},"39":{"start":{"line":40,"column":0},"end":{"line":40,"column":35}},"40":{"start":{"line":41,"column":0},"end":{"line":41,"column":19}},"41":{"start":{"line":42,"column":0},"end":{"line":42,"column":33}},"42":{"start":{"line":43,"column":0},"end":{"line":43,"column":39}},"43":{"start":{"line":44,"column":0},"end":{"line":44,"column":39}},"44":{"start":{"line":45,"column":0},"end":{"line":45,"column":44}},"45":{"start":{"line":46,"column":0},"end":{"line":46,"column":76}},"46":{"start":{"line":47,"column":0},"end":{"line":47,"column":27}},"47":{"start":{"line":48,"column":0},"end":{"line":48,"column":14}},"48":{"start":{"line":49,"column":0},"end":{"line":49,"column":3}},"50":{"start":{"line":51,"column":0},"end":{"line":51,"column":10}},"51":{"start":{"line":52,"column":0},"end":{"line":52,"column":7}},"52":{"start":{"line":53,"column":0},"end":{"line":53,"column":27}},"53":{"start":{"line":54,"column":0},"end":{"line":54,"column":17}},"54":{"start":{"line":55,"column":0},"end":{"line":55,"column":53}},"55":{"start":{"line":56,"column":0},"end":{"line":56,"column":72}},"56":{"start":{"line":57,"column":0},"end":{"line":57,"column":60}},"58":{"start":{"line":59,"column":0},"end":{"line":59,"column":27}},"59":{"start":{"line":60,"column":0},"end":{"line":60,"column":20}},"60":{"start":{"line":61,"column":0},"end":{"line":61,"column":27}},"61":{"start":{"line":62,"column":0},"end":{"line":62,"column":40}},"62":{"start":{"line":63,"column":0},"end":{"line":63,"column":31}},"63":{"start":{"line":64,"column":0},"end":{"line":64,"column":19}},"64":{"start":{"line":65,"column":0},"end":{"line":65,"column":28}},"66":{"start":{"line":67,"column":0},"end":{"line":67,"column":35}},"67":{"start":{"line":68,"column":0},"end":{"line":68,"column":66}},"68":{"start":{"line":69,"column":0},"end":{"line":69,"column":36}},"69":{"start":{"line":70,"column":0},"end":{"line":70,"column":9}},"71":{"start":{"line":72,"column":0},"end":{"line":72,"column":1}}},"s":{"0":1,"1":1,"2":1,"3":1,"4":1,"5":1,"13":39,"14":39,"16":39,"17":39,"18":39,"19":39,"20":39,"21":39,"22":39,"23":39,"24":39,"25":39,"26":39,"27":39,"28":39,"29":39,"30":39,"31":39,"32":39,"33":39,"34":39,"36":39,"37":39,"38":39,"39":39,"40":39,"41":39,"42":39,"43":39,"44":39,"45":39,"46":39,"47":39,"48":39,"50":39,"51":39,"52":39,"53":39,"54":39,"55":39,"56":39,"58":39,"59":39,"60":39,"61":39,"62":39,"63":39,"64":39,"66":39,"67":39,"68":39,"69":39,"71":39},"branchMap":{"0":{"type":"branch","line":14,"loc":{"start":{"line":14,"column":0},"end":{"line":72,"column":1}},"locations":[{"start":{"line":14,"column":0},"end":{"line":72,"column":1}}]},"1":{"type":"branch","line":46,"loc":{"start":{"line":46,"column":15},"end":{"line":46,"column":66}},"locations":[{"start":{"line":46,"column":15},"end":{"line":46,"column":66}}]},"2":{"type":"branch","line":56,"loc":{"start":{"line":56,"column":26},"end":{"line":56,"column":67}},"locations":[{"start":{"line":56,"column":26},"end":{"line":56,"column":67}}]},"3":{"type":"branch","line":57,"loc":{"start":{"line":57,"column":9},"end":{"line":57,"column":47}},"locations":[{"start":{"line":57,"column":9},"end":{"line":57,"column":47}}]},"4":{"type":"branch","line":57,"loc":{"start":{"line":57,"column":18},"end":{"line":57,"column":60}},"locations":[{"start":{"line":57,"column":18},"end":{"line":57,"column":60}}]},"5":{"type":"branch","line":68,"loc":{"start":{"line":68,"column":9},"end":{"line":68,"column":36}},"locations":[{"start":{"line":68,"column":9},"end":{"line":68,"column":36}}]},"6":{"type":"branch","line":68,"loc":{"start":{"line":68,"column":31},"end":{"line":68,"column":66}},"locations":[{"start":{"line":68,"column":31},"end":{"line":68,"column":66}}]}},"b":{"0":[39],"1":[0],"2":[0],"3":[14],"4":[25],"5":[2],"6":[37]},"fnMap":{"0":{"name":"Dropdown","decl":{"start":{"line":14,"column":0},"end":{"line":72,"column":1}},"loc":{"start":{"line":14,"column":0},"end":{"line":72,"column":1}},"line":14}},"f":{"0":39}}
,"F:\\perso\\formation openclassroom\\dossiers exercices\\select_menu\\lib\\components\\OptGroup\\OptGroup.jsx": {"path":"F:\\perso\\formation openclassroom\\dossiers exercices\\select_menu\\lib\\components\\OptGroup\\OptGroup.jsx","all":false,"statementMap":{"0":{"start":{"line":1,"column":0},"end":{"line":1,"column":52}},"1":{"start":{"line":2,"column":0},"end":{"line":2,"column":40}},"2":{"start":{"line":3,"column":0},"end":{"line":3,"column":34}},"3":{"start":{"line":4,"column":0},"end":{"line":4,"column":42}},"15":{"start":{"line":16,"column":0},"end":{"line":16,"column":59}},"16":{"start":{"line":17,"column":0},"end":{"line":17,"column":9}},"17":{"start":{"line":18,"column":0},"end":{"line":18,"column":23}},"18":{"start":{"line":19,"column":0},"end":{"line":19,"column":25}},"19":{"start":{"line":20,"column":0},"end":{"line":20,"column":27}},"20":{"start":{"line":21,"column":0},"end":{"line":21,"column":26}},"21":{"start":{"line":22,"column":0},"end":{"line":22,"column":28}},"22":{"start":{"line":23,"column":0},"end":{"line":23,"column":30}},"23":{"start":{"line":24,"column":0},"end":{"line":24,"column":22}},"24":{"start":{"line":25,"column":0},"end":{"line":25,"column":17}},"26":{"start":{"line":27,"column":0},"end":{"line":27,"column":25}},"27":{"start":{"line":28,"column":0},"end":{"line":28,"column":34}},"28":{"start":{"line":29,"column":0},"end":{"line":29,"column":36}},"29":{"start":{"line":30,"column":0},"end":{"line":30,"column":71}},"30":{"start":{"line":31,"column":0},"end":{"line":31,"column":33}},"31":{"start":{"line":32,"column":0},"end":{"line":32,"column":3}},"32":{"start":{"line":33,"column":0},"end":{"line":33,"column":10}},"33":{"start":{"line":34,"column":0},"end":{"line":34,"column":36}},"34":{"start":{"line":35,"column":0},"end":{"line":35,"column":10}},"35":{"start":{"line":36,"column":0},"end":{"line":36,"column":11}},"36":{"start":{"line":37,"column":0},"end":{"line":37,"column":69}},"37":{"start":{"line":38,"column":0},"end":{"line":38,"column":31}},"39":{"start":{"line":40,"column":0},"end":{"line":40,"column":39}},"40":{"start":{"line":41,"column":0},"end":{"line":41,"column":13}},"41":{"start":{"line":42,"column":0},"end":{"line":42,"column":16}},"42":{"start":{"line":43,"column":0},"end":{"line":43,"column":49}},"43":{"start":{"line":44,"column":0},"end":{"line":44,"column":33}},"44":{"start":{"line":45,"column":0},"end":{"line":45,"column":10}},"45":{"start":{"line":46,"column":0},"end":{"line":46,"column":11}},"46":{"start":{"line":47,"column":0},"end":{"line":47,"column":9}},"48":{"start":{"line":49,"column":0},"end":{"line":49,"column":1}},"50":{"start":{"line":51,"column":0},"end":{"line":51,"column":22}},"51":{"start":{"line":52,"column":0},"end":{"line":52,"column":28}},"53":{"start":{"line":54,"column":0},"end":{"line":54,"column":41}},"55":{"start":{"line":56,"column":0},"end":{"line":56,"column":42}},"56":{"start":{"line":57,"column":0},"end":{"line":57,"column":27}},"58":{"start":{"line":59,"column":0},"end":{"line":59,"column":25}},"60":{"start":{"line":61,"column":0},"end":{"line":61,"column":25}},"61":{"start":{"line":62,"column":0},"end":{"line":62,"column":47}},"62":{"start":{"line":63,"column":0},"end":{"line":63,"column":47}},"63":{"start":{"line":64,"column":0},"end":{"line":64,"column":11}},"64":{"start":{"line":65,"column":0},"end":{"line":65,"column":8}},"65":{"start":{"line":66,"column":0},"end":{"line":66,"column":6}},"66":{"start":{"line":67,"column":0},"end":{"line":67,"column":16}},"67":{"start":{"line":68,"column":0},"end":{"line":68,"column":42}},"68":{"start":{"line":69,"column":0},"end":{"line":69,"column":1}}},"s":{"0":1,"1":1,"2":1,"3":1,"15":6,"16":6,"17":6,"18":6,"19":6,"20":6,"21":6,"22":6,"23":6,"24":6,"26":6,"27":6,"28":6,"29":6,"30":6,"31":6,"32":6,"33":6,"34":6,"35":6,"36":6,"37":6,"39":6,"40":6,"41":6,"42":6,"43":6,"44":6,"45":6,"46":6,"48":6,"50":1,"51":1,"53":1,"55":1,"56":1,"58":1,"60":1,"61":1,"62":1,"63":1,"64":1,"65":1,"66":1,"67":1,"68":1},"branchMap":{"0":{"type":"branch","line":16,"loc":{"start":{"line":16,"column":0},"end":{"line":49,"column":1}},"locations":[{"start":{"line":16,"column":0},"end":{"line":49,"column":1}}]}},"b":{"0":[6]},"fnMap":{"0":{"name":"OptGroup","decl":{"start":{"line":16,"column":0},"end":{"line":49,"column":1}},"loc":{"start":{"line":16,"column":0},"end":{"line":49,"column":1}},"line":16}},"f":{"0":6}}
,"F:\\perso\\formation openclassroom\\dossiers exercices\\select_menu\\lib\\components\\OptGroups\\OptGroups.jsx": {"path":"F:\\perso\\formation openclassroom\\dossiers exercices\\select_menu\\lib\\components\\OptGroups\\OptGroups.jsx","all":false,"statementMap":{"0":{"start":{"line":1,"column":0},"end":{"line":1,"column":52}},"1":{"start":{"line":2,"column":0},"end":{"line":2,"column":43}},"8":{"start":{"line":9,"column":0},"end":{"line":9,"column":37}},"9":{"start":{"line":10,"column":0},"end":{"line":10,"column":59}},"18":{"start":{"line":19,"column":0},"end":{"line":19,"column":65}},"19":{"start":{"line":20,"column":0},"end":{"line":20,"column":13}},"20":{"start":{"line":21,"column":0},"end":{"line":21,"column":76}},"21":{"start":{"line":22,"column":0},"end":{"line":22,"column":5}},"22":{"start":{"line":23,"column":0},"end":{"line":23,"column":14}},"23":{"start":{"line":24,"column":0},"end":{"line":24,"column":8}},"25":{"start":{"line":26,"column":0},"end":{"line":26,"column":41}},"26":{"start":{"line":27,"column":0},"end":{"line":27,"column":13}},"27":{"start":{"line":28,"column":0},"end":{"line":28,"column":37}},"28":{"start":{"line":29,"column":0},"end":{"line":29,"column":22}},"29":{"start":{"line":30,"column":0},"end":{"line":30,"column":44}},"30":{"start":{"line":31,"column":0},"end":{"line":31,"column":6}},"31":{"start":{"line":32,"column":0},"end":{"line":32,"column":4}},"32":{"start":{"line":33,"column":0},"end":{"line":33,"column":1}}},"s":{"0":1,"1":1,"8":3,"9":3,"18":3,"19":6,"20":6,"21":6,"22":6,"23":3,"25":3,"26":6,"27":6,"28":6,"29":6,"30":6,"31":3,"32":3},"branchMap":{"0":{"type":"branch","line":9,"loc":{"start":{"line":9,"column":0},"end":{"line":33,"column":1}},"locations":[{"start":{"line":9,"column":0},"end":{"line":33,"column":1}}]},"1":{"type":"branch","line":19,"loc":{"start":{"line":19,"column":44},"end":{"line":24,"column":5}},"locations":[{"start":{"line":19,"column":44},"end":{"line":24,"column":5}}]},"2":{"type":"branch","line":21,"loc":{"start":{"line":21,"column":12},"end":{"line":21,"column":20}},"locations":[{"start":{"line":21,"column":12},"end":{"line":21,"column":20}}]},"3":{"type":"branch","line":21,"loc":{"start":{"line":21,"column":16},"end":{"line":21,"column":76}},"locations":[{"start":{"line":21,"column":16},"end":{"line":21,"column":76}}]},"4":{"type":"branch","line":26,"loc":{"start":{"line":26,"column":21},"end":{"line":31,"column":6}},"locations":[{"start":{"line":26,"column":21},"end":{"line":31,"column":6}}]}},"b":{"0":[3],"1":[6],"2":[3],"3":[3],"4":[6]},"fnMap":{"0":{"name":"OptGroups","decl":{"start":{"line":9,"column":0},"end":{"line":33,"column":1}},"loc":{"start":{"line":9,"column":0},"end":{"line":33,"column":1}},"line":9}},"f":{"0":3}}
,"F:\\perso\\formation openclassroom\\dossiers exercices\\select_menu\\lib\\components\\Option\\Option.jsx": {"path":"F:\\perso\\formation openclassroom\\dossiers exercices\\select_menu\\lib\\components\\Option\\Option.jsx","all":false,"statementMap":{"0":{"start":{"line":1,"column":0},"end":{"line":1,"column":52}},"1":{"start":{"line":2,"column":0},"end":{"line":2,"column":52}},"2":{"start":{"line":3,"column":0},"end":{"line":3,"column":40}},"3":{"start":{"line":4,"column":0},"end":{"line":4,"column":41}},"4":{"start":{"line":5,"column":0},"end":{"line":5,"column":34}},"5":{"start":{"line":6,"column":0},"end":{"line":6,"column":69}},"6":{"start":{"line":7,"column":0},"end":{"line":7,"column":64}},"16":{"start":{"line":17,"column":0},"end":{"line":17,"column":51}},"17":{"start":{"line":18,"column":0},"end":{"line":18,"column":9}},"18":{"start":{"line":19,"column":0},"end":{"line":19,"column":11}},"19":{"start":{"line":20,"column":0},"end":{"line":20,"column":15}},"20":{"start":{"line":21,"column":0},"end":{"line":21,"column":18}},"21":{"start":{"line":22,"column":0},"end":{"line":22,"column":19}},"22":{"start":{"line":23,"column":0},"end":{"line":23,"column":17}},"23":{"start":{"line":24,"column":0},"end":{"line":24,"column":26}},"24":{"start":{"line":25,"column":0},"end":{"line":25,"column":17}},"26":{"start":{"line":27,"column":0},"end":{"line":27,"column":9}},"27":{"start":{"line":28,"column":0},"end":{"line":28,"column":7}},"28":{"start":{"line":29,"column":0},"end":{"line":29,"column":11}},"29":{"start":{"line":30,"column":0},"end":{"line":30,"column":18}},"30":{"start":{"line":31,"column":0},"end":{"line":31,"column":26}},"31":{"start":{"line":32,"column":0},"end":{"line":32,"column":29}},"32":{"start":{"line":33,"column":0},"end":{"line":33,"column":14}},"33":{"start":{"line":34,"column":0},"end":{"line":34,"column":15}},"34":{"start":{"line":35,"column":0},"end":{"line":35,"column":20}},"35":{"start":{"line":36,"column":0},"end":{"line":36,"column":28}},"36":{"start":{"line":37,"column":0},"end":{"line":37,"column":27}},"37":{"start":{"line":38,"column":0},"end":{"line":38,"column":26}},"38":{"start":{"line":39,"column":0},"end":{"line":39,"column":28}},"39":{"start":{"line":40,"column":0},"end":{"line":40,"column":19}},"40":{"start":{"line":41,"column":0},"end":{"line":41,"column":17}},"41":{"start":{"line":42,"column":0},"end":{"line":42,"column":17}},"42":{"start":{"line":43,"column":0},"end":{"line":43,"column":17}},"44":{"start":{"line":45,"column":0},"end":{"line":45,"column":74}},"46":{"start":{"line":47,"column":0},"end":{"line":47,"column":32}},"54":{"start":{"line":55,"column":0},"end":{"line":55,"column":19}},"55":{"start":{"line":56,"column":0},"end":{"line":56,"column":58}},"56":{"start":{"line":57,"column":0},"end":{"line":57,"column":60}},"57":{"start":{"line":58,"column":0},"end":{"line":58,"column":8}},"58":{"start":{"line":59,"column":0},"end":{"line":59,"column":45}},"59":{"start":{"line":60,"column":0},"end":{"line":60,"column":56}},"60":{"start":{"line":61,"column":0},"end":{"line":61,"column":7}},"61":{"start":{"line":62,"column":0},"end":{"line":62,"column":77}},"62":{"start":{"line":63,"column":0},"end":{"line":63,"column":28}},"63":{"start":{"line":64,"column":0},"end":{"line":64,"column":32}},"64":{"start":{"line":65,"column":0},"end":{"line":65,"column":19}},"65":{"start":{"line":66,"column":0},"end":{"line":66,"column":20}},"66":{"start":{"line":67,"column":0},"end":{"line":67,"column":13}},"67":{"start":{"line":68,"column":0},"end":{"line":68,"column":7}},"68":{"start":{"line":69,"column":0},"end":{"line":69,"column":35}},"69":{"start":{"line":70,"column":0},"end":{"line":70,"column":34}},"70":{"start":{"line":71,"column":0},"end":{"line":71,"column":7}},"71":{"start":{"line":72,"column":0},"end":{"line":72,"column":36}},"72":{"start":{"line":73,"column":0},"end":{"line":73,"column":5}},"76":{"start":{"line":77,"column":0},"end":{"line":77,"column":8}},"81":{"start":{"line":82,"column":0},"end":{"line":82,"column":19}},"82":{"start":{"line":83,"column":0},"end":{"line":83,"column":44}},"83":{"start":{"line":84,"column":0},"end":{"line":84,"column":36}},"84":{"start":{"line":85,"column":0},"end":{"line":85,"column":5}},"88":{"start":{"line":89,"column":0},"end":{"line":89,"column":14}},"91":{"start":{"line":92,"column":0},"end":{"line":92,"column":19}},"92":{"start":{"line":93,"column":0},"end":{"line":93,"column":48}},"93":{"start":{"line":94,"column":0},"end":{"line":94,"column":31}},"94":{"start":{"line":95,"column":0},"end":{"line":95,"column":5}},"95":{"start":{"line":96,"column":0},"end":{"line":96,"column":40}},"97":{"start":{"line":98,"column":0},"end":{"line":98,"column":30}},"104":{"start":{"line":105,"column":0},"end":{"line":105,"column":65}},"106":{"start":{"line":107,"column":0},"end":{"line":107,"column":19}},"107":{"start":{"line":108,"column":0},"end":{"line":108,"column":18}},"108":{"start":{"line":109,"column":0},"end":{"line":109,"column":25}},"109":{"start":{"line":110,"column":0},"end":{"line":110,"column":29}},"110":{"start":{"line":111,"column":0},"end":{"line":111,"column":11}},"111":{"start":{"line":112,"column":0},"end":{"line":112,"column":5}},"112":{"start":{"line":113,"column":0},"end":{"line":113,"column":18}},"113":{"start":{"line":114,"column":0},"end":{"line":114,"column":3}},"115":{"start":{"line":116,"column":0},"end":{"line":116,"column":34}},"116":{"start":{"line":117,"column":0},"end":{"line":117,"column":34}},"117":{"start":{"line":118,"column":0},"end":{"line":118,"column":29}},"118":{"start":{"line":119,"column":0},"end":{"line":119,"column":3}},"120":{"start":{"line":121,"column":0},"end":{"line":121,"column":32}},"121":{"start":{"line":122,"column":0},"end":{"line":122,"column":69}},"122":{"start":{"line":123,"column":0},"end":{"line":123,"column":25}},"123":{"start":{"line":124,"column":0},"end":{"line":124,"column":24}},"124":{"start":{"line":125,"column":0},"end":{"line":125,"column":20}},"125":{"start":{"line":126,"column":0},"end":{"line":126,"column":5}},"126":{"start":{"line":127,"column":0},"end":{"line":127,"column":32}},"128":{"start":{"line":129,"column":0},"end":{"line":129,"column":24}},"129":{"start":{"line":130,"column":0},"end":{"line":130,"column":30}},"130":{"start":{"line":131,"column":0},"end":{"line":131,"column":54}},"131":{"start":{"line":132,"column":0},"end":{"line":132,"column":13}},"132":{"start":{"line":133,"column":0},"end":{"line":133,"column":33}},"133":{"start":{"line":134,"column":0},"end":{"line":134,"column":7}},"134":{"start":{"line":135,"column":0},"end":{"line":135,"column":5}},"135":{"start":{"line":136,"column":0},"end":{"line":136,"column":30}},"137":{"start":{"line":138,"column":0},"end":{"line":138,"column":24}},"138":{"start":{"line":139,"column":0},"end":{"line":139,"column":30}},"139":{"start":{"line":140,"column":0},"end":{"line":140,"column":31}},"140":{"start":{"line":141,"column":0},"end":{"line":141,"column":36}},"141":{"start":{"line":142,"column":0},"end":{"line":142,"column":33}},"142":{"start":{"line":143,"column":0},"end":{"line":143,"column":7}},"143":{"start":{"line":144,"column":0},"end":{"line":144,"column":5}},"144":{"start":{"line":145,"column":0},"end":{"line":145,"column":3}},"146":{"start":{"line":147,"column":0},"end":{"line":147,"column":23}},"147":{"start":{"line":148,"column":0},"end":{"line":148,"column":10}},"148":{"start":{"line":149,"column":0},"end":{"line":149,"column":77}},"149":{"start":{"line":150,"column":0},"end":{"line":150,"column":29}},"150":{"start":{"line":151,"column":0},"end":{"line":151,"column":67}},"151":{"start":{"line":152,"column":0},"end":{"line":152,"column":80}},"152":{"start":{"line":153,"column":0},"end":{"line":153,"column":3}},"154":{"start":{"line":155,"column":0},"end":{"line":155,"column":10}},"155":{"start":{"line":156,"column":0},"end":{"line":156,"column":7}},"156":{"start":{"line":157,"column":0},"end":{"line":157,"column":34}},"157":{"start":{"line":158,"column":0},"end":{"line":158,"column":17}},"158":{"start":{"line":159,"column":0},"end":{"line":159,"column":49}},"159":{"start":{"line":160,"column":0},"end":{"line":160,"column":70}},"161":{"start":{"line":162,"column":0},"end":{"line":162,"column":21}},"162":{"start":{"line":163,"column":0},"end":{"line":163,"column":55}},"163":{"start":{"line":164,"column":0},"end":{"line":164,"column":24}},"164":{"start":{"line":165,"column":0},"end":{"line":165,"column":25}},"165":{"start":{"line":166,"column":0},"end":{"line":166,"column":23}},"166":{"start":{"line":167,"column":0},"end":{"line":167,"column":22}},"167":{"start":{"line":168,"column":0},"end":{"line":168,"column":8}},"168":{"start":{"line":169,"column":0},"end":{"line":169,"column":37}},"169":{"start":{"line":170,"column":0},"end":{"line":170,"column":31}},"170":{"start":{"line":171,"column":0},"end":{"line":171,"column":19}},"171":{"start":{"line":172,"column":0},"end":{"line":172,"column":60}},"172":{"start":{"line":173,"column":0},"end":{"line":173,"column":19}},"174":{"start":{"line":175,"column":0},"end":{"line":175,"column":43}},"175":{"start":{"line":176,"column":0},"end":{"line":176,"column":9}},"177":{"start":{"line":178,"column":0},"end":{"line":178,"column":1}},"179":{"start":{"line":180,"column":0},"end":{"line":180,"column":20}},"180":{"start":{"line":181,"column":0},"end":{"line":181,"column":31}},"182":{"start":{"line":183,"column":0},"end":{"line":183,"column":21}},"184":{"start":{"line":185,"column":0},"end":{"line":185,"column":21}},"186":{"start":{"line":187,"column":0},"end":{"line":187,"column":43}},"188":{"start":{"line":189,"column":0},"end":{"line":189,"column":43}},"189":{"start":{"line":190,"column":0},"end":{"line":190,"column":7}},"190":{"start":{"line":191,"column":0},"end":{"line":191,"column":16}},"191":{"start":{"line":192,"column":0},"end":{"line":192,"column":37}},"192":{"start":{"line":193,"column":0},"end":{"line":193,"column":1}}},"s":{"0":1,"1":1,"2":1,"3":1,"4":1,"5":1,"6":1,"16":258,"17":258,"18":258,"19":258,"20":258,"21":258,"22":258,"23":258,"24":258,"26":258,"27":258,"28":258,"29":258,"30":258,"31":258,"32":258,"33":258,"34":258,"35":258,"36":258,"37":258,"38":258,"39":258,"40":258,"41":258,"42":258,"44":258,"46":258,"54":258,"55":108,"56":108,"57":108,"58":108,"59":107,"60":108,"61":4,"62":4,"63":4,"64":4,"65":4,"66":4,"67":4,"68":4,"69":0,"70":0,"71":4,"72":4,"76":258,"81":258,"82":173,"83":1,"84":1,"88":258,"91":258,"92":233,"93":25,"94":25,"95":258,"97":258,"104":3,"106":3,"107":3,"108":3,"109":3,"110":3,"111":3,"112":3,"113":3,"115":258,"116":7,"117":7,"118":7,"120":258,"121":5,"122":1,"123":1,"124":1,"125":1,"126":5,"128":2,"129":2,"130":2,"131":1,"132":1,"133":2,"134":2,"135":5,"137":2,"138":2,"139":2,"140":2,"141":0,"142":2,"143":2,"144":5,"146":258,"147":258,"148":258,"149":258,"150":258,"151":258,"152":258,"154":258,"155":258,"156":258,"157":258,"158":258,"159":258,"161":258,"162":258,"163":258,"164":258,"165":258,"166":2,"167":2,"168":258,"169":258,"170":258,"171":258,"172":258,"174":258,"175":258,"177":258,"179":1,"180":1,"182":1,"184":1,"186":1,"188":1,"189":1,"190":1,"191":1,"192":1},"branchMap":{"0":{"type":"branch","line":17,"loc":{"start":{"line":17,"column":0},"end":{"line":178,"column":1}},"locations":[{"start":{"line":17,"column":0},"end":{"line":178,"column":1}}]},"1":{"type":"branch","line":149,"loc":{"start":{"line":149,"column":28},"end":{"line":149,"column":61}},"locations":[{"start":{"line":149,"column":28},"end":{"line":149,"column":61}}]},"2":{"type":"branch","line":149,"loc":{"start":{"line":149,"column":36},"end":{"line":149,"column":77}},"locations":[{"start":{"line":149,"column":36},"end":{"line":149,"column":77}}]},"3":{"type":"branch","line":152,"loc":{"start":{"line":152,"column":38},"end":{"line":152,"column":72}},"locations":[{"start":{"line":152,"column":38},"end":{"line":152,"column":72}}]},"4":{"type":"branch","line":152,"loc":{"start":{"line":152,"column":46},"end":{"line":152,"column":80}},"locations":[{"start":{"line":152,"column":46},"end":{"line":152,"column":80}}]},"5":{"type":"branch","line":160,"loc":{"start":{"line":160,"column":26},"end":{"line":160,"column":67}},"locations":[{"start":{"line":160,"column":26},"end":{"line":160,"column":67}}]},"6":{"type":"branch","line":163,"loc":{"start":{"line":163,"column":18},"end":{"line":163,"column":48}},"locations":[{"start":{"line":163,"column":18},"end":{"line":163,"column":48}}]},"7":{"type":"branch","line":163,"loc":{"start":{"line":163,"column":44},"end":{"line":163,"column":55}},"locations":[{"start":{"line":163,"column":44},"end":{"line":163,"column":55}}]},"8":{"type":"branch","line":175,"loc":{"start":{"line":175,"column":7},"end":{"line":175,"column":36}},"locations":[{"start":{"line":175,"column":7},"end":{"line":175,"column":36}}]},"9":{"type":"branch","line":175,"loc":{"start":{"line":175,"column":32},"end":{"line":175,"column":43}},"locations":[{"start":{"line":175,"column":32},"end":{"line":175,"column":43}}]},"10":{"type":"branch","line":55,"loc":{"start":{"line":55,"column":12},"end":{"line":77,"column":5}},"locations":[{"start":{"line":55,"column":12},"end":{"line":77,"column":5}}]},"11":{"type":"branch","line":56,"loc":{"start":{"line":56,"column":23},"end":{"line":56,"column":52}},"locations":[{"start":{"line":56,"column":23},"end":{"line":56,"column":52}}]},"12":{"type":"branch","line":56,"loc":{"start":{"line":56,"column":48},"end":{"line":56,"column":58}},"locations":[{"start":{"line":56,"column":48},"end":{"line":56,"column":58}}]},"13":{"type":"branch","line":57,"loc":{"start":{"line":57,"column":24},"end":{"line":57,"column":54}},"locations":[{"start":{"line":57,"column":24},"end":{"line":57,"column":54}}]},"14":{"type":"branch","line":57,"loc":{"start":{"line":57,"column":50},"end":{"line":57,"column":60}},"locations":[{"start":{"line":57,"column":50},"end":{"line":57,"column":60}}]},"15":{"type":"branch","line":59,"loc":{"start":{"line":59,"column":32},"end":{"line":60,"column":56}},"locations":[{"start":{"line":59,"column":32},"end":{"line":60,"column":56}}]},"16":{"type":"branch","line":60,"loc":{"start":{"line":60,"column":33},"end":{"line":60,"column":56}},"locations":[{"start":{"line":60,"column":33},"end":{"line":60,"column":56}}]},"17":{"type":"branch","line":61,"loc":{"start":{"line":61,"column":6},"end":{"line":73,"column":5}},"locations":[{"start":{"line":61,"column":6},"end":{"line":73,"column":5}}]},"18":{"type":"branch","line":69,"loc":{"start":{"line":69,"column":34},"end":{"line":71,"column":7}},"locations":[{"start":{"line":69,"column":34},"end":{"line":71,"column":7}}]},"19":{"type":"branch","line":82,"loc":{"start":{"line":82,"column":12},"end":{"line":89,"column":5}},"locations":[{"start":{"line":82,"column":12},"end":{"line":89,"column":5}}]},"20":{"type":"branch","line":83,"loc":{"start":{"line":83,"column":26},"end":{"line":83,"column":43}},"locations":[{"start":{"line":83,"column":26},"end":{"line":83,"column":43}}]},"21":{"type":"branch","line":83,"loc":{"start":{"line":83,"column":43},"end":{"line":85,"column":5}},"locations":[{"start":{"line":83,"column":43},"end":{"line":85,"column":5}}]},"22":{"type":"branch","line":92,"loc":{"start":{"line":92,"column":12},"end":{"line":96,"column":5}},"locations":[{"start":{"line":92,"column":12},"end":{"line":96,"column":5}}]},"23":{"type":"branch","line":93,"loc":{"start":{"line":93,"column":30},"end":{"line":93,"column":47}},"locations":[{"start":{"line":93,"column":30},"end":{"line":93,"column":47}}]},"24":{"type":"branch","line":93,"loc":{"start":{"line":93,"column":47},"end":{"line":95,"column":5}},"locations":[{"start":{"line":93,"column":47},"end":{"line":95,"column":5}}]},"25":{"type":"branch","line":98,"loc":{"start":{"line":98,"column":22},"end":{"line":114,"column":3}},"locations":[{"start":{"line":98,"column":22},"end":{"line":114,"column":3}}]},"26":{"type":"branch","line":116,"loc":{"start":{"line":116,"column":27},"end":{"line":119,"column":3}},"locations":[{"start":{"line":116,"column":27},"end":{"line":119,"column":3}}]},"27":{"type":"branch","line":121,"loc":{"start":{"line":121,"column":24},"end":{"line":145,"column":3}},"locations":[{"start":{"line":121,"column":24},"end":{"line":145,"column":3}}]},"28":{"type":"branch","line":122,"loc":{"start":{"line":122,"column":68},"end":{"line":126,"column":5}},"locations":[{"start":{"line":122,"column":68},"end":{"line":126,"column":5}}]},"29":{"type":"branch","line":127,"loc":{"start":{"line":127,"column":31},"end":{"line":135,"column":5}},"locations":[{"start":{"line":127,"column":31},"end":{"line":135,"column":5}}]},"30":{"type":"branch","line":131,"loc":{"start":{"line":131,"column":30},"end":{"line":132,"column":13}},"locations":[{"start":{"line":131,"column":30},"end":{"line":132,"column":13}}]},"31":{"type":"branch","line":132,"loc":{"start":{"line":132,"column":12},"end":{"line":133,"column":33}},"locations":[{"start":{"line":132,"column":12},"end":{"line":133,"column":33}}]},"32":{"type":"branch","line":136,"loc":{"start":{"line":136,"column":29},"end":{"line":144,"column":5}},"locations":[{"start":{"line":136,"column":29},"end":{"line":144,"column":5}}]},"33":{"type":"branch","line":141,"loc":{"start":{"line":141,"column":12},"end":{"line":142,"column":33}},"locations":[{"start":{"line":141,"column":12},"end":{"line":142,"column":33}}]},"34":{"type":"branch","line":166,"loc":{"start":{"line":166,"column":15},"end":{"line":168,"column":8}},"locations":[{"start":{"line":166,"column":15},"end":{"line":168,"column":8}}]}},"b":{"0":[258],"1":[51],"2":[207],"3":[51],"4":[207],"5":[0],"6":[11],"7":[247],"8":[11],"9":[247],"10":[108],"11":[11],"12":[97],"13":[11],"14":[97],"15":[107],"16":[15],"17":[4],"18":[0],"19":[173],"20":[4],"21":[1],"22":[233],"23":[46],"24":[25],"25":[3],"26":[7],"27":[5],"28":[1],"29":[2],"30":[1],"31":[1],"32":[2],"33":[0],"34":[2]},"fnMap":{"0":{"name":"Option","decl":{"start":{"line":17,"column":0},"end":{"line":178,"column":1}},"loc":{"start":{"line":17,"column":0},"end":{"line":178,"column":1}},"line":17},"1":{"name":"handleClick","decl":{"start":{"line":98,"column":22},"end":{"line":114,"column":3}},"loc":{"start":{"line":98,"column":22},"end":{"line":114,"column":3}},"line":98},"2":{"name":"handleMouseEnter","decl":{"start":{"line":116,"column":27},"end":{"line":119,"column":3}},"loc":{"start":{"line":116,"column":27},"end":{"line":119,"column":3}},"line":116},"3":{"name":"handleKeyDown","decl":{"start":{"line":121,"column":24},"end":{"line":145,"column":3}},"loc":{"start":{"line":121,"column":24},"end":{"line":145,"column":3}},"line":121},"4":{"name":"onClick","decl":{"start":{"line":166,"column":15},"end":{"line":168,"column":8}},"loc":{"start":{"line":166,"column":15},"end":{"line":168,"column":8}},"line":166}},"f":{"0":258,"1":3,"2":7,"3":5,"4":2}}
,"F:\\perso\\formation openclassroom\\dossiers exercices\\select_menu\\lib\\components\\Options\\Options.jsx": {"path":"F:\\perso\\formation openclassroom\\dossiers exercices\\select_menu\\lib\\components\\Options\\Options.jsx","all":false,"statementMap":{"0":{"start":{"line":1,"column":0},"end":{"line":1,"column":34}},"1":{"start":{"line":2,"column":0},"end":{"line":2,"column":52}},"2":{"start":{"line":3,"column":0},"end":{"line":3,"column":37}},"3":{"start":{"line":4,"column":0},"end":{"line":4,"column":64}},"4":{"start":{"line":5,"column":0},"end":{"line":5,"column":52}},"5":{"start":{"line":6,"column":0},"end":{"line":6,"column":33}},"15":{"start":{"line":16,"column":0},"end":{"line":16,"column":58}},"16":{"start":{"line":17,"column":0},"end":{"line":17,"column":28}},"17":{"start":{"line":18,"column":0},"end":{"line":18,"column":74}},"18":{"start":{"line":19,"column":0},"end":{"line":19,"column":47}},"20":{"start":{"line":21,"column":0},"end":{"line":21,"column":19}},"21":{"start":{"line":22,"column":0},"end":{"line":22,"column":18}},"22":{"start":{"line":23,"column":0},"end":{"line":23,"column":60}},"23":{"start":{"line":24,"column":0},"end":{"line":24,"column":34}},"24":{"start":{"line":25,"column":0},"end":{"line":25,"column":7}},"25":{"start":{"line":26,"column":0},"end":{"line":26,"column":5}},"26":{"start":{"line":27,"column":0},"end":{"line":27,"column":73}},"28":{"start":{"line":29,"column":0},"end":{"line":29,"column":10}},"29":{"start":{"line":30,"column":0},"end":{"line":30,"column":6}},"30":{"start":{"line":31,"column":0},"end":{"line":31,"column":39}},"31":{"start":{"line":32,"column":0},"end":{"line":32,"column":67}},"32":{"start":{"line":33,"column":0},"end":{"line":33,"column":16}},"33":{"start":{"line":34,"column":0},"end":{"line":34,"column":17}},"34":{"start":{"line":35,"column":0},"end":{"line":35,"column":40}},"35":{"start":{"line":36,"column":0},"end":{"line":36,"column":27}},"36":{"start":{"line":37,"column":0},"end":{"line":37,"column":31}},"37":{"start":{"line":38,"column":0},"end":{"line":38,"column":12}},"39":{"start":{"line":40,"column":0},"end":{"line":40,"column":9}},"40":{"start":{"line":41,"column":0},"end":{"line":41,"column":7}},"42":{"start":{"line":43,"column":0},"end":{"line":43,"column":1}},"44":{"start":{"line":45,"column":0},"end":{"line":45,"column":21}},"45":{"start":{"line":46,"column":0},"end":{"line":46,"column":29}},"46":{"start":{"line":47,"column":0},"end":{"line":47,"column":25}},"48":{"start":{"line":49,"column":0},"end":{"line":49,"column":23}},"50":{"start":{"line":51,"column":0},"end":{"line":51,"column":23}},"51":{"start":{"line":52,"column":0},"end":{"line":52,"column":45}},"52":{"start":{"line":53,"column":0},"end":{"line":53,"column":45}},"53":{"start":{"line":54,"column":0},"end":{"line":54,"column":9}},"54":{"start":{"line":55,"column":0},"end":{"line":55,"column":6}},"55":{"start":{"line":56,"column":0},"end":{"line":56,"column":15}},"56":{"start":{"line":57,"column":0},"end":{"line":57,"column":31}},"57":{"start":{"line":58,"column":0},"end":{"line":58,"column":1}}},"s":{"0":1,"1":1,"2":1,"3":1,"4":1,"5":1,"15":54,"16":54,"17":54,"18":54,"20":54,"21":54,"22":26,"23":1,"24":1,"25":26,"26":54,"28":54,"29":54,"30":54,"31":258,"32":258,"33":258,"34":258,"35":258,"36":258,"37":258,"39":54,"40":54,"42":54,"44":1,"45":1,"46":1,"48":1,"50":1,"51":1,"52":1,"53":1,"54":1,"55":1,"56":1,"57":1},"branchMap":{"0":{"type":"branch","line":16,"loc":{"start":{"line":16,"column":0},"end":{"line":43,"column":1}},"locations":[{"start":{"line":16,"column":0},"end":{"line":43,"column":1}}]},"1":{"type":"branch","line":21,"loc":{"start":{"line":21,"column":12},"end":{"line":27,"column":5}},"locations":[{"start":{"line":21,"column":12},"end":{"line":27,"column":5}}]},"2":{"type":"branch","line":22,"loc":{"start":{"line":22,"column":17},"end":{"line":26,"column":5}},"locations":[{"start":{"line":22,"column":17},"end":{"line":26,"column":5}}]},"3":{"type":"branch","line":23,"loc":{"start":{"line":23,"column":28},"end":{"line":23,"column":59}},"locations":[{"start":{"line":23,"column":28},"end":{"line":23,"column":59}}]},"4":{"type":"branch","line":23,"loc":{"start":{"line":23,"column":59},"end":{"line":25,"column":7}},"locations":[{"start":{"line":23,"column":59},"end":{"line":25,"column":7}}]},"5":{"type":"branch","line":31,"loc":{"start":{"line":31,"column":19},"end":{"line":40,"column":7}},"locations":[{"start":{"line":31,"column":19},"end":{"line":40,"column":7}}]},"6":{"type":"branch","line":32,"loc":{"start":{"line":32,"column":28},"end":{"line":32,"column":62}},"locations":[{"start":{"line":32,"column":28},"end":{"line":32,"column":62}}]},"7":{"type":"branch","line":32,"loc":{"start":{"line":32,"column":54},"end":{"line":32,"column":67}},"locations":[{"start":{"line":32,"column":54},"end":{"line":32,"column":67}}]}},"b":{"0":[54],"1":[54],"2":[26],"3":[19],"4":[1],"5":[258],"6":[9],"7":[249]},"fnMap":{"0":{"name":"Options","decl":{"start":{"line":16,"column":0},"end":{"line":43,"column":1}},"loc":{"start":{"line":16,"column":0},"end":{"line":43,"column":1}},"line":16}},"f":{"0":54}}
,"F:\\perso\\formation openclassroom\\dossiers exercices\\select_menu\\lib\\components\\SelectComponent\\SelectComponent.jsx": {"path":"F:\\perso\\formation openclassroom\\dossiers exercices\\select_menu\\lib\\components\\SelectComponent\\SelectComponent.jsx","all":false,"statementMap":{"0":{"start":{"line":1,"column":0},"end":{"line":1,"column":41}},"3":{"start":{"line":4,"column":0},"end":{"line":4,"column":43}},"4":{"start":{"line":5,"column":0},"end":{"line":5,"column":52}},"6":{"start":{"line":7,"column":0},"end":{"line":7,"column":52}},"7":{"start":{"line":8,"column":0},"end":{"line":8,"column":52}},"9":{"start":{"line":10,"column":0},"end":{"line":10,"column":61}},"11":{"start":{"line":12,"column":0},"end":{"line":12,"column":34}},"12":{"start":{"line":13,"column":0},"end":{"line":13,"column":49}},"187":{"start":{"line":188,"column":0},"end":{"line":188,"column":52}},"189":{"start":{"line":190,"column":0},"end":{"line":190,"column":46}},"191":{"start":{"line":192,"column":0},"end":{"line":192,"column":9}},"192":{"start":{"line":193,"column":0},"end":{"line":193,"column":10}},"193":{"start":{"line":194,"column":0},"end":{"line":194,"column":7}},"194":{"start":{"line":195,"column":0},"end":{"line":195,"column":13}},"195":{"start":{"line":196,"column":0},"end":{"line":196,"column":20}},"196":{"start":{"line":197,"column":0},"end":{"line":197,"column":17}},"197":{"start":{"line":198,"column":0},"end":{"line":198,"column":17}},"198":{"start":{"line":199,"column":0},"end":{"line":199,"column":17}},"199":{"start":{"line":200,"column":0},"end":{"line":200,"column":17}},"202":{"start":{"line":203,"column":0},"end":{"line":203,"column":41}},"205":{"start":{"line":206,"column":0},"end":{"line":206,"column":19}},"206":{"start":{"line":207,"column":0},"end":{"line":207,"column":17}},"207":{"start":{"line":208,"column":0},"end":{"line":208,"column":32}},"208":{"start":{"line":209,"column":0},"end":{"line":209,"column":5}},"209":{"start":{"line":210,"column":0},"end":{"line":210,"column":34}},"212":{"start":{"line":213,"column":0},"end":{"line":213,"column":31}},"213":{"start":{"line":214,"column":0},"end":{"line":214,"column":28}},"214":{"start":{"line":215,"column":0},"end":{"line":215,"column":3}},"217":{"start":{"line":218,"column":0},"end":{"line":218,"column":54}},"219":{"start":{"line":220,"column":0},"end":{"line":220,"column":32}},"220":{"start":{"line":221,"column":0},"end":{"line":221,"column":29}},"221":{"start":{"line":222,"column":0},"end":{"line":222,"column":24}},"222":{"start":{"line":223,"column":0},"end":{"line":223,"column":21}},"223":{"start":{"line":224,"column":0},"end":{"line":224,"column":5}},"224":{"start":{"line":225,"column":0},"end":{"line":225,"column":3}},"226":{"start":{"line":227,"column":0},"end":{"line":227,"column":35}},"227":{"start":{"line":228,"column":0},"end":{"line":228,"column":23}},"228":{"start":{"line":229,"column":0},"end":{"line":229,"column":28}},"229":{"start":{"line":230,"column":0},"end":{"line":230,"column":36}},"230":{"start":{"line":231,"column":0},"end":{"line":231,"column":79}},"231":{"start":{"line":232,"column":0},"end":{"line":232,"column":3}},"233":{"start":{"line":234,"column":0},"end":{"line":234,"column":14}},"234":{"start":{"line":235,"column":0},"end":{"line":235,"column":12}},"235":{"start":{"line":236,"column":0},"end":{"line":236,"column":10}},"236":{"start":{"line":237,"column":0},"end":{"line":237,"column":37}},"237":{"start":{"line":238,"column":0},"end":{"line":238,"column":32}},"238":{"start":{"line":239,"column":0},"end":{"line":239,"column":64}},"239":{"start":{"line":240,"column":0},"end":{"line":240,"column":30}},"240":{"start":{"line":241,"column":0},"end":{"line":241,"column":27}},"241":{"start":{"line":242,"column":0},"end":{"line":242,"column":26}},"242":{"start":{"line":243,"column":0},"end":{"line":243,"column":10}},"244":{"start":{"line":245,"column":0},"end":{"line":245,"column":61}},"245":{"start":{"line":246,"column":0},"end":{"line":246,"column":20}},"246":{"start":{"line":247,"column":0},"end":{"line":247,"column":12}},"248":{"start":{"line":249,"column":0},"end":{"line":249,"column":3}},"249":{"start":{"line":250,"column":0},"end":{"line":250,"column":1}},"250":{"start":{"line":251,"column":0},"end":{"line":251,"column":29}},"253":{"start":{"line":254,"column":0},"end":{"line":254,"column":35}},"255":{"start":{"line":256,"column":0},"end":{"line":256,"column":26}},"256":{"start":{"line":257,"column":0},"end":{"line":257,"column":25}},"257":{"start":{"line":258,"column":0},"end":{"line":258,"column":27}},"258":{"start":{"line":259,"column":0},"end":{"line":259,"column":30}},"259":{"start":{"line":260,"column":0},"end":{"line":260,"column":31}},"260":{"start":{"line":261,"column":0},"end":{"line":261,"column":27}},"262":{"start":{"line":263,"column":0},"end":{"line":263,"column":25}},"264":{"start":{"line":265,"column":0},"end":{"line":265,"column":25}},"266":{"start":{"line":267,"column":0},"end":{"line":267,"column":47}},"268":{"start":{"line":269,"column":0},"end":{"line":269,"column":47}},"269":{"start":{"line":270,"column":0},"end":{"line":270,"column":11}},"271":{"start":{"line":272,"column":0},"end":{"line":272,"column":25}},"273":{"start":{"line":274,"column":0},"end":{"line":274,"column":47}},"275":{"start":{"line":276,"column":0},"end":{"line":276,"column":66}},"276":{"start":{"line":277,"column":0},"end":{"line":277,"column":11}},"278":{"start":{"line":279,"column":0},"end":{"line":279,"column":25}},"280":{"start":{"line":281,"column":0},"end":{"line":281,"column":47}},"282":{"start":{"line":283,"column":0},"end":{"line":283,"column":48}},"283":{"start":{"line":284,"column":0},"end":{"line":284,"column":29}},"285":{"start":{"line":286,"column":0},"end":{"line":286,"column":51}},"287":{"start":{"line":288,"column":0},"end":{"line":288,"column":51}},"288":{"start":{"line":289,"column":0},"end":{"line":289,"column":14}},"289":{"start":{"line":290,"column":0},"end":{"line":290,"column":12}},"290":{"start":{"line":291,"column":0},"end":{"line":291,"column":11}},"291":{"start":{"line":292,"column":0},"end":{"line":292,"column":8}},"292":{"start":{"line":293,"column":0},"end":{"line":293,"column":17}},"293":{"start":{"line":294,"column":0},"end":{"line":294,"column":34}},"296":{"start":{"line":297,"column":0},"end":{"line":297,"column":37}},"297":{"start":{"line":298,"column":0},"end":{"line":298,"column":44}},"298":{"start":{"line":299,"column":0},"end":{"line":299,"column":32}},"299":{"start":{"line":300,"column":0},"end":{"line":300,"column":33}},"300":{"start":{"line":301,"column":0},"end":{"line":301,"column":41}},"301":{"start":{"line":302,"column":0},"end":{"line":302,"column":43}},"302":{"start":{"line":303,"column":0},"end":{"line":303,"column":31}},"303":{"start":{"line":304,"column":0},"end":{"line":304,"column":29}},"304":{"start":{"line":305,"column":0},"end":{"line":305,"column":35}},"305":{"start":{"line":306,"column":0},"end":{"line":306,"column":38}},"306":{"start":{"line":307,"column":0},"end":{"line":307,"column":32}},"307":{"start":{"line":308,"column":0},"end":{"line":308,"column":36}},"308":{"start":{"line":309,"column":0},"end":{"line":309,"column":35}},"309":{"start":{"line":310,"column":0},"end":{"line":310,"column":34}},"310":{"start":{"line":311,"column":0},"end":{"line":311,"column":38}},"311":{"start":{"line":312,"column":0},"end":{"line":312,"column":37}},"312":{"start":{"line":313,"column":0},"end":{"line":313,"column":43}},"313":{"start":{"line":314,"column":0},"end":{"line":314,"column":45}},"314":{"start":{"line":315,"column":0},"end":{"line":315,"column":36}},"315":{"start":{"line":316,"column":0},"end":{"line":316,"column":41}},"316":{"start":{"line":317,"column":0},"end":{"line":317,"column":40}},"317":{"start":{"line":318,"column":0},"end":{"line":318,"column":46}},"318":{"start":{"line":319,"column":0},"end":{"line":319,"column":39}},"319":{"start":{"line":320,"column":0},"end":{"line":320,"column":38}},"320":{"start":{"line":321,"column":0},"end":{"line":321,"column":46}},"321":{"start":{"line":322,"column":0},"end":{"line":322,"column":45}},"322":{"start":{"line":323,"column":0},"end":{"line":323,"column":44}},"323":{"start":{"line":324,"column":0},"end":{"line":324,"column":46}},"324":{"start":{"line":325,"column":0},"end":{"line":325,"column":37}},"325":{"start":{"line":326,"column":0},"end":{"line":326,"column":45}},"326":{"start":{"line":327,"column":0},"end":{"line":327,"column":44}},"327":{"start":{"line":328,"column":0},"end":{"line":328,"column":46}},"328":{"start":{"line":329,"column":0},"end":{"line":329,"column":48}},"329":{"start":{"line":330,"column":0},"end":{"line":330,"column":40}},"330":{"start":{"line":331,"column":0},"end":{"line":331,"column":5}},"331":{"start":{"line":332,"column":0},"end":{"line":332,"column":1}}},"s":{"0":1,"3":1,"4":1,"6":1,"7":1,"9":1,"11":1,"12":1,"187":51,"189":51,"191":51,"192":51,"193":51,"194":51,"195":51,"196":51,"197":51,"198":51,"199":51,"202":51,"205":51,"206":32,"207":16,"208":16,"209":51,"212":51,"213":0,"214":0,"217":51,"219":51,"220":12,"221":0,"222":0,"223":0,"224":12,"226":51,"227":35,"228":35,"229":35,"230":35,"231":35,"233":51,"234":35,"235":35,"236":35,"237":35,"238":35,"239":35,"240":35,"241":12,"242":12,"244":35,"245":35,"246":35,"248":35,"249":51,"250":1,"253":1,"255":1,"256":1,"257":1,"258":1,"259":1,"260":1,"262":1,"264":1,"266":1,"268":1,"269":1,"271":1,"273":1,"275":1,"276":1,"278":1,"280":1,"282":1,"283":1,"285":1,"287":1,"288":1,"289":1,"290":1,"291":1,"292":1,"293":1,"296":1,"297":1,"298":1,"299":1,"300":1,"301":1,"302":1,"303":1,"304":1,"305":1,"306":1,"307":1,"308":1,"309":1,"310":1,"311":1,"312":1,"313":1,"314":1,"315":1,"316":1,"317":1,"318":1,"319":1,"320":1,"321":1,"322":1,"323":1,"324":1,"325":1,"326":1,"327":1,"328":1,"329":1,"330":1,"331":1},"branchMap":{"0":{"type":"branch","line":188,"loc":{"start":{"line":188,"column":0},"end":{"line":250,"column":1}},"locations":[{"start":{"line":188,"column":0},"end":{"line":250,"column":1}}]},"1":{"type":"branch","line":227,"loc":{"start":{"line":227,"column":25},"end":{"line":232,"column":3}},"locations":[{"start":{"line":227,"column":25},"end":{"line":232,"column":3}}]},"2":{"type":"branch","line":231,"loc":{"start":{"line":231,"column":23},"end":{"line":231,"column":69}},"locations":[{"start":{"line":231,"column":23},"end":{"line":231,"column":69}}]},"3":{"type":"branch","line":234,"loc":{"start":{"line":234,"column":13},"end":{"line":249,"column":3}},"locations":[{"start":{"line":234,"column":13},"end":{"line":249,"column":3}}]},"4":{"type":"branch","line":206,"loc":{"start":{"line":206,"column":12},"end":{"line":210,"column":5}},"locations":[{"start":{"line":206,"column":12},"end":{"line":210,"column":5}}]},"5":{"type":"branch","line":207,"loc":{"start":{"line":207,"column":16},"end":{"line":209,"column":5}},"locations":[{"start":{"line":207,"column":16},"end":{"line":209,"column":5}}]},"6":{"type":"branch","line":220,"loc":{"start":{"line":220,"column":24},"end":{"line":225,"column":3}},"locations":[{"start":{"line":220,"column":24},"end":{"line":225,"column":3}}]},"7":{"type":"branch","line":221,"loc":{"start":{"line":221,"column":28},"end":{"line":224,"column":5}},"locations":[{"start":{"line":221,"column":28},"end":{"line":224,"column":5}}]},"8":{"type":"branch","line":241,"loc":{"start":{"line":241,"column":19},"end":{"line":243,"column":10}},"locations":[{"start":{"line":241,"column":19},"end":{"line":243,"column":10}}]}},"b":{"0":[51],"1":[35],"2":[0],"3":[35],"4":[32],"5":[16],"6":[12],"7":[0],"8":[12]},"fnMap":{"0":{"name":"SelectComponent","decl":{"start":{"line":188,"column":0},"end":{"line":250,"column":1}},"loc":{"start":{"line":188,"column":0},"end":{"line":250,"column":1}},"line":188},"1":{"name":"closeDropdown","decl":{"start":{"line":213,"column":24},"end":{"line":215,"column":3}},"loc":{"start":{"line":213,"column":24},"end":{"line":215,"column":3}},"line":213},"2":{"name":"handleKeyDown","decl":{"start":{"line":220,"column":24},"end":{"line":225,"column":3}},"loc":{"start":{"line":220,"column":24},"end":{"line":225,"column":3}},"line":220},"3":{"name":"onKeyDown","decl":{"start":{"line":241,"column":19},"end":{"line":243,"column":10}},"loc":{"start":{"line":241,"column":19},"end":{"line":243,"column":10}},"line":241}},"f":{"0":51,"1":0,"2":12,"3":12}}
,"F:\\perso\\formation openclassroom\\dossiers exercices\\select_menu\\lib\\components\\SelectInput\\SelectInput.jsx": {"path":"F:\\perso\\formation openclassroom\\dossiers exercices\\select_menu\\lib\\components\\SelectInput\\SelectInput.jsx","all":false,"statementMap":{"0":{"start":{"line":1,"column":0},"end":{"line":1,"column":52}},"1":{"start":{"line":2,"column":0},"end":{"line":2,"column":52}},"2":{"start":{"line":3,"column":0},"end":{"line":3,"column":52}},"3":{"start":{"line":4,"column":0},"end":{"line":4,"column":56}},"4":{"start":{"line":5,"column":0},"end":{"line":5,"column":69}},"5":{"start":{"line":6,"column":0},"end":{"line":6,"column":33}},"6":{"start":{"line":7,"column":0},"end":{"line":7,"column":34}},"7":{"start":{"line":8,"column":0},"end":{"line":8,"column":45}},"14":{"start":{"line":15,"column":0},"end":{"line":15,"column":57}},"16":{"start":{"line":17,"column":0},"end":{"line":17,"column":9}},"17":{"start":{"line":18,"column":0},"end":{"line":18,"column":15}},"18":{"start":{"line":19,"column":0},"end":{"line":19,"column":17}},"19":{"start":{"line":20,"column":0},"end":{"line":20,"column":18}},"20":{"start":{"line":21,"column":0},"end":{"line":21,"column":20}},"21":{"start":{"line":22,"column":0},"end":{"line":22,"column":11}},"22":{"start":{"line":23,"column":0},"end":{"line":23,"column":17}},"23":{"start":{"line":24,"column":0},"end":{"line":24,"column":18}},"24":{"start":{"line":25,"column":0},"end":{"line":25,"column":19}},"25":{"start":{"line":26,"column":0},"end":{"line":26,"column":17}},"27":{"start":{"line":28,"column":0},"end":{"line":28,"column":9}},"28":{"start":{"line":29,"column":0},"end":{"line":29,"column":7}},"29":{"start":{"line":30,"column":0},"end":{"line":30,"column":12}},"30":{"start":{"line":31,"column":0},"end":{"line":31,"column":9}},"31":{"start":{"line":32,"column":0},"end":{"line":32,"column":18}},"32":{"start":{"line":33,"column":0},"end":{"line":33,"column":19}},"33":{"start":{"line":34,"column":0},"end":{"line":34,"column":11}},"34":{"start":{"line":35,"column":0},"end":{"line":35,"column":17}},"35":{"start":{"line":36,"column":0},"end":{"line":36,"column":17}},"36":{"start":{"line":37,"column":0},"end":{"line":37,"column":11}},"37":{"start":{"line":38,"column":0},"end":{"line":38,"column":16}},"38":{"start":{"line":39,"column":0},"end":{"line":39,"column":20}},"39":{"start":{"line":40,"column":0},"end":{"line":40,"column":19}},"40":{"start":{"line":41,"column":0},"end":{"line":41,"column":28}},"41":{"start":{"line":42,"column":0},"end":{"line":42,"column":17}},"42":{"start":{"line":43,"column":0},"end":{"line":43,"column":25}},"43":{"start":{"line":44,"column":0},"end":{"line":44,"column":27}},"44":{"start":{"line":45,"column":0},"end":{"line":45,"column":18}},"45":{"start":{"line":46,"column":0},"end":{"line":46,"column":14}},"46":{"start":{"line":47,"column":0},"end":{"line":47,"column":20}},"47":{"start":{"line":48,"column":0},"end":{"line":48,"column":21}},"48":{"start":{"line":49,"column":0},"end":{"line":49,"column":17}},"50":{"start":{"line":51,"column":0},"end":{"line":51,"column":33}},"52":{"start":{"line":53,"column":0},"end":{"line":53,"column":44}},"53":{"start":{"line":54,"column":0},"end":{"line":54,"column":20}},"54":{"start":{"line":55,"column":0},"end":{"line":55,"column":5}},"55":{"start":{"line":56,"column":0},"end":{"line":56,"column":3}},"56":{"start":{"line":57,"column":0},"end":{"line":57,"column":32}},"57":{"start":{"line":58,"column":0},"end":{"line":58,"column":45}},"58":{"start":{"line":59,"column":0},"end":{"line":59,"column":19}},"59":{"start":{"line":60,"column":0},"end":{"line":60,"column":3}},"62":{"start":{"line":63,"column":0},"end":{"line":63,"column":31}},"64":{"start":{"line":65,"column":0},"end":{"line":65,"column":79}},"65":{"start":{"line":66,"column":0},"end":{"line":66,"column":3}},"68":{"start":{"line":69,"column":0},"end":{"line":69,"column":35}},"69":{"start":{"line":70,"column":0},"end":{"line":70,"column":21}},"70":{"start":{"line":71,"column":0},"end":{"line":71,"column":3}},"71":{"start":{"line":72,"column":0},"end":{"line":72,"column":37}},"72":{"start":{"line":73,"column":0},"end":{"line":73,"column":69}},"73":{"start":{"line":74,"column":0},"end":{"line":74,"column":24}},"74":{"start":{"line":75,"column":0},"end":{"line":75,"column":23}},"75":{"start":{"line":76,"column":0},"end":{"line":76,"column":5}},"76":{"start":{"line":77,"column":0},"end":{"line":77,"column":3}},"79":{"start":{"line":80,"column":0},"end":{"line":80,"column":34}},"80":{"start":{"line":81,"column":0},"end":{"line":81,"column":20}},"81":{"start":{"line":82,"column":0},"end":{"line":82,"column":3}},"82":{"start":{"line":83,"column":0},"end":{"line":83,"column":37}},"83":{"start":{"line":84,"column":0},"end":{"line":84,"column":69}},"84":{"start":{"line":85,"column":0},"end":{"line":85,"column":24}},"85":{"start":{"line":86,"column":0},"end":{"line":86,"column":22}},"86":{"start":{"line":87,"column":0},"end":{"line":87,"column":5}},"87":{"start":{"line":88,"column":0},"end":{"line":88,"column":3}},"97":{"start":{"line":98,"column":0},"end":{"line":98,"column":19}},"98":{"start":{"line":99,"column":0},"end":{"line":99,"column":39}},"99":{"start":{"line":100,"column":0},"end":{"line":100,"column":67}},"101":{"start":{"line":102,"column":0},"end":{"line":102,"column":47}},"102":{"start":{"line":103,"column":0},"end":{"line":103,"column":30}},"103":{"start":{"line":104,"column":0},"end":{"line":104,"column":51}},"104":{"start":{"line":105,"column":0},"end":{"line":105,"column":25}},"105":{"start":{"line":106,"column":0},"end":{"line":106,"column":36}},"106":{"start":{"line":107,"column":0},"end":{"line":107,"column":25}},"107":{"start":{"line":108,"column":0},"end":{"line":108,"column":31}},"108":{"start":{"line":109,"column":0},"end":{"line":109,"column":33}},"109":{"start":{"line":110,"column":0},"end":{"line":110,"column":34}},"110":{"start":{"line":111,"column":0},"end":{"line":111,"column":33}},"111":{"start":{"line":112,"column":0},"end":{"line":112,"column":11}},"112":{"start":{"line":113,"column":0},"end":{"line":113,"column":46}},"113":{"start":{"line":114,"column":0},"end":{"line":114,"column":9}},"114":{"start":{"line":115,"column":0},"end":{"line":115,"column":7}},"115":{"start":{"line":116,"column":0},"end":{"line":116,"column":5}},"119":{"start":{"line":120,"column":0},"end":{"line":120,"column":22}},"121":{"start":{"line":122,"column":0},"end":{"line":122,"column":28}},"122":{"start":{"line":123,"column":0},"end":{"line":123,"column":19}},"123":{"start":{"line":124,"column":0},"end":{"line":124,"column":24}},"124":{"start":{"line":125,"column":0},"end":{"line":125,"column":32}},"125":{"start":{"line":126,"column":0},"end":{"line":126,"column":26}},"126":{"start":{"line":127,"column":0},"end":{"line":127,"column":66}},"127":{"start":{"line":128,"column":0},"end":{"line":128,"column":28}},"128":{"start":{"line":129,"column":0},"end":{"line":129,"column":76}},"129":{"start":{"line":130,"column":0},"end":{"line":130,"column":64}},"130":{"start":{"line":131,"column":0},"end":{"line":131,"column":3}},"132":{"start":{"line":133,"column":0},"end":{"line":133,"column":22}},"133":{"start":{"line":134,"column":0},"end":{"line":134,"column":93}},"134":{"start":{"line":135,"column":0},"end":{"line":135,"column":3}},"136":{"start":{"line":137,"column":0},"end":{"line":137,"column":26}},"137":{"start":{"line":138,"column":0},"end":{"line":138,"column":56}},"138":{"start":{"line":139,"column":0},"end":{"line":139,"column":3}},"139":{"start":{"line":140,"column":0},"end":{"line":140,"column":22}},"140":{"start":{"line":141,"column":0},"end":{"line":141,"column":120}},"141":{"start":{"line":142,"column":0},"end":{"line":142,"column":3}},"143":{"start":{"line":144,"column":0},"end":{"line":144,"column":10}},"144":{"start":{"line":145,"column":0},"end":{"line":145,"column":8}},"145":{"start":{"line":146,"column":0},"end":{"line":146,"column":17}},"146":{"start":{"line":147,"column":0},"end":{"line":147,"column":47}},"147":{"start":{"line":148,"column":0},"end":{"line":148,"column":72}},"148":{"start":{"line":149,"column":0},"end":{"line":149,"column":67}},"150":{"start":{"line":151,"column":0},"end":{"line":151,"column":30}},"151":{"start":{"line":152,"column":0},"end":{"line":152,"column":18}},"152":{"start":{"line":153,"column":0},"end":{"line":153,"column":21}},"153":{"start":{"line":154,"column":0},"end":{"line":154,"column":28}},"154":{"start":{"line":155,"column":0},"end":{"line":155,"column":29}},"155":{"start":{"line":156,"column":0},"end":{"line":156,"column":38}},"156":{"start":{"line":157,"column":0},"end":{"line":157,"column":40}},"157":{"start":{"line":158,"column":0},"end":{"line":158,"column":31}},"158":{"start":{"line":159,"column":0},"end":{"line":159,"column":23}},"159":{"start":{"line":160,"column":0},"end":{"line":160,"column":27}},"160":{"start":{"line":161,"column":0},"end":{"line":161,"column":8}},"161":{"start":{"line":162,"column":0},"end":{"line":162,"column":25}},"162":{"start":{"line":163,"column":0},"end":{"line":163,"column":29}},"163":{"start":{"line":164,"column":0},"end":{"line":164,"column":8}},"164":{"start":{"line":165,"column":0},"end":{"line":165,"column":32}},"167":{"start":{"line":168,"column":0},"end":{"line":168,"column":12}},"168":{"start":{"line":169,"column":0},"end":{"line":169,"column":15}},"169":{"start":{"line":170,"column":0},"end":{"line":170,"column":65}},"170":{"start":{"line":171,"column":0},"end":{"line":171,"column":19}},"171":{"start":{"line":172,"column":0},"end":{"line":172,"column":26}},"172":{"start":{"line":173,"column":0},"end":{"line":173,"column":25}},"173":{"start":{"line":174,"column":0},"end":{"line":174,"column":10}},"174":{"start":{"line":175,"column":0},"end":{"line":175,"column":19}},"175":{"start":{"line":176,"column":0},"end":{"line":176,"column":29}},"176":{"start":{"line":177,"column":0},"end":{"line":177,"column":26}},"177":{"start":{"line":178,"column":0},"end":{"line":178,"column":21}},"178":{"start":{"line":179,"column":0},"end":{"line":179,"column":16}},"179":{"start":{"line":180,"column":0},"end":{"line":180,"column":41}},"180":{"start":{"line":181,"column":0},"end":{"line":181,"column":8}},"181":{"start":{"line":182,"column":0},"end":{"line":182,"column":10}},"182":{"start":{"line":183,"column":0},"end":{"line":183,"column":63}},"183":{"start":{"line":184,"column":0},"end":{"line":184,"column":26}},"184":{"start":{"line":185,"column":0},"end":{"line":185,"column":40}},"186":{"start":{"line":187,"column":0},"end":{"line":187,"column":22}},"187":{"start":{"line":188,"column":0},"end":{"line":188,"column":12}},"188":{"start":{"line":189,"column":0},"end":{"line":189,"column":10}},"189":{"start":{"line":190,"column":0},"end":{"line":190,"column":19}},"190":{"start":{"line":191,"column":0},"end":{"line":191,"column":85}},"191":{"start":{"line":192,"column":0},"end":{"line":192,"column":66}},"192":{"start":{"line":193,"column":0},"end":{"line":193,"column":72}},"194":{"start":{"line":195,"column":0},"end":{"line":195,"column":30}},"195":{"start":{"line":196,"column":0},"end":{"line":196,"column":23}},"196":{"start":{"line":197,"column":0},"end":{"line":197,"column":29}},"197":{"start":{"line":198,"column":0},"end":{"line":198,"column":25}},"198":{"start":{"line":199,"column":0},"end":{"line":199,"column":20}},"199":{"start":{"line":200,"column":0},"end":{"line":200,"column":36}},"200":{"start":{"line":201,"column":0},"end":{"line":201,"column":21}},"201":{"start":{"line":202,"column":0},"end":{"line":202,"column":24}},"202":{"start":{"line":203,"column":0},"end":{"line":203,"column":28}},"203":{"start":{"line":204,"column":0},"end":{"line":204,"column":10}},"204":{"start":{"line":205,"column":0},"end":{"line":205,"column":27}},"205":{"start":{"line":206,"column":0},"end":{"line":206,"column":31}},"206":{"start":{"line":207,"column":0},"end":{"line":207,"column":10}},"207":{"start":{"line":208,"column":0},"end":{"line":208,"column":42}},"208":{"start":{"line":209,"column":0},"end":{"line":209,"column":8}},"209":{"start":{"line":210,"column":0},"end":{"line":210,"column":10}},"210":{"start":{"line":211,"column":0},"end":{"line":211,"column":19}},"211":{"start":{"line":212,"column":0},"end":{"line":212,"column":80}},"212":{"start":{"line":213,"column":0},"end":{"line":213,"column":53}},"213":{"start":{"line":214,"column":0},"end":{"line":214,"column":33}},"215":{"start":{"line":216,"column":0},"end":{"line":216,"column":26}},"216":{"start":{"line":217,"column":0},"end":{"line":217,"column":19}},"217":{"start":{"line":218,"column":0},"end":{"line":218,"column":33}},"218":{"start":{"line":219,"column":0},"end":{"line":219,"column":8}},"219":{"start":{"line":220,"column":0},"end":{"line":220,"column":10}},"221":{"start":{"line":222,"column":0},"end":{"line":222,"column":1}},"223":{"start":{"line":224,"column":0},"end":{"line":224,"column":25}},"224":{"start":{"line":225,"column":0},"end":{"line":225,"column":35}},"225":{"start":{"line":226,"column":0},"end":{"line":226,"column":1}}},"s":{"0":1,"1":1,"2":1,"3":1,"4":1,"5":1,"6":1,"7":1,"14":37,"16":37,"17":37,"18":37,"19":37,"20":37,"21":37,"22":37,"23":37,"24":37,"25":37,"27":37,"28":37,"29":37,"30":37,"31":37,"32":37,"33":37,"34":37,"35":37,"36":37,"37":37,"38":37,"39":37,"40":37,"41":37,"42":37,"43":37,"44":37,"45":37,"46":37,"47":37,"48":37,"50":37,"52":12,"53":10,"54":10,"55":12,"56":37,"57":2,"58":2,"59":2,"62":37,"64":5,"65":5,"68":37,"69":5,"70":5,"71":37,"72":8,"73":7,"74":7,"75":7,"76":8,"79":37,"80":1,"81":1,"82":37,"83":1,"84":1,"85":1,"86":1,"87":1,"97":37,"98":18,"99":0,"101":0,"102":0,"103":0,"104":0,"105":0,"106":0,"107":0,"108":0,"109":0,"110":0,"111":0,"112":0,"113":0,"114":0,"115":0,"119":37,"121":37,"122":37,"123":37,"124":37,"125":37,"126":37,"127":37,"128":37,"129":37,"130":37,"132":37,"133":37,"134":37,"136":37,"137":37,"138":37,"139":37,"140":37,"141":37,"143":37,"144":37,"145":37,"146":37,"147":37,"148":37,"150":37,"151":37,"152":37,"153":37,"154":37,"155":37,"156":37,"157":37,"158":37,"159":5,"160":5,"161":37,"162":8,"163":8,"164":37,"167":37,"168":37,"169":37,"170":37,"171":37,"172":5,"173":5,"174":37,"175":37,"176":37,"177":37,"178":37,"179":37,"180":37,"181":37,"182":37,"183":37,"184":37,"186":37,"187":37,"188":37,"189":37,"190":37,"191":37,"192":37,"194":37,"195":37,"196":37,"197":37,"198":37,"199":37,"200":37,"201":37,"202":1,"203":1,"204":37,"205":1,"206":1,"207":37,"208":37,"209":37,"210":37,"211":37,"212":37,"213":37,"215":37,"216":37,"217":37,"218":37,"219":37,"221":37,"223":1,"224":1,"225":1},"branchMap":{"0":{"type":"branch","line":15,"loc":{"start":{"line":15,"column":0},"end":{"line":222,"column":1}},"locations":[{"start":{"line":15,"column":0},"end":{"line":222,"column":1}}]},"1":{"type":"branch","line":127,"loc":{"start":{"line":127,"column":18},"end":{"line":127,"column":53}},"locations":[{"start":{"line":127,"column":18},"end":{"line":127,"column":53}}]},"2":{"type":"branch","line":127,"loc":{"start":{"line":127,"column":27},"end":{"line":127,"column":66}},"locations":[{"start":{"line":127,"column":27},"end":{"line":127,"column":66}}]},"3":{"type":"branch","line":129,"loc":{"start":{"line":129,"column":15},"end":{"line":129,"column":66}},"locations":[{"start":{"line":129,"column":15},"end":{"line":129,"column":66}}]},"4":{"type":"branch","line":130,"loc":{"start":{"line":130,"column":33},"end":{"line":130,"column":51}},"locations":[{"start":{"line":130,"column":33},"end":{"line":130,"column":51}}]},"5":{"type":"branch","line":130,"loc":{"start":{"line":130,"column":42},"end":{"line":130,"column":57}},"locations":[{"start":{"line":130,"column":42},"end":{"line":130,"column":57}}]},"6":{"type":"branch","line":148,"loc":{"start":{"line":148,"column":26},"end":{"line":148,"column":67}},"locations":[{"start":{"line":148,"column":26},"end":{"line":148,"column":67}}]},"7":{"type":"branch","line":149,"loc":{"start":{"line":149,"column":26},"end":{"line":149,"column":64}},"locations":[{"start":{"line":149,"column":26},"end":{"line":149,"column":64}}]},"8":{"type":"branch","line":149,"loc":{"start":{"line":149,"column":31},"end":{"line":149,"column":67}},"locations":[{"start":{"line":149,"column":31},"end":{"line":149,"column":67}}]},"9":{"type":"branch","line":192,"loc":{"start":{"line":192,"column":28},"end":{"line":192,"column":61}},"locations":[{"start":{"line":192,"column":28},"end":{"line":192,"column":61}}]},"10":{"type":"branch","line":192,"loc":{"start":{"line":192,"column":55},"end":{"line":192,"column":66}},"locations":[{"start":{"line":192,"column":55},"end":{"line":192,"column":66}}]},"11":{"type":"branch","line":193,"loc":{"start":{"line":193,"column":28},"end":{"line":193,"column":69}},"locations":[{"start":{"line":193,"column":28},"end":{"line":193,"column":69}}]},"12":{"type":"branch","line":213,"loc":{"start":{"line":213,"column":11},"end":{"line":213,"column":53}},"locations":[{"start":{"line":213,"column":11},"end":{"line":213,"column":53}}]},"13":{"type":"branch","line":214,"loc":{"start":{"line":214,"column":11},"end":{"line":214,"column":33}},"locations":[{"start":{"line":214,"column":11},"end":{"line":214,"column":33}}]},"14":{"type":"branch","line":51,"loc":{"start":{"line":51,"column":25},"end":{"line":56,"column":3}},"locations":[{"start":{"line":51,"column":25},"end":{"line":56,"column":3}}]},"15":{"type":"branch","line":53,"loc":{"start":{"line":53,"column":43},"end":{"line":55,"column":5}},"locations":[{"start":{"line":53,"column":43},"end":{"line":55,"column":5}}]},"16":{"type":"branch","line":57,"loc":{"start":{"line":57,"column":25},"end":{"line":60,"column":3}},"locations":[{"start":{"line":57,"column":25},"end":{"line":60,"column":3}}]},"17":{"type":"branch","line":63,"loc":{"start":{"line":63,"column":23},"end":{"line":66,"column":3}},"locations":[{"start":{"line":63,"column":23},"end":{"line":66,"column":3}}]},"18":{"type":"branch","line":65,"loc":{"start":{"line":65,"column":22},"end":{"line":65,"column":61}},"locations":[{"start":{"line":65,"column":22},"end":{"line":65,"column":61}}]},"19":{"type":"branch","line":69,"loc":{"start":{"line":69,"column":27},"end":{"line":71,"column":3}},"locations":[{"start":{"line":69,"column":27},"end":{"line":71,"column":3}}]},"20":{"type":"branch","line":72,"loc":{"start":{"line":72,"column":29},"end":{"line":77,"column":3}},"locations":[{"start":{"line":72,"column":29},"end":{"line":77,"column":3}}]},"21":{"type":"branch","line":73,"loc":{"start":{"line":73,"column":18},"end":{"line":73,"column":49}},"locations":[{"start":{"line":73,"column":18},"end":{"line":73,"column":49}}]},"22":{"type":"branch","line":73,"loc":{"start":{"line":73,"column":35},"end":{"line":73,"column":68}},"locations":[{"start":{"line":73,"column":35},"end":{"line":73,"column":68}}]},"23":{"type":"branch","line":73,"loc":{"start":{"line":73,"column":68},"end":{"line":76,"column":5}},"locations":[{"start":{"line":73,"column":68},"end":{"line":76,"column":5}}]},"24":{"type":"branch","line":80,"loc":{"start":{"line":80,"column":27},"end":{"line":82,"column":3}},"locations":[{"start":{"line":80,"column":27},"end":{"line":82,"column":3}}]},"25":{"type":"branch","line":83,"loc":{"start":{"line":83,"column":29},"end":{"line":88,"column":3}},"locations":[{"start":{"line":83,"column":29},"end":{"line":88,"column":3}}]},"26":{"type":"branch","line":98,"loc":{"start":{"line":98,"column":12},"end":{"line":120,"column":5}},"locations":[{"start":{"line":98,"column":12},"end":{"line":120,"column":5}}]},"27":{"type":"branch","line":99,"loc":{"start":{"line":99,"column":38},"end":{"line":116,"column":5}},"locations":[{"start":{"line":99,"column":38},"end":{"line":116,"column":5}}]},"28":{"type":"branch","line":159,"loc":{"start":{"line":159,"column":15},"end":{"line":161,"column":8}},"locations":[{"start":{"line":159,"column":15},"end":{"line":161,"column":8}}]},"29":{"type":"branch","line":162,"loc":{"start":{"line":162,"column":17},"end":{"line":164,"column":8}},"locations":[{"start":{"line":162,"column":17},"end":{"line":164,"column":8}}]},"30":{"type":"branch","line":172,"loc":{"start":{"line":172,"column":18},"end":{"line":174,"column":10}},"locations":[{"start":{"line":172,"column":18},"end":{"line":174,"column":10}}]},"31":{"type":"branch","line":202,"loc":{"start":{"line":202,"column":17},"end":{"line":204,"column":10}},"locations":[{"start":{"line":202,"column":17},"end":{"line":204,"column":10}}]},"32":{"type":"branch","line":205,"loc":{"start":{"line":205,"column":19},"end":{"line":207,"column":10}},"locations":[{"start":{"line":205,"column":19},"end":{"line":207,"column":10}}]}},"b":{"0":[37],"1":[10],"2":[27],"3":[0],"4":[0],"5":[0],"6":[0],"7":[9],"8":[28],"9":[9],"10":[28],"11":[0],"12":[10],"13":[10],"14":[12],"15":[10],"16":[2],"17":[5],"18":[0],"19":[5],"20":[8],"21":[7],"22":[7],"23":[7],"24":[1],"25":[1],"26":[18],"27":[0],"28":[5],"29":[8],"30":[5],"31":[1],"32":[1]},"fnMap":{"0":{"name":"SelectInput","decl":{"start":{"line":15,"column":0},"end":{"line":222,"column":1}},"loc":{"start":{"line":15,"column":0},"end":{"line":222,"column":1}},"line":15},"1":{"name":"toggleDropdown","decl":{"start":{"line":51,"column":25},"end":{"line":56,"column":3}},"loc":{"start":{"line":51,"column":25},"end":{"line":56,"column":3}},"line":51},"2":{"name":"clearSelection","decl":{"start":{"line":57,"column":25},"end":{"line":60,"column":3}},"loc":{"start":{"line":57,"column":25},"end":{"line":60,"column":3}},"line":57},"3":{"name":"handleChange","decl":{"start":{"line":63,"column":23},"end":{"line":66,"column":3}},"loc":{"start":{"line":63,"column":23},"end":{"line":66,"column":3}},"line":63},"4":{"name":"handleInputClick","decl":{"start":{"line":69,"column":27},"end":{"line":71,"column":3}},"loc":{"start":{"line":69,"column":27},"end":{"line":71,"column":3}},"line":69},"5":{"name":"handleInputKeyDown","decl":{"start":{"line":72,"column":29},"end":{"line":77,"column":3}},"loc":{"start":{"line":72,"column":29},"end":{"line":77,"column":3}},"line":72},"6":{"name":"handleClearClick","decl":{"start":{"line":80,"column":27},"end":{"line":82,"column":3}},"loc":{"start":{"line":80,"column":27},"end":{"line":82,"column":3}},"line":80},"7":{"name":"handleClearKeyDown","decl":{"start":{"line":83,"column":29},"end":{"line":88,"column":3}},"loc":{"start":{"line":83,"column":29},"end":{"line":88,"column":3}},"line":83},"8":{"name":"onClick","decl":{"start":{"line":159,"column":15},"end":{"line":161,"column":8}},"loc":{"start":{"line":159,"column":15},"end":{"line":161,"column":8}},"line":159},"9":{"name":"onKeyDown","decl":{"start":{"line":162,"column":17},"end":{"line":164,"column":8}},"loc":{"start":{"line":162,"column":17},"end":{"line":164,"column":8}},"line":162},"10":{"name":"onChange","decl":{"start":{"line":172,"column":18},"end":{"line":174,"column":10}},"loc":{"start":{"line":172,"column":18},"end":{"line":174,"column":10}},"line":172},"11":{"name":"onClick","decl":{"start":{"line":202,"column":17},"end":{"line":204,"column":10}},"loc":{"start":{"line":202,"column":17},"end":{"line":204,"column":10}},"line":202},"12":{"name":"onKeyDown","decl":{"start":{"line":205,"column":19},"end":{"line":207,"column":10}},"loc":{"start":{"line":205,"column":19},"end":{"line":207,"column":10}},"line":205}},"f":{"0":37,"1":12,"2":2,"3":5,"4":5,"5":8,"6":1,"7":1,"8":5,"9":8,"10":5,"11":1,"12":1}}
,"F:\\perso\\formation openclassroom\\dossiers exercices\\select_menu\\lib\\context\\activeOptionContext.js": {"path":"F:\\perso\\formation openclassroom\\dossiers exercices\\select_menu\\lib\\context\\activeOptionContext.js","all":false,"statementMap":{"0":{"start":{"line":1,"column":0},"end":{"line":1,"column":60}},"1":{"start":{"line":2,"column":0},"end":{"line":2,"column":0}},"2":{"start":{"line":3,"column":0},"end":{"line":3,"column":3}},"3":{"start":{"line":4,"column":0},"end":{"line":4,"column":28}},"4":{"start":{"line":5,"column":0},"end":{"line":5,"column":3}},"5":{"start":{"line":6,"column":0},"end":{"line":6,"column":50}},"6":{"start":{"line":7,"column":0},"end":{"line":7,"column":23}},"7":{"start":{"line":8,"column":0},"end":{"line":8,"column":36}},"8":{"start":{"line":9,"column":0},"end":{"line":9,"column":2}}},"s":{"0":1,"1":1,"2":1,"3":1,"4":1,"5":1,"6":1,"7":1,"8":1},"branchMap":{},"b":{},"fnMap":{"0":{"name":"defineActiveOptionIndex","decl":{"start":{"line":8,"column":27},"end":{"line":8,"column":35}},"loc":{"start":{"line":8,"column":27},"end":{"line":8,"column":35}},"line":8}},"f":{"0":0}}
,"F:\\perso\\formation openclassroom\\dossiers exercices\\select_menu\\lib\\context\\configContext.js": {"path":"F:\\perso\\formation openclassroom\\dossiers exercices\\select_menu\\lib\\context\\configContext.js","all":false,"statementMap":{"0":{"start":{"line":1,"column":0},"end":{"line":1,"column":60}},"1":{"start":{"line":2,"column":0},"end":{"line":2,"column":65}},"2":{"start":{"line":3,"column":0},"end":{"line":3,"column":0}},"3":{"start":{"line":4,"column":0},"end":{"line":4,"column":3}},"4":{"start":{"line":5,"column":0},"end":{"line":5,"column":33}},"5":{"start":{"line":6,"column":0},"end":{"line":6,"column":3}},"6":{"start":{"line":7,"column":0},"end":{"line":7,"column":44}},"7":{"start":{"line":8,"column":0},"end":{"line":8,"column":24}},"8":{"start":{"line":9,"column":0},"end":{"line":9,"column":25}},"9":{"start":{"line":10,"column":0},"end":{"line":10,"column":2}}},"s":{"0":1,"1":1,"2":1,"3":1,"4":1,"5":1,"6":1,"7":1,"8":1,"9":1},"branchMap":{},"b":{},"fnMap":{"0":{"name":"defineConfig","decl":{"start":{"line":9,"column":16},"end":{"line":9,"column":24}},"loc":{"start":{"line":9,"column":16},"end":{"line":9,"column":24}},"line":9}},"f":{"0":0}}
,"F:\\perso\\formation openclassroom\\dossiers exercices\\select_menu\\lib\\context\\selectContext.js": {"path":"F:\\perso\\formation openclassroom\\dossiers exercices\\select_menu\\lib\\context\\selectContext.js","all":false,"statementMap":{"0":{"start":{"line":1,"column":0},"end":{"line":1,"column":60}},"1":{"start":{"line":2,"column":0},"end":{"line":2,"column":0}},"2":{"start":{"line":3,"column":0},"end":{"line":3,"column":3}},"3":{"start":{"line":4,"column":0},"end":{"line":4,"column":57}},"4":{"start":{"line":5,"column":0},"end":{"line":5,"column":3}},"5":{"start":{"line":6,"column":0},"end":{"line":6,"column":44}},"6":{"start":{"line":7,"column":0},"end":{"line":7,"column":13}},"7":{"start":{"line":8,"column":0},"end":{"line":8,"column":11}},"8":{"start":{"line":9,"column":0},"end":{"line":9,"column":13}},"9":{"start":{"line":10,"column":0},"end":{"line":10,"column":14}},"10":{"start":{"line":11,"column":0},"end":{"line":11,"column":14}},"11":{"start":{"line":12,"column":0},"end":{"line":12,"column":23}},"12":{"start":{"line":13,"column":0},"end":{"line":13,"column":20}},"13":{"start":{"line":14,"column":0},"end":{"line":14,"column":11}},"14":{"start":{"line":15,"column":0},"end":{"line":15,"column":13}},"15":{"start":{"line":16,"column":0},"end":{"line":16,"column":14}},"16":{"start":{"line":17,"column":0},"end":{"line":17,"column":14}},"17":{"start":{"line":18,"column":0},"end":{"line":18,"column":31}},"18":{"start":{"line":19,"column":0},"end":{"line":19,"column":36}},"19":{"start":{"line":20,"column":0},"end":{"line":20,"column":26}},"20":{"start":{"line":21,"column":0},"end":{"line":21,"column":27}},"21":{"start":{"line":22,"column":0},"end":{"line":22,"column":34}},"22":{"start":{"line":23,"column":0},"end":{"line":23,"column":25}},"23":{"start":{"line":24,"column":0},"end":{"line":24,"column":2}}},"s":{"0":1,"1":1,"2":1,"3":1,"4":1,"5":1,"6":1,"7":1,"8":1,"9":1,"10":1,"11":1,"12":1,"13":1,"14":1,"15":1,"16":1,"17":1,"18":1,"19":1,"20":1,"21":1,"22":1,"23":1},"branchMap":{},"b":{},"fnMap":{"0":{"name":"clearSelected","decl":{"start":{"line":20,"column":17},"end":{"line":20,"column":25}},"loc":{"start":{"line":20,"column":17},"end":{"line":20,"column":25}},"line":20},"1":{"name":"defineSelected","decl":{"start":{"line":21,"column":18},"end":{"line":21,"column":26}},"loc":{"start":{"line":21,"column":18},"end":{"line":21,"column":26}},"line":21},"2":{"name":"defineDefaultSelected","decl":{"start":{"line":22,"column":25},"end":{"line":22,"column":33}},"loc":{"start":{"line":22,"column":25},"end":{"line":22,"column":33}},"line":22},"3":{"name":"toggleIsOpen","decl":{"start":{"line":23,"column":16},"end":{"line":23,"column":24}},"loc":{"start":{"line":23,"column":16},"end":{"line":23,"column":24}},"line":23}},"f":{"0":0,"1":0,"2":0,"3":0}}
[...]
lumn":4},"end":{"line":36,"column":43}},"locations":[{"start":{"line":36,"column":4},"end":{"line":36,"column":43}}]},"17":{"type":"branch","line":39,"loc":{"start":{"line":39,"column":33},"end":{"line":41,"column":1}},"locations":[{"start":{"line":39,"column":33},"end":{"line":41,"column":1}}]},"18":{"type":"branch","line":40,"loc":{"start":{"line":40,"column":49},"end":{"line":40,"column":57}},"locations":[{"start":{"line":40,"column":49},"end":{"line":40,"column":57}}]},"19":{"type":"branch","line":43,"loc":{"start":{"line":43,"column":31},"end":{"line":52,"column":1}},"locations":[{"start":{"line":43,"column":31},"end":{"line":52,"column":1}}]},"20":{"type":"branch","line":45,"loc":{"start":{"line":45,"column":4},"end":{"line":46,"column":37}},"locations":[{"start":{"line":45,"column":4},"end":{"line":46,"column":37}}]},"21":{"type":"branch","line":49,"loc":{"start":{"line":49,"column":4},"end":{"line":50,"column":41}},"locations":[{"start":{"line":49,"column":4},"end":{"line":50,"column":41}}]},"22":{"type":"branch","line":54,"loc":{"start":{"line":54,"column":43},"end":{"line":64,"column":1}},"locations":[{"start":{"line":54,"column":43},"end":{"line":64,"column":1}}]},"23":{"type":"branch","line":56,"loc":{"start":{"line":56,"column":16},"end":{"line":61,"column":3}},"locations":[{"start":{"line":56,"column":16},"end":{"line":61,"column":3}}]}},"b":{"0":[16],"1":[3],"2":[13],"3":[16],"4":[0],"5":[16],"6":[0],"7":[16],"8":[0],"9":[0],"10":[16],"11":[0],"12":[16],"13":[0],"14":[16],"15":[0],"16":[0],"17":[16],"18":[0],"19":[16],"20":[0],"21":[0],"22":[16],"23":[0]},"fnMap":{"0":{"name":"setId","decl":{"start":{"line":3,"column":21},"end":{"line":5,"column":1}},"loc":{"start":{"line":3,"column":21},"end":{"line":5,"column":1}},"line":3},"1":{"name":"setValues","decl":{"start":{"line":7,"column":25},"end":{"line":9,"column":1}},"loc":{"start":{"line":7,"column":25},"end":{"line":9,"column":1}},"line":7},"2":{"name":"setOptGroup","decl":{"start":{"line":11,"column":27},"end":{"line":13,"column":1}},"loc":{"start":{"line":11,"column":27},"end":{"line":13,"column":1}},"line":11},"3":{"name":"setInputBorderRadiusOpened","decl":{"start":{"line":15,"column":42},"end":{"line":21,"column":1}},"loc":{"start":{"line":15,"column":42},"end":{"line":21,"column":1}},"line":15},"4":{"name":"setDropdownBorderTop","decl":{"start":{"line":23,"column":36},"end":{"line":25,"column":1}},"loc":{"start":{"line":23,"column":36},"end":{"line":25,"column":1}},"line":23},"5":{"name":"setDropdownBorderBottom","decl":{"start":{"line":27,"column":39},"end":{"line":29,"column":1}},"loc":{"start":{"line":27,"column":39},"end":{"line":29,"column":1}},"line":27},"6":{"name":"setDropdownBorderRadius","decl":{"start":{"line":31,"column":39},"end":{"line":37,"column":1}},"loc":{"start":{"line":31,"column":39},"end":{"line":37,"column":1}},"line":31},"7":{"name":"setDropdownBottom","decl":{"start":{"line":39,"column":33},"end":{"line":41,"column":1}},"loc":{"start":{"line":39,"column":33},"end":{"line":41,"column":1}},"line":39},"8":{"name":"setClassOnFocus","decl":{"start":{"line":43,"column":31},"end":{"line":52,"column":1}},"loc":{"start":{"line":43,"column":31},"end":{"line":52,"column":1}},"line":43},"9":{"name":"setLastFocusableOptionIndex","decl":{"start":{"line":54,"column":43},"end":{"line":64,"column":1}},"loc":{"start":{"line":54,"column":43},"end":{"line":64,"column":1}},"line":54}},"f":{"0":16,"1":16,"2":16,"3":16,"4":16,"5":16,"6":16,"7":16,"8":16,"9":16}}
,"F:\\perso\\formation openclassroom\\dossiers exercices\\select_menu\\lib\\context\\default\\defaultConfig.js": {"path":"F:\\perso\\formation openclassroom\\dossiers exercices\\select_menu\\lib\\context\\default\\defaultConfig.js","all":false,"statementMap":{"0":{"start":{"line":1,"column":0},"end":{"line":1,"column":34}},"1":{"start":{"line":2,"column":0},"end":{"line":2,"column":0}},"2":{"start":{"line":3,"column":0},"end":{"line":3,"column":23}},"3":{"start":{"line":4,"column":0},"end":{"line":4,"column":15}},"4":{"start":{"line":5,"column":0},"end":{"line":5,"column":17}},"5":{"start":{"line":6,"column":0},"end":{"line":6,"column":81}},"6":{"start":{"line":7,"column":0},"end":{"line":7,"column":42}},"7":{"start":{"line":8,"column":0},"end":{"line":8,"column":66}},"8":{"start":{"line":9,"column":0},"end":{"line":9,"column":34}},"9":{"start":{"line":10,"column":0},"end":{"line":10,"column":4}},"10":{"start":{"line":11,"column":0},"end":{"line":11,"column":83}},"11":{"start":{"line":12,"column":0},"end":{"line":12,"column":7}},"12":{"start":{"line":13,"column":0},"end":{"line":13,"column":45}},"13":{"start":{"line":14,"column":0},"end":{"line":14,"column":18}},"14":{"start":{"line":15,"column":0},"end":{"line":15,"column":83}},"15":{"start":{"line":16,"column":0},"end":{"line":16,"column":4}},"16":{"start":{"line":17,"column":0},"end":{"line":17,"column":49}},"17":{"start":{"line":18,"column":0},"end":{"line":18,"column":80}},"18":{"start":{"line":19,"column":0},"end":{"line":19,"column":80}},"19":{"start":{"line":20,"column":0},"end":{"line":20,"column":4}},"20":{"start":{"line":21,"column":0},"end":{"line":21,"column":83}},"21":{"start":{"line":22,"column":0},"end":{"line":22,"column":7}},"22":{"start":{"line":23,"column":0},"end":{"line":23,"column":30}},"23":{"start":{"line":24,"column":0},"end":{"line":24,"column":35}},"24":{"start":{"line":25,"column":0},"end":{"line":25,"column":28}},"25":{"start":{"line":26,"column":0},"end":{"line":26,"column":24}},"26":{"start":{"line":27,"column":0},"end":{"line":27,"column":83}},"27":{"start":{"line":28,"column":0},"end":{"line":28,"column":4}},"28":{"start":{"line":29,"column":0},"end":{"line":29,"column":24}},"29":{"start":{"line":30,"column":0},"end":{"line":30,"column":36}},"30":{"start":{"line":31,"column":0},"end":{"line":31,"column":59}},"31":{"start":{"line":32,"column":0},"end":{"line":32,"column":61}},"32":{"start":{"line":33,"column":0},"end":{"line":33,"column":109}},"33":{"start":{"line":34,"column":0},"end":{"line":34,"column":74}},"34":{"start":{"line":35,"column":0},"end":{"line":35,"column":74}},"35":{"start":{"line":36,"column":0},"end":{"line":36,"column":77}},"36":{"start":{"line":37,"column":0},"end":{"line":37,"column":84}},"37":{"start":{"line":38,"column":0},"end":{"line":38,"column":96}},"38":{"start":{"line":39,"column":0},"end":{"line":39,"column":22}},"39":{"start":{"line":40,"column":0},"end":{"line":40,"column":22}},"40":{"start":{"line":41,"column":0},"end":{"line":41,"column":20}},"41":{"start":{"line":42,"column":0},"end":{"line":42,"column":92}},"42":{"start":{"line":43,"column":0},"end":{"line":43,"column":81}},"43":{"start":{"line":44,"column":0},"end":{"line":44,"column":23}},"44":{"start":{"line":45,"column":0},"end":{"line":45,"column":109}},"45":{"start":{"line":46,"column":0},"end":{"line":46,"column":128}},"46":{"start":{"line":47,"column":0},"end":{"line":47,"column":131}},"47":{"start":{"line":48,"column":0},"end":{"line":48,"column":62}},"48":{"start":{"line":49,"column":0},"end":{"line":49,"column":17}},"49":{"start":{"line":50,"column":0},"end":{"line":50,"column":23}},"50":{"start":{"line":51,"column":0},"end":{"line":51,"column":29}},"51":{"start":{"line":52,"column":0},"end":{"line":52,"column":28}},"52":{"start":{"line":53,"column":0},"end":{"line":53,"column":73}},"53":{"start":{"line":54,"column":0},"end":{"line":54,"column":30}},"54":{"start":{"line":55,"column":0},"end":{"line":55,"column":33}},"55":{"start":{"line":56,"column":0},"end":{"line":56,"column":24}},"56":{"start":{"line":57,"column":0},"end":{"line":57,"column":13}},"57":{"start":{"line":58,"column":0},"end":{"line":58,"column":30}},"58":{"start":{"line":59,"column":0},"end":{"line":59,"column":68}},"59":{"start":{"line":60,"column":0},"end":{"line":60,"column":87}},"60":{"start":{"line":61,"column":0},"end":{"line":61,"column":81}},"61":{"start":{"line":62,"column":0},"end":{"line":62,"column":29}},"62":{"start":{"line":63,"column":0},"end":{"line":63,"column":33}},"63":{"start":{"line":64,"column":0},"end":{"line":64,"column":29}},"64":{"start":{"line":65,"column":0},"end":{"line":65,"column":69}},"65":{"start":{"line":66,"column":0},"end":{"line":66,"column":12}},"66":{"start":{"line":67,"column":0},"end":{"line":67,"column":29}},"67":{"start":{"line":68,"column":0},"end":{"line":68,"column":37}},"68":{"start":{"line":69,"column":0},"end":{"line":69,"column":34}},"69":{"start":{"line":70,"column":0},"end":{"line":70,"column":31}},"70":{"start":{"line":71,"column":0},"end":{"line":71,"column":34}},"71":{"start":{"line":72,"column":0},"end":{"line":72,"column":25}},"72":{"start":{"line":73,"column":0},"end":{"line":73,"column":20}},"73":{"start":{"line":74,"column":0},"end":{"line":74,"column":36}},"74":{"start":{"line":75,"column":0},"end":{"line":75,"column":32}},"75":{"start":{"line":76,"column":0},"end":{"line":76,"column":33}},"76":{"start":{"line":77,"column":0},"end":{"line":77,"column":36}},"77":{"start":{"line":78,"column":0},"end":{"line":78,"column":27}},"78":{"start":{"line":79,"column":0},"end":{"line":79,"column":1}},"79":{"start":{"line":80,"column":0},"end":{"line":80,"column":0}},"80":{"start":{"line":81,"column":0},"end":{"line":81,"column":28}}},"s":{"0":1,"1":1,"2":1,"3":1,"4":1,"5":1,"6":1,"7":1,"8":1,"9":1,"10":1,"11":1,"12":1,"13":1,"14":1,"15":1,"16":1,"17":1,"18":1,"19":1,"20":1,"21":1,"22":1,"23":1,"24":1,"25":1,"26":1,"27":1,"28":1,"29":1,"30":1,"31":1,"32":1,"33":1,"34":1,"35":1,"36":1,"37":1,"38":1,"39":1,"40":1,"41":1,"42":1,"43":1,"44":1,"45":1,"46":1,"47":1,"48":1,"49":1,"50":1,"51":1,"52":1,"53":1,"54":1,"55":1,"56":1,"57":1,"58":1,"59":1,"60":1,"61":1,"62":1,"63":1,"64":1,"65":1,"66":1,"67":1,"68":1,"69":1,"70":1,"71":1,"72":1,"73":1,"74":1,"75":1,"76":1,"77":1,"78":1,"79":1,"80":1},"branchMap":{},"b":{},"fnMap":{},"f":{}}
,"F:\\perso\\formation openclassroom\\dossiers exercices\\select_menu\\lib\\context\\hook\\useActiveOption.js": {"path":"F:\\perso\\formation openclassroom\\dossiers exercices\\select_menu\\lib\\context\\hook\\useActiveOption.js","all":false,"statementMap":{"0":{"start":{"line":1,"column":0},"end":{"line":1,"column":57}},"1":{"start":{"line":2,"column":0},"end":{"line":2,"column":73}},"2":{"start":{"line":3,"column":0},"end":{"line":3,"column":0}},"3":{"start":{"line":4,"column":0},"end":{"line":4,"column":43}},"4":{"start":{"line":5,"column":0},"end":{"line":5,"column":40}},"5":{"start":{"line":6,"column":0},"end":{"line":6,"column":1}}},"s":{"0":1,"1":1,"2":1,"3":1,"4":312,"5":312},"branchMap":{"0":{"type":"branch","line":4,"loc":{"start":{"line":4,"column":15},"end":{"line":6,"column":1}},"locations":[{"start":{"line":4,"column":15},"end":{"line":6,"column":1}}]}},"b":{"0":[312]},"fnMap":{"0":{"name":"useActiveOption","decl":{"start":{"line":4,"column":15},"end":{"line":6,"column":1}},"loc":{"start":{"line":4,"column":15},"end":{"line":6,"column":1}},"line":4}},"f":{"0":312}}
,"F:\\perso\\formation openclassroom\\dossiers exercices\\select_menu\\lib\\context\\hook\\useConfig.js": {"path":"F:\\perso\\formation openclassroom\\dossiers exercices\\select_menu\\lib\\context\\hook\\useConfig.js","all":false,"statementMap":{"0":{"start":{"line":1,"column":0},"end":{"line":1,"column":57}},"1":{"start":{"line":2,"column":0},"end":{"line":2,"column":61}},"2":{"start":{"line":3,"column":0},"end":{"line":3,"column":0}},"3":{"start":{"line":4,"column":0},"end":{"line":4,"column":37}},"4":{"start":{"line":5,"column":0},"end":{"line":5,"column":60}},"5":{"start":{"line":6,"column":0},"end":{"line":6,"column":36}},"6":{"start":{"line":7,"column":0},"end":{"line":7,"column":1}}},"s":{"0":1,"1":1,"2":1,"3":1,"4":448,"5":448,"6":448},"branchMap":{"0":{"type":"branch","line":4,"loc":{"start":{"line":4,"column":15},"end":{"line":7,"column":1}},"locations":[{"start":{"line":4,"column":15},"end":{"line":7,"column":1}}]}},"b":{"0":[448]},"fnMap":{"0":{"name":"useConfig","decl":{"start":{"line":4,"column":15},"end":{"line":7,"column":1}},"loc":{"start":{"line":4,"column":15},"end":{"line":7,"column":1}},"line":4}},"f":{"0":448}}
,"F:\\perso\\formation openclassroom\\dossiers exercices\\select_menu\\lib\\context\\hook\\useSelect.js": {"path":"F:\\perso\\formation openclassroom\\dossiers exercices\\select_menu\\lib\\context\\hook\\useSelect.js","all":false,"statementMap":{"0":{"start":{"line":1,"column":0},"end":{"line":1,"column":57}},"1":{"start":{"line":2,"column":0},"end":{"line":2,"column":61}},"2":{"start":{"line":3,"column":0},"end":{"line":3,"column":0}},"3":{"start":{"line":4,"column":0},"end":{"line":4,"column":37}},"4":{"start":{"line":5,"column":0},"end":{"line":5,"column":9}},"5":{"start":{"line":6,"column":0},"end":{"line":6,"column":13}},"6":{"start":{"line":7,"column":0},"end":{"line":7,"column":20}},"7":{"start":{"line":8,"column":0},"end":{"line":8,"column":11}},"8":{"start":{"line":9,"column":0},"end":{"line":9,"column":19}},"9":{"start":{"line":10,"column":0},"end":{"line":10,"column":26}},"10":{"start":{"line":11,"column":0},"end":{"line":11,"column":18}},"11":{"start":{"line":12,"column":0},"end":{"line":12,"column":17}},"12":{"start":{"line":13,"column":0},"end":{"line":13,"column":31}},"13":{"start":{"line":14,"column":0},"end":{"line":14,"column":0}},"14":{"start":{"line":15,"column":0},"end":{"line":15,"column":10}},"15":{"start":{"line":16,"column":0},"end":{"line":16,"column":28}},"16":{"start":{"line":17,"column":0},"end":{"line":17,"column":32}},"17":{"start":{"line":18,"column":0},"end":{"line":18,"column":34}},"18":{"start":{"line":19,"column":0},"end":{"line":19,"column":34}},"19":{"start":{"line":20,"column":0},"end":{"line":20,"column":11}},"20":{"start":{"line":21,"column":0},"end":{"line":21,"column":20}},"21":{"start":{"line":22,"column":0},"end":{"line":22,"column":19}},"22":{"start":{"line":23,"column":0},"end":{"line":23,"column":26}},"23":{"start":{"line":24,"column":0},"end":{"line":24,"column":18}},"24":{"start":{"line":25,"column":0},"end":{"line":25,"column":17}},"25":{"start":{"line":26,"column":0},"end":{"line":26,"column":3}},"26":{"start":{"line":27,"column":0},"end":{"line":27,"column":1}}},"s":{"0":1,"1":1,"2":1,"3":1,"4":439,"5":439,"6":439,"7":439,"8":439,"9":439,"10":439,"11":439,"12":439,"13":439,"14":439,"15":439,"16":439,"17":439,"18":439,"19":439,"20":439,"21":439,"22":439,"23":439,"24":439,"25":439,"26":439},"branchMap":{"0":{"type":"branch","line":4,"loc":{"start":{"line":4,"column":15},"end":{"line":27,"column":1}},"locations":[{"start":{"line":4,"column":15},"end":{"line":27,"column":1}}]}},"b":{"0":[439]},"fnMap":{"0":{"name":"useSelect","decl":{"start":{"line":4,"column":15},"end":{"line":27,"column":1}},"loc":{"start":{"line":4,"column":15},"end":{"line":27,"column":1}},"line":4}},"f":{"0":439}}
,"F:\\perso\\formation openclassroom\\dossiers exercices\\select_menu\\lib\\hooks\\useOnClickOutside.js": {"path":"F:\\perso\\formation openclassroom\\dossiers exercices\\select_menu\\lib\\hooks\\useOnClickOutside.js","all":false,"statementMap":{"0":{"start":{"line":1,"column":0},"end":{"line":1,"column":56}},"1":{"start":{"line":2,"column":0},"end":{"line":2,"column":0}},"2":{"start":{"line":3,"column":0},"end":{"line":3,"column":3}},"3":{"start":{"line":4,"column":0},"end":{"line":4,"column":68}},"4":{"start":{"line":5,"column":0},"end":{"line":5,"column":3}},"5":{"start":{"line":6,"column":0},"end":{"line":6,"column":58}},"6":{"start":{"line":7,"column":0},"end":{"line":7,"column":19}},"7":{"start":{"line":8,"column":0},"end":{"line":8,"column":7}},"8":{"start":{"line":9,"column":0},"end":{"line":9,"column":65}},"9":{"start":{"line":10,"column":0},"end":{"line":10,"column":7}},"10":{"start":{"line":11,"column":0},"end":{"line":11,"column":40}},"11":{"start":{"line":12,"column":0},"end":{"line":12,"column":63}},"12":{"start":{"line":13,"column":0},"end":{"line":13,"column":18}},"13":{"start":{"line":14,"column":0},"end":{"line":14,"column":7}},"14":{"start":{"line":15,"column":0},"end":{"line":15,"column":5}},"15":{"start":{"line":16,"column":0},"end":{"line":16,"column":30}},"16":{"start":{"line":17,"column":0},"end":{"line":17,"column":58}},"17":{"start":{"line":18,"column":0},"end":{"line":18,"column":18}},"18":{"start":{"line":19,"column":0},"end":{"line":19,"column":46}},"19":{"start":{"line":20,"column":0},"end":{"line":20,"column":63}},"20":{"start":{"line":21,"column":0},"end":{"line":21,"column":5}},"21":{"start":{"line":22,"column":0},"end":{"line":22,"column":21}},"22":{"start":{"line":23,"column":0},"end":{"line":23,"column":1}}},"s":{"0":1,"1":1,"2":1,"3":1,"4":1,"5":1,"6":51,"7":51,"8":51,"9":51,"10":51,"11":7,"12":0,"13":0,"14":7,"15":51,"16":51,"17":51,"18":51,"19":51,"20":51,"21":51,"22":51},"branchMap":{"0":{"type":"branch","line":6,"loc":{"start":{"line":6,"column":15},"end":{"line":23,"column":1}},"locations":[{"start":{"line":6,"column":15},"end":{"line":23,"column":1}}]},"1":{"type":"branch","line":7,"loc":{"start":{"line":7,"column":12},"end":{"line":22,"column":3}},"locations":[{"start":{"line":7,"column":12},"end":{"line":22,"column":3}}]},"2":{"type":"branch","line":11,"loc":{"start":{"line":11,"column":4},"end":{"line":15,"column":5}},"locations":[{"start":{"line":11,"column":4},"end":{"line":15,"column":5}}]},"3":{"type":"branch","line":12,"loc":{"start":{"line":12,"column":62},"end":{"line":14,"column":7}},"locations":[{"start":{"line":12,"column":62},"end":{"line":14,"column":7}}]},"4":{"type":"branch","line":18,"loc":{"start":{"line":18,"column":11},"end":{"line":21,"column":5}},"locations":[{"start":{"line":18,"column":11},"end":{"line":21,"column":5}}]}},"b":{"0":[51],"1":[51],"2":[7],"3":[0],"4":[51]},"fnMap":{"0":{"name":"useOnClickOutside","decl":{"start":{"line":6,"column":15},"end":{"line":23,"column":1}},"loc":{"start":{"line":6,"column":15},"end":{"line":23,"column":1}},"line":6},"1":{"name":"handleClickOutside","decl":{"start":{"line":11,"column":4},"end":{"line":15,"column":5}},"loc":{"start":{"line":11,"column":4},"end":{"line":15,"column":5}},"line":11}},"f":{"0":51,"1":7}}
,"F:\\perso\\formation openclassroom\\dossiers exercices\\select_menu\\lib\\utils\\utils.js": {"path":"F:\\perso\\formation openclassroom\\dossiers exercices\\select_menu\\lib\\utils\\utils.js","all":false,"statementMap":{"0":{"start":{"line":1,"column":0},"end":{"line":1,"column":3}},"1":{"start":{"line":2,"column":0},"end":{"line":2,"column":2}},"2":{"start":{"line":3,"column":0},"end":{"line":3,"column":57}},"3":{"start":{"line":4,"column":0},"end":{"line":4,"column":40}},"4":{"start":{"line":5,"column":0},"end":{"line":5,"column":3}},"5":{"start":{"line":6,"column":0},"end":{"line":6,"column":69}},"6":{"start":{"line":7,"column":0},"end":{"line":7,"column":56}},"7":{"start":{"line":8,"column":0},"end":{"line":8,"column":41}},"8":{"start":{"line":9,"column":0},"end":{"line":9,"column":0}},"9":{"start":{"line":10,"column":0},"end":{"line":10,"column":72}},"10":{"start":{"line":11,"column":0},"end":{"line":11,"column":0}},"11":{"start":{"line":12,"column":0},"end":{"line":12,"column":50}},"12":{"start":{"line":13,"column":0},"end":{"line":13,"column":16}},"13":{"start":{"line":14,"column":0},"end":{"line":14,"column":34}},"14":{"start":{"line":15,"column":0},"end":{"line":15,"column":3}},"15":{"start":{"line":16,"column":0},"end":{"line":16,"column":0}},"16":{"start":{"line":17,"column":0},"end":{"line":17,"column":59}},"17":{"start":{"line":18,"column":0},"end":{"line":18,"column":1}}},"s":{"0":1,"1":1,"2":1,"3":1,"4":1,"5":1,"6":5,"7":5,"8":5,"9":5,"10":5,"11":5,"12":5,"13":5,"14":5,"15":5,"16":5,"17":5},"branchMap":{"0":{"type":"branch","line":6,"loc":{"start":{"line":6,"column":7},"end":{"line":18,"column":1}},"locations":[{"start":{"line":6,"column":7},"end":{"line":18,"column":1}}]}},"b":{"0":[5]},"fnMap":{"0":{"name":"triggerOnChangeSelectedValueInput","decl":{"start":{"line":6,"column":7},"end":{"line":18,"column":1}},"loc":{"start":{"line":6,"column":7},"end":{"line":18,"column":1}},"line":6}},"f":{"0":5}}
}
