{"F:\\perso\\formation openclassroom\\dossiers exercices\\select_menu\\lib\\SelectMenu.jsx": {"path":"F:\\perso\\formation openclassroom\\dossiers exercices\\select_menu\\lib\\SelectMenu.jsx","all":false,"statementMap":{"0":{"start":{"line":1,"column":0},"end":{"line":1,"column":89}},"1":{"start":{"line":2,"column":0},"end":{"line":2,"column":89}},"2":{"start":{"line":3,"column":0},"end":{"line":3,"column":74}},"12":{"start":{"line":13,"column":0},"end":{"line":13,"column":35}},"13":{"start":{"line":14,"column":0},"end":{"line":14,"column":10}},"14":{"start":{"line":15,"column":0},"end":{"line":15,"column":27}},"15":{"start":{"line":16,"column":0},"end":{"line":16,"column":29}},"16":{"start":{"line":17,"column":0},"end":{"line":17,"column":41}},"17":{"start":{"line":18,"column":0},"end":{"line":18,"column":30}},"18":{"start":{"line":19,"column":0},"end":{"line":19,"column":28}},"20":{"start":{"line":21,"column":0},"end":{"line":21,"column":1}}},"s":{"0":1,"1":1,"2":1,"12":1,"13":16,"14":16,"15":16,"16":16,"17":16,"18":16,"20":16},"branchMap":{"0":{"type":"branch","line":13,"loc":{"start":{"line":13,"column":7},"end":{"line":21,"column":1}},"locations":[{"start":{"line":13,"column":7},"end":{"line":21,"column":1}}]}},"b":{"0":[16]},"fnMap":{"0":{"name":"SelectMenu","decl":{"start":{"line":13,"column":7},"end":{"line":21,"column":1}},"loc":{"start":{"line":13,"column":7},"end":{"line":21,"column":1}},"line":13}},"f":{"0":16}}
,"F:\\perso\\formation openclassroom\\dossiers exercices\\select_menu\\lib\\components\\Dropdown\\Dropdown.jsx": {"path":"F:\\perso\\formation openclassroom\\dossiers exercices\\select_menu\\lib\\components\\Dropdown\\Dropdown.jsx","all":false,"statementMap":{"0":{"start":{"line":1,"column":0},"end":{"line":1,"column":40}},"1":{"start":{"line":2,"column":0},"end":{"line":2,"column":46}},"2":{"start":{"line":3,"column":0},"end":{"line":3,"column":52}},"3":{"start":{"line":4,"column":0},"end":{"line":4,"column":52}},"4":{"start":{"line":5,"column":0},"end":{"line":5,"column":42}},"5":{"start":{"line":6,"column":0},"end":{"line":6,"column":111}},"13":{"start":{"line":14,"column":0},"end":{"line":14,"column":36}},"14":{"start":{"line":15,"column":0},"end":{"line":15,"column":44}},"16":{"start":{"line":17,"column":0},"end":{"line":17,"column":9}},"17":{"start":{"line":18,"column":0},"end":{"line":18,"column":7}},"18":{"start":{"line":19,"column":0},"end":{"line":19,"column":12}},"19":{"start":{"line":20,"column":0},"end":{"line":20,"column":12}},"20":{"start":{"line":21,"column":0},"end":{"line":21,"column":13}},"21":{"start":{"line":22,"column":0},"end":{"line":22,"column":13}},"22":{"start":{"line":23,"column":0},"end":{"line":23,"column":11}},"23":{"start":{"line":24,"column":0},"end":{"line":24,"column":22}},"24":{"start":{"line":25,"column":0},"end":{"line":25,"column":25}},"25":{"start":{"line":26,"column":0},"end":{"line":26,"column":23}},"26":{"start":{"line":27,"column":0},"end":{"line":27,"column":25}},"27":{"start":{"line":28,"column":0},"end":{"line":28,"column":22}},"28":{"start":{"line":29,"column":0},"end":{"line":29,"column":28}},"29":{"start":{"line":30,"column":0},"end":{"line":30,"column":19}},"30":{"start":{"line":31,"column":0},"end":{"line":31,"column":14}},"31":{"start":{"line":32,"column":0},"end":{"line":32,"column":20}},"32":{"start":{"line":33,"column":0},"end":{"line":33,"column":17}},"33":{"start":{"line":34,"column":0},"end":{"line":34,"column":17}},"34":{"start":{"line":35,"column":0},"end":{"line":35,"column":17}},"36":{"start":{"line":37,"column":0},"end":{"line":37,"column":25}},"37":{"start":{"line":38,"column":0},"end":{"line":38,"column":33}},"38":{"start":{"line":39,"column":0},"end":{"line":39,"column":23}},"39":{"start":{"line":40,"column":0},"end":{"line":40,"column":35}},"40":{"start":{"line":41,"column":0},"end":{"line":41,"column":19}},"41":{"start":{"line":42,"column":0},"end":{"line":42,"column":33}},"42":{"start":{"line":43,"column":0},"end":{"line":43,"column":39}},"43":{"start":{"line":44,"column":0},"end":{"line":44,"column":39}},"44":{"start":{"line":45,"column":0},"end":{"line":45,"column":44}},"45":{"start":{"line":46,"column":0},"end":{"line":46,"column":76}},"46":{"start":{"line":47,"column":0},"end":{"line":47,"column":27}},"47":{"start":{"line":48,"column":0},"end":{"line":48,"column":14}},"48":{"start":{"line":49,"column":0},"end":{"line":49,"column":3}},"50":{"start":{"line":51,"column":0},"end":{"line":51,"column":10}},"51":{"start":{"line":52,"column":0},"end":{"line":52,"column":7}},"52":{"start":{"line":53,"column":0},"end":{"line":53,"column":27}},"53":{"start":{"line":54,"column":0},"end":{"line":54,"column":17}},"54":{"start":{"line":55,"column":0},"end":{"line":55,"column":53}},"55":{"start":{"line":56,"column":0},"end":{"line":56,"column":72}},"56":{"start":{"line":57,"column":0},"end":{"line":57,"column":36}},"58":{"start":{"line":59,"column":0},"end":{"line":59,"column":27}},"59":{"start":{"line":60,"column":0},"end":{"line":60,"column":20}},"60":{"start":{"line":61,"column":0},"end":{"line":61,"column":27}},"61":{"start":{"line":62,"column":0},"end":{"line":62,"column":40}},"62":{"start":{"line":63,"column":0},"end":{"line":63,"column":31}},"63":{"start":{"line":64,"column":0},"end":{"line":64,"column":19}},"64":{"start":{"line":65,"column":0},"end":{"line":65,"column":28}},"66":{"start":{"line":67,"column":0},"end":{"line":67,"column":35}},"67":{"start":{"line":68,"column":0},"end":{"line":68,"column":66}},"68":{"start":{"line":69,"column":0},"end":{"line":69,"column":36}},"69":{"start":{"line":70,"column":0},"end":{"line":70,"column":9}},"71":{"start":{"line":72,"column":0},"end":{"line":72,"column":1}}},"s":{"0":1,"1":1,"2":1,"3":1,"4":1,"5":1,"13":39,"14":39,"16":39,"17":39,"18":39,"19":39,"20":39,"21":39,"22":39,"23":39,"24":39,"25":39,"26":39,"27":39,"28":39,"29":39,"30":39,"31":39,"32":39,"33":39,"34":39,"36":39,"37":39,"38":39,"39":39,"40":39,"41":39,"42":39,"43":39,"44":39,"45":39,"46":39,"47":39,"48":39,"50":39,"51":39,"52":39,"53":39,"54":39,"55":39,"56":39,"58":39,"59":39,"60":39,"61":39,"62":39,"63":39,"64":39,"66":39,"67":39,"68":39,"69":39,"71":39},"branchMap":{"0":{"type":"branch","line":14,"loc":{"start":{"line":14,"column":0},"end":{"line":72,"column":1}},"locations":[{"start":{"line":14,"column":0},"end":{"line":72,"column":1}}]},"1":{"type":"branch","line":46,"loc":{"start":{"line":46,"column":15},"end":{"line":46,"column":66}},"locations":[{"start":{"line":46,"column":15},"end":{"line":46,"column":66}}]},"2":{"type":"branch","line":56,"loc":{"start":{"line":56,"column":26},"end":{"line":56,"column":67}},"locations":[{"start":{"line":56,"column":26},"end":{"line":56,"column":67}}]},"3":{"type":"branch","line":57,"loc":{"start":{"line":57,"column":9},"end":{"line":57,"column":23}},"locations":[{"start":{"line":57,"column":9},"end":{"line":57,"column":23}}]},"4":{"type":"branch","line":57,"loc":{"start":{"line":57,"column":18},"end":{"line":57,"column":36}},"locations":[{"start":{"line":57,"column":18},"end":{"line":57,"column":36}}]},"5":{"type":"branch","line":68,"loc":{"start":{"line":68,"column":9},"end":{"line":68,"column":36}},"locations":[{"start":{"line":68,"column":9},"end":{"line":68,"column":36}}]},"6":{"type":"branch","line":68,"loc":{"start":{"line":68,"column":31},"end":{"line":68,"column":66}},"locations":[{"start":{"line":68,"column":31},"end":{"line":68,"column":66}}]}},"b":{"0":[39],"1":[0],"2":[0],"3":[14],"4":[25],"5":[2],"6":[37]},"fnMap":{"0":{"name":"Dropdown","decl":{"start":{"line":14,"column":0},"end":{"line":72,"column":1}},"loc":{"start":{"line":14,"column":0},"end":{"line":72,"column":1}},"line":14}},"f":{"0":39}}
,"F:\\perso\\formation openclassroom\\dossiers exercices\\select_menu\\lib\\components\\OptGroup\\OptGroup.jsx": {"path":"F:\\perso\\formation openclassroom\\dossiers exercices\\select_menu\\lib\\components\\OptGroup\\OptGroup.jsx","all":false,"statementMap":{"0":{"start":{"line":1,"column":0},"end":{"line":1,"column":52}},"1":{"start":{"line":2,"column":0},"end":{"line":2,"column":40}},"2":{"start":{"line":3,"column":0},"end":{"line":3,"column":34}},"3":{"start":{"line":4,"column":0},"end":{"line":4,"column":42}},"15":{"start":{"line":16,"column":0},"end":{"line":16,"column":59}},"16":{"start":{"line":17,"column":0},"end":{"line":17,"column":9}},"17":{"start":{"line":18,"column":0},"end":{"line":18,"column":23}},"18":{"start":{"line":19,"column":0},"end":{"line":19,"column":25}},"19":{"start":{"line":20,"column":0},"end":{"line":20,"column":27}},"20":{"start":{"line":21,"column":0},"end":{"line":21,"column":26}},"21":{"start":{"line":22,"column":0},"end":{"line":22,"column":28}},"22":{"start":{"line":23,"column":0},"end":{"line":23,"column":30}},"23":{"start":{"line":24,"column":0},"end":{"line":24,"column":22}},"24":{"start":{"line":25,"column":0},"end":{"line":25,"column":17}},"26":{"start":{"line":27,"column":0},"end":{"line":27,"column":25}},"27":{"start":{"line":28,"column":0},"end":{"line":28,"column":34}},"28":{"start":{"line":29,"column":0},"end":{"line":29,"column":36}},"29":{"start":{"line":30,"column":0},"end":{"line":30,"column":71}},"30":{"start":{"line":31,"column":0},"end":{"line":31,"column":33}},"31":{"start":{"line":32,"column":0},"end":{"line":32,"column":3}},"32":{"start":{"line":33,"column":0},"end":{"line":33,"column":10}},"33":{"start":{"line":34,"column":0},"end":{"line":34,"column":36}},"34":{"start":{"line":35,"column":0},"end":{"line":35,"column":10}},"35":{"start":{"line":36,"column":0},"end":{"line":36,"column":11}},"36":{"start":{"line":37,"column":0},"end":{"line":37,"column":69}},"37":{"start":{"line":38,"column":0},"end":{"line":38,"column":31}},"39":{"start":{"line":40,"column":0},"end":{"line":40,"column":39}},"40":{"start":{"line":41,"column":0},"end":{"line":41,"column":13}},"41":{"start":{"line":42,"column":0},"end":{"line":42,"column":16}},"42":{"start":{"line":43,"column":0},"end":{"line":43,"column":49}},"43":{"start":{"line":44,"column":0},"end":{"line":44,"column":33}},"44":{"start":{"line":45,"column":0},"end":{"line":45,"column":10}},"45":{"start":{"line":46,"column":0},"end":{"line":46,"column":11}},"46":{"start":{"line":47,"column":0},"end":{"line":47,"column":9}},"48":{"start":{"line":49,"column":0},"end":{"line":49,"column":1}},"50":{"start":{"line":51,"column":0},"end":{"line":51,"column":22}},"51":{"start":{"line":52,"column":0},"end":{"line":52,"column":28}},"53":{"start":{"line":54,"column":0},"end":{"line":54,"column":41}},"55":{"start":{"line":56,"column":0},"end":{"line":56,"column":42}},"56":{"start":{"line":57,"column":0},"end":{"line":57,"column":27}},"58":{"start":{"line":59,"column":0},"end":{"line":59,"column":25}},"60":{"start":{"line":61,"column":0},"end":{"line":61,"column":25}},"61":{"start":{"line":62,"column":0},"end":{"line":62,"column":47}},"62":{"start":{"line":63,"column":0},"end":{"line":63,"column":47}},"63":{"start":{"line":64,"column":0},"end":{"line":64,"column":11}},"64":{"start":{"line":65,"column":0},"end":{"line":65,"column":8}},"65":{"start":{"line":66,"column":0},"end":{"line":66,"column":6}},"66":{"start":{"line":67,"column":0},"end":{"line":67,"column":16}},"67":{"start":{"line":68,"column":0},"end":{"line":68,"column":42}},"68":{"start":{"line":69,"column":0},"end":{"line":69,"column":1}}},"s":{"0":1,"1":1,"2":1,"3":1,"15":6,"16":6,"17":6,"18":6,"19":6,"20":6,"21":6,"22":6,"23":6,"24":6,"26":6,"27":6,"28":6,"29":6,"30":6,"31":6,"32":6,"33":6,"34":6,"35":6,"36":6,"37":6,"39":6,"40":6,"41":6,"42":6,"43":6,"44":6,"45":6,"46":6,"48":6,"50":1,"51":1,"53":1,"55":1,"56":1,"58":1,"60":1,"61":1,"62":1,"63":1,"64":1,"65":1,"66":1,"67":1,"68":1},"branchMap":{"0":{"type":"branch","line":16,"loc":{"start":{"line":16,"column":0},"end":{"line":49,"column":1}},"locations":[{"start":{"line":16,"column":0},"end":{"line":49,"column":1}}]}},"b":{"0":[6]},"fnMap":{"0":{"name":"OptGroup","decl":{"start":{"line":16,"column":0},"end":{"line":49,"column":1}},"loc":{"start":{"line":16,"column":0},"end":{"line":49,"column":1}},"line":16}},"f":{"0":6}}
,"F:\\perso\\formation openclassroom\\dossiers exercices\\select_menu\\lib\\components\\OptGroups\\OptGroups.jsx": {"path":"F:\\perso\\formation openclassroom\\dossiers exercices\\select_menu\\lib\\components\\OptGroups\\OptGroups.jsx","all":false,"statementMap":{"0":{"start":{"line":1,"column":0},"end":{"line":1,"column":52}},"1":{"start":{"line":2,"column":0},"end":{"line":2,"column":43}},"8":{"start":{"line":9,"column":0},"end":{"line":9,"column":37}},"9":{"start":{"line":10,"column":0},"end":{"line":10,"column":59}},"18":{"start":{"line":19,"column":0},"end":{"line":19,"column":65}},"19":{"start":{"line":20,"column":0},"end":{"line":20,"column":13}},"20":{"start":{"line":21,"column":0},"end":{"line":21,"column":76}},"21":{"start":{"line":22,"column":0},"end":{"line":22,"column":5}},"22":{"start":{"line":23,"column":0},"end":{"line":23,"column":14}},"23":{"start":{"line":24,"column":0},"end":{"line":24,"column":8}},"25":{"start":{"line":26,"column":0},"end":{"line":26,"column":41}},"26":{"start":{"line":27,"column":0},"end":{"line":27,"column":13}},"27":{"start":{"line":28,"column":0},"end":{"line":28,"column":37}},"28":{"start":{"line":29,"column":0},"end":{"line":29,"column":22}},"29":{"start":{"line":30,"column":0},"end":{"line":30,"column":44}},"30":{"start":{"line":31,"column":0},"end":{"line":31,"column":6}},"31":{"start":{"line":32,"column":0},"end":{"line":32,"column":4}},"32":{"start":{"line":33,"column":0},"end":{"line":33,"column":1}}},"s":{"0":1,"1":1,"8":3,"9":3,"18":3,"19":6,"20":6,"21":6,"22":6,"23":3,"25":3,"26":6,"27":6,"28":6,"29":6,"30":6,"31":3,"32":3},"branchMap":{"0":{"type":"branch","line":9,"loc":{"start":{"line":9,"column":0},"end":{"line":33,"column":1}},"locations":[{"start":{"line":9,"column":0},"end":{"line":33,"column":1}}]},"1":{"type":"branch","line":19,"loc":{"start":{"line":19,"column":44},"end":{"line":24,"column":5}},"locations":[{"start":{"line":19,"column":44},"end":{"line":24,"column":5}}]},"2":{"type":"branch","line":21,"loc":{"start":{"line":21,"column":12},"end":{"line":21,"column":20}},"locations":[{"start":{"line":21,"column":12},"end":{"line":21,"column":20}}]},"3":{"type":"branch","line":21,"loc":{"start":{"line":21,"column":16},"end":{"line":21,"column":76}},"locations":[{"start":{"line":21,"column":16},"end":{"line":21,"column":76}}]},"4":{"type":"branch","line":26,"loc":{"start":{"line":26,"column":21},"end":{"line":31,"column":6}},"locations":[{"start":{"line":26,"column":21},"end":{"line":31,"column":6}}]}},"b":{"0":[3],"1":[6],"2":[3],"3":[3],"4":[6]},"fnMap":{"0":{"name":"OptGroups","decl":{"start":{"line":9,"column":0},"end":{"line":33,"column":1}},"loc":{"start":{"line":9,"column":0},"end":{"line":33,"column":1}},"line":9}},"f":{"0":3}}
,"F:\\perso\\formation openclassroom\\dossiers exercices\\select_menu\\lib\\components\\Option\\Option.jsx": {"path":"F:\\perso\\formation openclassroom\\dossiers exercices\\select_menu\\lib\\components\\Option\\Option.jsx","all":false,"statementMap":{"0":{"start":{"line":1,"column":0},"end":{"line":1,"column":52}},"1":{"start":{"line":2,"column":0},"end":{"line":2,"column":52}},"2":{"start":{"line":3,"column":0},"end":{"line":3,"column":40}},"3":{"start":{"line":4,"column":0},"end":{"line":4,"column":41}},"4":{"start":{"line":5,"column":0},"end":{"line":5,"column":34}},"5":{"start":{"line":6,"column":0},"end":{"line":6,"column":69}},"6":{"start":{"line":7,"column":0},"end":{"line":7,"column":64}},"16":{"start":{"line":17,"column":0},"end":{"line":17,"column":51}},"17":{"start":{"line":18,"column":0},"end":{"line":18,"column":74}},"19":{"start":{"line":20,"column":0},"end":{"line":20,"column":9}},"20":{"start":{"line":21,"column":0},"end":{"line":21,"column":7}},"21":{"start":{"line":22,"column":0},"end":{"line":22,"column":11}},"22":{"start":{"line":23,"column":0},"end":{"line":23,"column":26}},"23":{"start":{"line":24,"column":0},"end":{"line":24,"column":29}},"24":{"start":{"line":25,"column":0},"end":{"line":25,"column":14}},"25":{"start":{"line":26,"column":0},"end":{"line":26,"column":15}},"26":{"start":{"line":27,"column":0},"end":{"line":27,"column":20}},"27":{"start":{"line":28,"column":0},"end":{"line":28,"column":28}},"28":{"start":{"line":29,"column":0},"end":{"line":29,"column":27}},"29":{"start":{"line":30,"column":0},"end":{"line":30,"column":26}},"30":{"start":{"line":31,"column":0},"end":{"line":31,"column":28}},"31":{"start":{"line":32,"column":0},"end":{"line":32,"column":19}},"32":{"start":{"line":33,"column":0},"end":{"line":33,"column":17}},"33":{"start":{"line":34,"column":0},"end":{"line":34,"column":17}},"34":{"start":{"line":35,"column":0},"end":{"line":35,"column":17}},"36":{"start":{"line":37,"column":0},"end":{"line":37,"column":74}},"38":{"start":{"line":39,"column":0},"end":{"line":39,"column":32}},"46":{"start":{"line":47,"column":0},"end":{"line":47,"column":19}},"47":{"start":{"line":48,"column":0},"end":{"line":48,"column":58}},"48":{"start":{"line":49,"column":0},"end":{"line":49,"column":60}},"49":{"start":{"line":50,"column":0},"end":{"line":50,"column":8}},"50":{"start":{"line":51,"column":0},"end":{"line":51,"column":45}},"51":{"start":{"line":52,"column":0},"end":{"line":52,"column":56}},"52":{"start":{"line":53,"column":0},"end":{"line":53,"column":7}},"53":{"start":{"line":54,"column":0},"end":{"line":54,"column":77}},"54":{"start":{"line":55,"column":0},"end":{"line":55,"column":36}},"55":{"start":{"line":56,"column":0},"end":{"line":56,"column":5}},"59":{"start":{"line":60,"column":0},"end":{"line":60,"column":8}},"61":{"start":{"line":62,"column":0},"end":{"line":62,"column":19}},"62":{"start":{"line":63,"column":0},"end":{"line":63,"column":48}},"63":{"start":{"line":64,"column":0},"end":{"line":64,"column":31}},"64":{"start":{"line":65,"column":0},"end":{"line":65,"column":5}},"65":{"start":{"line":66,"column":0},"end":{"line":66,"column":40}},"67":{"start":{"line":68,"column":0},"end":{"line":68,"column":30}},"74":{"start":{"line":75,"column":0},"end":{"line":75,"column":65}},"75":{"start":{"line":76,"column":0},"end":{"line":76,"column":19}},"76":{"start":{"line":77,"column":0},"end":{"line":77,"column":18}},"77":{"start":{"line":78,"column":0},"end":{"line":78,"column":25}},"78":{"start":{"line":79,"column":0},"end":{"line":79,"column":29}},"79":{"start":{"line":80,"column":0},"end":{"line":80,"column":11}},"80":{"start":{"line":81,"column":0},"end":{"line":81,"column":5}},"81":{"start":{"line":82,"column":0},"end":{"line":82,"column":18}},"82":{"start":{"line":83,"column":0},"end":{"line":83,"column":3}},"84":{"start":{"line":85,"column":0},"end":{"line":85,"column":34}},"85":{"start":{"line":86,"column":0},"end":{"line":86,"column":34}},"86":{"start":{"line":87,"column":0},"end":{"line":87,"column":29}},"87":{"start":{"line":88,"column":0},"end":{"line":88,"column":3}},"89":{"start":{"line":90,"column":0},"end":{"line":90,"column":32}},"90":{"start":{"line":91,"column":0},"end":{"line":91,"column":69}},"91":{"start":{"line":92,"column":0},"end":{"line":92,"column":25}},"92":{"start":{"line":93,"column":0},"end":{"line":93,"column":24}},"93":{"start":{"line":94,"column":0},"end":{"line":94,"column":20}},"94":{"start":{"line":95,"column":0},"end":{"line":95,"column":5}},"95":{"start":{"line":96,"column":0},"end":{"line":96,"column":32}},"97":{"start":{"line":98,"column":0},"end":{"line":98,"column":24}},"98":{"start":{"line":99,"column":0},"end":{"line":99,"column":30}},"99":{"start":{"line":100,"column":0},"end":{"line":100,"column":54}},"100":{"start":{"line":101,"column":0},"end":{"line":101,"column":13}},"101":{"start":{"line":102,"column":0},"end":{"line":102,"column":33}},"102":{"start":{"line":103,"column":0},"end":{"line":103,"column":7}},"103":{"start":{"line":104,"column":0},"end":{"line":104,"column":5}},"104":{"start":{"line":105,"column":0},"end":{"line":105,"column":30}},"106":{"start":{"line":107,"column":0},"end":{"line":107,"column":24}},"107":{"start":{"line":108,"column":0},"end":{"line":108,"column":30}},"108":{"start":{"line":109,"column":0},"end":{"line":109,"column":31}},"109":{"start":{"line":110,"column":0},"end":{"line":110,"column":36}},"110":{"start":{"line":111,"column":0},"end":{"line":111,"column":33}},"111":{"start":{"line":112,"column":0},"end":{"line":112,"column":7}},"112":{"start":{"line":113,"column":0},"end":{"line":113,"column":5}},"113":{"start":{"line":114,"column":0},"end":{"line":114,"column":3}},"115":{"start":{"line":116,"column":0},"end":{"line":116,"column":23}},"116":{"start":{"line":117,"column":0},"end":{"line":117,"column":10}},"117":{"start":{"line":118,"column":0},"end":{"line":118,"column":77}},"118":{"start":{"line":119,"column":0},"end":{"line":119,"column":29}},"119":{"start":{"line":120,"column":0},"end":{"line":120,"column":67}},"120":{"start":{"line":121,"column":0},"end":{"line":121,"column":80}},"121":{"start":{"line":122,"column":0},"end":{"line":122,"column":3}},"123":{"start":{"line":124,"column":0},"end":{"line":124,"column":10}},"124":{"start":{"line":125,"column":0},"end":{"line":125,"column":7}},"125":{"start":{"line":126,"column":0},"end":{"line":126,"column":34}},"126":{"start":{"line":127,"column":0},"end":{"line":127,"column":17}},"127":{"start":{"line":128,"column":0},"end":{"line":128,"column":49}},"128":{"start":{"line":129,"column":0},"end":{"line":129,"column":70}},"130":{"start":{"line":131,"column":0},"end":{"line":131,"column":21}},"131":{"start":{"line":132,"column":0},"end":{"line":132,"column":55}},"132":{"start":{"line":133,"column":0},"end":{"line":133,"column":25}},"133":{"start":{"line":134,"column":0},"end":{"line":134,"column":23}},"134":{"start":{"line":135,"column":0},"end":{"line":135,"column":22}},"135":{"start":{"line":136,"column":0},"end":{"line":136,"column":8}},"136":{"start":{"line":137,"column":0},"end":{"line":137,"column":37}},"137":{"start":{"line":138,"column":0},"end":{"line":138,"column":31}},"138":{"start":{"line":139,"column":0},"end":{"line":139,"column":19}},"139":{"start":{"line":140,"column":0},"end":{"line":140,"column":60}},"140":{"start":{"line":141,"column":0},"end":{"line":141,"column":19}},"142":{"start":{"line":143,"column":0},"end":{"line":143,"column":43}},"143":{"start":{"line":144,"column":0},"end":{"line":144,"column":9}},"145":{"start":{"line":146,"column":0},"end":{"line":146,"column":1}},"147":{"start":{"line":148,"column":0},"end":{"line":148,"column":20}},"148":{"start":{"line":149,"column":0},"end":{"line":149,"column":31}},"150":{"start":{"line":151,"column":0},"end":{"line":151,"column":21}},"152":{"start":{"line":153,"column":0},"end":{"line":153,"column":21}},"154":{"start":{"line":155,"column":0},"end":{"line":155,"column":43}},"156":{"start":{"line":157,"column":0},"end":{"line":157,"column":43}},"157":{"start":{"line":158,"column":0},"end":{"line":158,"column":7}},"158":{"start":{"line":159,"column":0},"end":{"line":159,"column":16}},"159":{"start":{"line":160,"column":0},"end":{"line":160,"column":37}},"160":{"start":{"line":161,"column":0},"end":{"line":161,"column":1}}},"s":{"0":1,"1":1,"2":1,"3":1,"4":1,"5":1,"6":1,"16":233,"17":233,"19":233,"20":233,"21":233,"22":233,"23":233,"24":233,"25":233,"26":233,"27":233,"28":233,"29":233,"30":233,"31":233,"32":233,"33":233,"34":233,"36":233,"38":233,"46":233,"47":108,"48":108,"49":108,"50":108,"51":107,"52":108,"53":4,"54":4,"55":4,"59":233,"61":233,"62":208,"63":21,"64":21,"65":233,"67":233,"74":3,"75":3,"76":3,"77":3,"78":3,"79":3,"80":3,"81":3,"82":3,"84":233,"85":2,"86":2,"87":2,"89":233,"90":5,"91":1,"92":1,"93":1,"94":1,"95":5,"97":2,"98":2,"99":2,"100":1,"101":1,"102":2,"103":2,"104":5,"106":2,"107":2,"108":2,"109":2,"110":0,"111":2,"112":2,"113":5,"115":233,"116":233,"117":233,"118":233,"119":233,"120":233,"121":233,"123":233,"124":233,"125":233,"126":233,"127":233,"128":233,"130":233,"131":233,"132":233,"133":233,"134":2,"135":2,"136":233,"137":233,"138":233,"139":233,"140":233,"142":233,"143":233,"145":233,"147":1,"148":1,"150":1,"152":1,"154":1,"156":1,"157":1,"158":1,"159":1,"160":1},"branchMap":{"0":{"type":"branch","line":17,"loc":{"start":{"line":17,"column":0},"end":{"line":146,"column":1}},"locations":[{"start":{"line":17,"column":0},"end":{"line":146,"column":1}}]},"1":{"type":"branch","line":118,"loc":{"start":{"line":118,"column":28},"end":{"line":118,"column":61}},"locations":[{"start":{"line":118,"column":28},"end":{"line":118,"column":61}}]},"2":{"type":"branch","line":118,"loc":{"start":{"line":118,"column":36},"end":{"line":118,"column":77}},"locations":[{"start":{"line":118,"column":36},"end":{"line":118,"column":77}}]},"3":{"type":"branch","line":121,"loc":{"start":{"line":121,"column":38},"end":{"line":121,"column":72}},"locations":[{"start":{"line":121,"column":38},"end":{"line":121,"column":72}}]},"4":{"type":"branch","line":121,"loc":{"start":{"line":121,"column":46},"end":{"line":121,"column":80}},"locations":[{"start":{"line":121,"column":46},"end":{"line":121,"column":80}}]},"5":{"type":"branch","line":129,"loc":{"start":{"line":129,"column":26},"end":{"line":129,"column":67}},"locations":[{"start":{"line":129,"column":26},"end":{"line":129,"column":67}}]},"6":{"type":"branch","line":132,"loc":{"start":{"line":132,"column":18},"end":{"line":132,"column":48}},"locations":[{"start":{"line":132,"column":18},"end":{"line":132,"column":48}}]},"7":{"type":"branch","line":132,"loc":{"start":{"line":132,"column":44},"end":{"line":132,"column":55}},"locations":[{"start":{"line":132,"column":44},"end":{"line":132,"column":55}}]},"8":{"type":"branch","line":143,"loc":{"start":{"line":143,"column":7},"end":{"line":143,"column":36}},"locations":[{"start":{"line":143,"column":7},"end":{"line":143,"column":36}}]},"9":{"type":"branch","line":143,"loc":{"start":{"line":143,"column":32},"end":{"line":143,"column":43}},"locations":[{"start":{"line":143,"column":32},"end":{"line":143,"column":43}}]},"10":{"type":"branch","line":47,"loc":{"start":{"line":47,"column":12},"end":{"line":60,"column":5}},"locations":[{"start":{"line":47,"column":12},"end":{"line":60,"column":5}}]},"11":{"type":"branch","line":48,"loc":{"start":{"line":48,"column":23},"end":{"line":48,"column":52}},"locations":[{"start":{"line":48,"column":23},"end":{"line":48,"column":52}}]},"12":{"type":"branch","line":48,"loc":{"start":{"line":48,"column":48},"end":{"line":48,"column":58}},"locations":[{"start":{"line":48,"column":48},"end":{"line":48,"column":58}}]},"13":{"type":"branch","line":49,"loc":{"start":{"line":49,"column":24},"end":{"line":49,"column":54}},"locations":[{"start":{"line":49,"column":24},"end":{"line":49,"column":54}}]},"14":{"type":"branch","line":49,"loc":{"start":{"line":49,"column":50},"end":{"line":49,"column":60}},"locations":[{"start":{"line":49,"column":50},"end":{"line":49,"column":60}}]},"15":{"type":"branch","line":51,"loc":{"start":{"line":51,"column":32},"end":{"line":52,"column":56}},"locations":[{"start":{"line":51,"column":32},"end":{"line":52,"column":56}}]},"16":{"type":"branch","line":52,"loc":{"start":{"line":52,"column":33},"end":{"line":52,"column":56}},"locations":[{"start":{"line":52,"column":33},"end":{"line":52,"column":56}}]},"17":{"type":"branch","line":53,"loc":{"start":{"line":53,"column":6},"end":{"line":56,"column":5}},"locations":[{"start":{"line":53,"column":6},"end":{"line":56,"column":5}}]},"18":{"type":"branch","line":62,"loc":{"start":{"line":62,"column":12},"end":{"line":66,"column":5}},"locations":[{"start":{"line":62,"column":12},"end":{"line":66,"column":5}}]},"19":{"type":"branch","line":63,"loc":{"start":{"line":63,"column":30},"end":{"line":63,"column":47}},"locations":[{"start":{"line":63,"column":30},"end":{"line":63,"column":47}}]},"20":{"type":"branch","line":63,"loc":{"start":{"line":63,"column":47},"end":{"line":65,"column":5}},"locations":[{"start":{"line":63,"column":47},"end":{"line":65,"column":5}}]},"21":{"type":"branch","line":68,"loc":{"start":{"line":68,"column":22},"end":{"line":83,"column":3}},"locations":[{"start":{"line":68,"column":22},"end":{"line":83,"column":3}}]},"22":{"type":"branch","line":85,"loc":{"start":{"line":85,"column":27},"end":{"line":88,"column":3}},"locations":[{"start":{"line":85,"column":27},"end":{"line":88,"column":3}}]},"23":{"type":"branch","line":90,"loc":{"start":{"line":90,"column":24},"end":{"line":114,"column":3}},"locations":[{"start":{"line":90,"column":24},"end":{"line":114,"column":3}}]},"24":{"type":"branch","line":91,"loc":{"start":{"line":91,"column":68},"end":{"line":95,"column":5}},"locations":[{"start":{"line":91,"column":68},"end":{"line":95,"column":5}}]},"25":{"type":"branch","line":96,"loc":{"start":{"line":96,"column":31},"end":{"line":104,"column":5}},"locations":[{"start":{"line":96,"column":31},"end":{"line":104,"column":5}}]},"26":{"type":"branch","line":100,"loc":{"start":{"line":100,"column":30},"end":{"line":101,"column":13}},"locations":[{"start":{"line":100,"column":30},"end":{"line":101,"column":13}}]},"27":{"type":"branch","line":101,"loc":{"start":{"line":101,"column":12},"end":{"line":102,"column":33}},"locations":[{"start":{"line":101,"column":12},"end":{"line":102,"column":33}}]},"28":{"type":"branch","line":105,"loc":{"start":{"line":105,"column":29},"end":{"line":113,"column":5}},"locations":[{"start":{"line":105,"column":29},"end":{"line":113,"column":5}}]},"29":{"type":"branch","line":110,"loc":{"start":{"line":110,"column":12},"end":{"line":111,"column":33}},"locations":[{"start":{"line":110,"column":12},"end":{"line":111,"column":33}}]},"30":{"type":"branch","line":134,"loc":{"start":{"line":134,"column":15},"end":{"line":136,"column":8}},"locations":[{"start":{"line":134,"column":15},"end":{"line":136,"column":8}}]}},"b":{"0":[233],"1":[46],"2":[187],"3":[46],"4":[187],"5":[0],"6":[11],"7":[222],"8":[11],"9":[222],"10":[108],"11":[11],"12":[97],"13":[11],"14":[97],"15":[107],"16":[15],"17":[4],"18":[208],"19":[41],"20":[21],"21":[3],"22":[2],"23":[5],"24":[1],"25":[2],"26":[1],"27":[1],"28":[2],"29":[0],"30":[2]},"fnMap":{"0":{"name":"Option","decl":{"start":{"line":17,"column":0},"end":{"line":146,"column":1}},"loc":{"start":{"line":17,"column":0},"end":{"line":146,"column":1}},"line":17},"1":{"name":"handleClick","decl":{"start":{"line":68,"column":22},"end":{"line":83,"column":3}},"loc":{"start":{"line":68,"column":22},"end":{"line":83,"column":3}},"line":68},"2":{"name":"handleMouseEnter","decl":{"start":{"line":85,"column":27},"end":{"line":88,"column":3}},"loc":{"start":{"line":85,"column":27},"end":{"line":88,"column":3}},"line":85},"3":{"name":"handleKeyDown","decl":{"start":{"line":90,"column":24},"end":{"line":114,"column":3}},"loc":{"start":{"line":90,"column":24},"end":{"line":114,"column":3}},"line":90},"4":{"name":"onClick","decl":{"start":{"line":134,"column":15},"end":{"line":136,"column":8}},"loc":{"start":{"line":134,"column":15},"end":{"line":136,"column":8}},"line":134}},"f":{"0":233,"1":3,"2":2,"3":5,"4":2}}
,"F:\\perso\\formation openclassroom\\dossiers exercices\\select_menu\\lib\\components\\Options\\Options.jsx": {"path":"F:\\perso\\formation openclassroom\\dossiers exercices\\select_menu\\lib\\components\\Options\\Options.jsx","all":false,"statementMap":{"0":{"start":{"line":1,"column":0},"end":{"line":1,"column":34}},"1":{"start":{"line":2,"column":0},"end":{"line":2,"column":52}},"2":{"start":{"line":3,"column":0},"end":{"line":3,"column":37}},"12":{"start":{"line":13,"column":0},"end":{"line":13,"column":58}},"13":{"start":{"line":14,"column":0},"end":{"line":14,"column":28}},"15":{"start":{"line":16,"column":0},"end":{"line":16,"column":10}},"16":{"start":{"line":17,"column":0},"end":{"line":17,"column":6}},"17":{"start":{"line":18,"column":0},"end":{"line":18,"column":39}},"18":{"start":{"line":19,"column":0},"end":{"line":19,"column":67}},"19":{"start":{"line":20,"column":0},"end":{"line":20,"column":16}},"20":{"start":{"line":21,"column":0},"end":{"line":21,"column":17}},"21":{"start":{"line":22,"column":0},"end":{"line":22,"column":40}},"22":{"start":{"line":23,"column":0},"end":{"line":23,"column":27}},"23":{"start":{"line":24,"column":0},"end":{"line":24,"column":31}},"24":{"start":{"line":25,"column":0},"end":{"line":25,"column":12}},"26":{"start":{"line":27,"column":0},"end":{"line":27,"column":9}},"27":{"start":{"line":28,"column":0},"end":{"line":28,"column":7}},"29":{"start":{"line":30,"column":0},"end":{"line":30,"column":1}},"31":{"start":{"line":32,"column":0},"end":{"line":32,"column":21}},"32":{"start":{"line":33,"column":0},"end":{"line":33,"column":29}},"33":{"start":{"line":34,"column":0},"end":{"line":34,"column":25}},"35":{"start":{"line":36,"column":0},"end":{"line":36,"column":23}},"37":{"start":{"line":38,"column":0},"end":{"line":38,"column":23}},"38":{"start":{"line":39,"column":0},"end":{"line":39,"column":45}},"39":{"start":{"line":40,"column":0},"end":{"line":40,"column":45}},"40":{"start":{"line":41,"column":0},"end":{"line":41,"column":9}},"41":{"start":{"line":42,"column":0},"end":{"line":42,"column":6}},"42":{"start":{"line":43,"column":0},"end":{"line":43,"column":15}},"43":{"start":{"line":44,"column":0},"end":{"line":44,"column":31}},"44":{"start":{"line":45,"column":0},"end":{"line":45,"column":1}}},"s":{"0":1,"1":1,"2":1,"12":43,"13":43,"15":43,"16":43,"17":43,"18":203,"19":203,"20":203,"21":203,"22":203,"23":203,"24":203,"26":43,"27":43,"29":43,"31":1,"32":1,"33":1,"35":1,"37":1,"38":1,"39":1,"40":1,"41":1,"42":1,"43":1,"44":1},"branchMap":{"0":{"type":"branch","line":13,"loc":{"start":{"line":13,"column":0},"end":{"line":30,"column":1}},"locations":[{"start":{"line":13,"column":0},"end":{"line":30,"column":1}}]},"1":{"type":"branch","line":18,"loc":{"start":{"line":18,"column":19},"end":{"line":27,"column":7}},"locations":[{"start":{"line":18,"column":19},"end":{"line":27,"column":7}}]},"2":{"type":"branch","line":19,"loc":{"start":{"line":19,"column":28},"end":{"line":19,"column":62}},"locations":[{"start":{"line":19,"column":28},"end":{"line":19,"column":62}}]},"3":{"type":"branch","line":19,"loc":{"start":{"line":19,"column":54},"end":{"line":19,"column":67}},"locations":[{"start":{"line":19,"column":54},"end":{"line":19,"column":67}}]}},"b":{"0":[43],"1":[203],"2":[9],"3":[194]},"fnMap":{"0":{"name":"Options","decl":{"start":{"line":13,"column":0},"end":{"line":30,"column":1}},"loc":{"start":{"line":13,"column":0},"end":{"line":30,"column":1}},"line":13}},"f":{"0":43}}
,"F:\\perso\\formation openclassroom\\dossiers exercices\\select_menu\\lib\\components\\SelectComponent\\SelectComponent.jsx": {"path":"F:\\perso\\formation openclassroom\\dossiers exercices\\select_menu\\lib\\components\\SelectComponent\\SelectComponent.jsx","all":false,"statementMap":{"0":{"start":{"line":1,"column":0},"end":{"line":1,"column":41}},"2":{"start":{"line":3,"column":0},"end":{"line":3,"column":43}},"3":{"start":{"line":4,"column":0},"end":{"line":4,"column":52}},"5":{"start":{"line":6,"column":0},"end":{"line":6,"column":52}},"6":{"start":{"line":7,"column":0},"end":{"line":7,"column":52}},"8":{"start":{"line":9,"column":0},"end":{"line":9,"column":61}},"10":{"start":{"line":11,"column":0},"end":{"line":11,"column":34}},"11":{"start":{"line":12,"column":0},"end":{"line":12,"column":49}},"182":{"start":{"line":183,"column":0},"end":{"line":183,"column":52}},"184":{"start":{"line":185,"column":0},"end":{"line":185,"column":46}},"185":{"start":{"line":186,"column":0},"end":{"line":186,"column":9}},"186":{"start":{"line":187,"column":0},"end":{"line":187,"column":10}},"187":{"start":{"line":188,"column":0},"end":{"line":188,"column":7}},"188":{"start":{"line":189,"column":0},"end":{"line":189,"column":13}},"189":{"start":{"line":190,"column":0},"end":{"line":190,"column":20}},"190":{"start":{"line":191,"column":0},"end":{"line":191,"column":17}},"191":{"start":{"line":192,"column":0},"end":{"line":192,"column":17}},"192":{"start":{"line":193,"column":0},"end":{"line":193,"column":17}},"193":{"start":{"line":194,"column":0},"end":{"line":194,"column":17}},"196":{"start":{"line":197,"column":0},"end":{"line":197,"column":41}},"199":{"start":{"line":200,"column":0},"end":{"line":200,"column":19}},"200":{"start":{"line":201,"column":0},"end":{"line":201,"column":17}},"201":{"start":{"line":202,"column":0},"end":{"line":202,"column":25}},"202":{"start":{"line":203,"column":0},"end":{"line":203,"column":5}},"203":{"start":{"line":204,"column":0},"end":{"line":204,"column":34}},"206":{"start":{"line":207,"column":0},"end":{"line":207,"column":31}},"207":{"start":{"line":208,"column":0},"end":{"line":208,"column":28}},"208":{"start":{"line":209,"column":0},"end":{"line":209,"column":3}},"211":{"start":{"line":212,"column":0},"end":{"line":212,"column":54}},"213":{"start":{"line":214,"column":0},"end":{"line":214,"column":32}},"214":{"start":{"line":215,"column":0},"end":{"line":215,"column":29}},"215":{"start":{"line":216,"column":0},"end":{"line":216,"column":24}},"216":{"start":{"line":217,"column":0},"end":{"line":217,"column":21}},"217":{"start":{"line":218,"column":0},"end":{"line":218,"column":5}},"218":{"start":{"line":219,"column":0},"end":{"line":219,"column":3}},"220":{"start":{"line":221,"column":0},"end":{"line":221,"column":35}},"221":{"start":{"line":222,"column":0},"end":{"line":222,"column":23}},"222":{"start":{"line":223,"column":0},"end":{"line":223,"column":28}},"223":{"start":{"line":224,"column":0},"end":{"line":224,"column":36}},"224":{"start":{"line":225,"column":0},"end":{"line":225,"column":79}},"225":{"start":{"line":226,"column":0},"end":{"line":226,"column":3}},"227":{"start":{"line":228,"column":0},"end":{"line":228,"column":14}},"228":{"start":{"line":229,"column":0},"end":{"line":229,"column":12}},"229":{"start":{"line":230,"column":0},"end":{"line":230,"column":10}},"230":{"start":{"line":231,"column":0},"end":{"line":231,"column":37}},"231":{"start":{"line":232,"column":0},"end":{"line":232,"column":32}},"232":{"start":{"line":233,"column":0},"end":{"line":233,"column":64}},"233":{"start":{"line":234,"column":0},"end":{"line":234,"column":30}},"234":{"start":{"line":235,"column":0},"end":{"line":235,"column":27}},"235":{"start":{"line":236,"column":0},"end":{"line":236,"column":26}},"236":{"start":{"line":237,"column":0},"end":{"line":237,"column":10}},"238":{"start":{"line":239,"column":0},"end":{"line":239,"column":23}},"239":{"start":{"line":240,"column":0},"end":{"line":240,"column":20}},"240":{"start":{"line":241,"column":0},"end":{"line":241,"column":12}},"242":{"start":{"line":243,"column":0},"end":{"line":243,"column":3}},"243":{"start":{"line":244,"column":0},"end":{"line":244,"column":1}},"244":{"start":{"line":245,"column":0},"end":{"line":245,"column":29}},"245":{"start":{"line":246,"column":0},"end":{"line":246,"column":26}},"246":{"start":{"line":247,"column":0},"end":{"line":247,"column":25}},"247":{"start":{"line":248,"column":0},"end":{"line":248,"column":27}},"248":{"start":{"line":249,"column":0},"end":{"line":249,"column":30}},"249":{"start":{"line":250,"column":0},"end":{"line":250,"column":31}},"250":{"start":{"line":251,"column":0},"end":{"line":251,"column":27}},"252":{"start":{"line":253,"column":0},"end":{"line":253,"column":25}},"254":{"start":{"line":255,"column":0},"end":{"line":255,"column":25}},"256":{"start":{"line":257,"column":0},"end":{"line":257,"column":47}},"258":{"start":{"line":259,"column":0},"end":{"line":259,"column":47}},"259":{"start":{"line":260,"column":0},"end":{"line":260,"column":11}},"261":{"start":{"line":262,"column":0},"end":{"line":262,"column":25}},"263":{"start":{"line":264,"column":0},"end":{"line":264,"column":47}},"265":{"start":{"line":266,"column":0},"end":{"line":266,"column":66}},"266":{"start":{"line":267,"column":0},"end":{"line":267,"column":11}},"268":{"start":{"line":269,"column":0},"end":{"line":269,"column":25}},"270":{"start":{"line":271,"column":0},"end":{"line":271,"column":47}},"272":{"start":{"line":273,"column":0},"end":{"line":273,"column":48}},"273":{"start":{"line":274,"column":0},"end":{"line":274,"column":29}},"275":{"start":{"line":276,"column":0},"end":{"line":276,"column":51}},"277":{"start":{"line":278,"column":0},"end":{"line":278,"column":51}},"278":{"start":{"line":279,"column":0},"end":{"line":279,"column":14}},"279":{"start":{"line":280,"column":0},"end":{"line":280,"column":12}},"280":{"start":{"line":281,"column":0},"end":{"line":281,"column":11}},"281":{"start":{"line":282,"column":0},"end":{"line":282,"column":8}},"282":{"start":{"line":283,"column":0},"end":{"line":283,"column":17}},"283":{"start":{"line":284,"column":0},"end":{"line":284,"column":34}},"284":{"start":{"line":285,"column":0},"end":{"line":285,"column":44}},"285":{"start":{"line":286,"column":0},"end":{"line":286,"column":32}},"286":{"start":{"line":287,"column":0},"end":{"line":287,"column":33}},"287":{"start":{"line":288,"column":0},"end":{"line":288,"column":41}},"288":{"start":{"line":289,"column":0},"end":{"line":289,"column":43}},"289":{"start":{"line":290,"column":0},"end":{"line":290,"column":31}},"290":{"start":{"line":291,"column":0},"end":{"line":291,"column":29}},"291":{"start":{"line":292,"column":0},"end":{"line":292,"column":35}},"292":{"start":{"line":293,"column":0},"end":{"line":293,"column":38}},"293":{"start":{"line":294,"column":0},"end":{"line":294,"column":32}},"294":{"start":{"line":295,"column":0},"end":{"line":295,"column":36}},"295":{"start":{"line":296,"column":0},"end":{"line":296,"column":35}},"296":{"start":{"line":297,"column":0},"end":{"line":297,"column":34}},"297":{"start":{"line":298,"column":0},"end":{"line":298,"column":38}},"298":{"start":{"line":299,"column":0},"end":{"line":299,"column":37}},"299":{"start":{"line":300,"column":0},"end":{"line":300,"column":43}},"300":{"start":{"line":301,"column":0},"end":{"line":301,"column":45}},"301":{"start":{"line":302,"column":0},"end":{"line":302,"column":36}},"302":{"start":{"line":303,"column":0},"end":{"line":303,"column":41}},"303":{"start":{"line":304,"column":0},"end":{"line":304,"column":40}},"304":{"start":{"line":305,"column":0},"end":{"line":305,"column":46}},"305":{"start":{"line":306,"column":0},"end":{"line":306,"column":39}},"306":{"start":{"line":307,"column":0},"end":{"line":307,"column":38}},"307":{"start":{"line":308,"column":0},"end":{"line":308,"column":46}},"308":{"start":{"line":309,"column":0},"end":{"line":309,"column":45}},"309":{"start":{"line":310,"column":0},"end":{"line":310,"column":44}},"310":{"start":{"line":311,"column":0},"end":{"line":311,"column":46}},"311":{"start":{"line":312,"column":0},"end":{"line":312,"column":37}},"312":{"start":{"line":313,"column":0},"end":{"line":313,"column":45}},"313":{"start":{"line":314,"column":0},"end":{"line":314,"column":44}},"314":{"start":{"line":315,"column":0},"end":{"line":315,"column":46}},"315":{"start":{"line":316,"column":0},"end":{"line":316,"column":48}},"316":{"start":{"line":317,"column":0},"end":{"line":317,"column":40}},"317":{"start":{"line":318,"column":0},"end":{"line":318,"column":5}},"318":{"start":{"line":319,"column":0},"end":{"line":319,"column":1}}},"s":{"0":1,"2":1,"3":1,"5":1,"6":1,"8":1,"10":1,"11":1,"182":51,"184":51,"185":51,"186":51,"187":51,"188":51,"189":51,"190":51,"191":51,"192":51,"193":51,"196":51,"199":51,"200":32,"201":16,"202":16,"203":51,"206":51,"207":0,"208":0,"211":51,"213":51,"214":12,"215":0,"216":0,"217":0,"218":12,"220":51,"221":35,"222":35,"223":35,"224":35,"225":35,"227":51,"228":35,"229":35,"230":35,"231":35,"232":35,"233":35,"234":35,"235":12,"236":12,"238":35,"239":35,"240":35,"242":35,"243":51,"244":1,"245":1,"246":1,"247":1,"248":1,"249":1,"250":1,"252":1,"254":1,"256":1,"258":1,"259":1,"261":1,"263":1,"265":1,"266":1,"268":1,"270":1,"272":1,"273":1,"275":1,"277":1,"278":1,"279":1,"280":1,"281":1,"282":1,"283":1,"284":1,"285":1,"286":1,"287":1,"288":1,"289":1,"290":1,"291":1,"292":1,"293":1,"294":1,"295":1,"296":1,"297":1,"298":1,"299":1,"300":1,"301":1,"302":1,"303":1,"304":1,"305":1,"306":1,"307":1,"308":1,"309":1,"310":1,"311":1,"312":1,"313":1,"314":1,"315":1,"316":1,"317":1,"318":1},"branchMap":{"0":{"type":"branch","line":183,"loc":{"start":{"line":183,"column":0},"end":{"line":244,"column":1}},"locations":[{"start":{"line":183,"column":0},"end":{"line":244,"column":1}}]},"1":{"type":"branch","line":221,"loc":{"start":{"line":221,"column":25},"end":{"line":226,"column":3}},"locations":[{"start":{"line":221,"column":25},"end":{"line":226,"column":3}}]},"2":{"type":"branch","line":225,"loc":{"start":{"line":225,"column":23},"end":{"line":225,"column":69}},"locations":[{"start":{"line":225,"column":23},"end":{"line":225,"column":69}}]},"3":{"type":"branch","line":228,"loc":{"start":{"line":228,"column":13},"end":{"line":243,"column":3}},"locations":[{"start":{"line":228,"column":13},"end":{"line":243,"column":3}}]},"4":{"type":"branch","line":200,"loc":{"start":{"line":200,"column":12},"end":{"line":204,"column":5}},"locations":[{"start":{"line":200,"column":12},"end":{"line":204,"column":5}}]},"5":{"type":"branch","line":201,"loc":{"start":{"line":201,"column":16},"end":{"line":203,"column":5}},"locations":[{"start":{"line":201,"column":16},"end":{"line":203,"column":5}}]},"6":{"type":"branch","line":214,"loc":{"start":{"line":214,"column":24},"end":{"line":219,"column":3}},"locations":[{"start":{"line":214,"column":24},"end":{"line":219,"column":3}}]},"7":{"type":"branch","line":215,"loc":{"start":{"line":215,"column":28},"end":{"line":218,"column":5}},"locations":[{"start":{"line":215,"column":28},"end":{"line":218,"column":5}}]},"8":{"type":"branch","line":235,"loc":{"start":{"line":235,"column":19},"end":{"line":237,"column":10}},"locations":[{"start":{"line":235,"column":19},"end":{"line":237,"column":10}}]}},"b":{"0":[51],"1":[35],"2":[0],"3":[35],"4":[32],"5":[16],"6":[12],"7":[0],"8":[12]},"fnMap":{"0":{"name":"SelectComponent","decl":{"start":{"line":183,"column":0},"end":{"line":244,"column":1}},"loc":{"start":{"line":183,"column":0},"end":{"line":244,"column":1}},"line":183},"1":{"name":"closeDropdown","decl":{"start":{"line":207,"column":24},"end":{"line":209,"column":3}},"loc":{"start":{"line":207,"column":24},"end":{"line":209,"column":3}},"line":207},"2":{"name":"handleKeyDown","decl":{"start":{"line":214,"column":24},"end":{"line":219,"column":3}},"loc":{"start":{"line":214,"column":24},"end":{"line":219,"column":3}},"line":214},"3":{"name":"onKeyDown","decl":{"start":{"line":235,"column":19},"end":{"line":237,"column":10}},"loc":{"start":{"line":235,"column":19},"end":{"line":237,"column":10}},"line":235}},"f":{"0":51,"1":0,"2":12,"3":12}}
,"F:\\perso\\formation openclassroom\\dossiers exercices\\select_menu\\lib\\components\\SelectInput\\SelectInput.jsx": {"path":"F:\\perso\\formation openclassroom\\dossiers exercices\\select_menu\\lib\\components\\SelectInput\\SelectInput.jsx","all":false,"statementMap":{"0":{"start":{"line":1,"column":0},"end":{"line":1,"column":52}},"1":{"start":{"line":2,"column":0},"end":{"line":2,"column":52}},"2":{"start":{"line":3,"column":0},"end":{"line":3,"column":52}},"3":{"start":{"line":4,"column":0},"end":{"line":4,"column":56}},"4":{"start":{"line":5,"column":0},"end":{"line":5,"column":69}},"5":{"start":{"line":6,"column":0},"end":{"line":6,"column":45}},"12":{"start":{"line":13,"column":0},"end":{"line":13,"column":39}},"14":{"start":{"line":15,"column":0},"end":{"line":15,"column":9}},"15":{"start":{"line":16,"column":0},"end":{"line":16,"column":15}},"16":{"start":{"line":17,"column":0},"end":{"line":17,"column":17}},"17":{"start":{"line":18,"column":0},"end":{"line":18,"column":18}},"18":{"start":{"line":19,"column":0},"end":{"line":19,"column":11}},"19":{"start":{"line":20,"column":0},"end":{"line":20,"column":17}},"20":{"start":{"line":21,"column":0},"end":{"line":21,"column":18}},"21":{"start":{"line":22,"column":0},"end":{"line":22,"column":17}},"23":{"start":{"line":24,"column":0},"end":{"line":24,"column":9}},"24":{"start":{"line":25,"column":0},"end":{"line":25,"column":7}},"25":{"start":{"line":26,"column":0},"end":{"line":26,"column":12}},"26":{"start":{"line":27,"column":0},"end":{"line":27,"column":9}},"27":{"start":{"line":28,"column":0},"end":{"line":28,"column":18}},"28":{"start":{"line":29,"column":0},"end":{"line":29,"column":17}},"29":{"start":{"line":30,"column":0},"end":{"line":30,"column":17}},"30":{"start":{"line":31,"column":0},"end":{"line":31,"column":11}},"31":{"start":{"line":32,"column":0},"end":{"line":32,"column":16}},"32":{"start":{"line":33,"column":0},"end":{"line":33,"column":20}},"33":{"start":{"line":34,"column":0},"end":{"line":34,"column":19}},"34":{"start":{"line":35,"column":0},"end":{"line":35,"column":28}},"35":{"start":{"line":36,"column":0},"end":{"line":36,"column":17}},"36":{"start":{"line":37,"column":0},"end":{"line":37,"column":25}},"37":{"start":{"line":38,"column":0},"end":{"line":38,"column":27}},"38":{"start":{"line":39,"column":0},"end":{"line":39,"column":18}},"39":{"start":{"line":40,"column":0},"end":{"line":40,"column":14}},"40":{"start":{"line":41,"column":0},"end":{"line":41,"column":20}},"41":{"start":{"line":42,"column":0},"end":{"line":42,"column":21}},"42":{"start":{"line":43,"column":0},"end":{"line":43,"column":17}},"44":{"start":{"line":45,"column":0},"end":{"line":45,"column":33}},"46":{"start":{"line":47,"column":0},"end":{"line":47,"column":44}},"47":{"start":{"line":48,"column":0},"end":{"line":48,"column":20}},"48":{"start":{"line":49,"column":0},"end":{"line":49,"column":5}},"49":{"start":{"line":50,"column":0},"end":{"line":50,"column":3}},"50":{"start":{"line":51,"column":0},"end":{"line":51,"column":32}},"57":{"start":{"line":58,"column":0},"end":{"line":58,"column":45}},"58":{"start":{"line":59,"column":0},"end":{"line":59,"column":19}},"59":{"start":{"line":60,"column":0},"end":{"line":60,"column":3}},"62":{"start":{"line":63,"column":0},"end":{"line":63,"column":31}},"64":{"start":{"line":65,"column":0},"end":{"line":65,"column":79}},"65":{"start":{"line":66,"column":0},"end":{"line":66,"column":3}},"68":{"start":{"line":69,"column":0},"end":{"line":69,"column":35}},"69":{"start":{"line":70,"column":0},"end":{"line":70,"column":21}},"70":{"start":{"line":71,"column":0},"end":{"line":71,"column":3}},"71":{"start":{"line":72,"column":0},"end":{"line":72,"column":37}},"72":{"start":{"line":73,"column":0},"end":{"line":73,"column":69}},"73":{"start":{"line":74,"column":0},"end":{"line":74,"column":24}},"74":{"start":{"line":75,"column":0},"end":{"line":75,"column":23}},"75":{"start":{"line":76,"column":0},"end":{"line":76,"column":5}},"76":{"start":{"line":77,"column":0},"end":{"line":77,"column":3}},"79":{"start":{"line":80,"column":0},"end":{"line":80,"column":34}},"80":{"start":{"line":81,"column":0},"end":{"line":81,"column":20}},"81":{"start":{"line":82,"column":0},"end":{"line":82,"column":3}},"82":{"start":{"line":83,"column":0},"end":{"line":83,"column":37}},"83":{"start":{"line":84,"column":0},"end":{"line":84,"column":69}},"84":{"start":{"line":85,"column":0},"end":{"line":85,"column":24}},"85":{"start":{"line":86,"column":0},"end":{"line":86,"column":22}},"86":{"start":{"line":87,"column":0},"end":{"line":87,"column":5}},"87":{"start":{"line":88,"column":0},"end":{"line":88,"column":3}},"89":{"start":{"line":90,"column":0},"end":{"line":90,"column":28}},"90":{"start":{"line":91,"column":0},"end":{"line":91,"column":19}},"91":{"start":{"line":92,"column":0},"end":{"line":92,"column":24}},"92":{"start":{"line":93,"column":0},"end":{"line":93,"column":32}},"93":{"start":{"line":94,"column":0},"end":{"line":94,"column":26}},"94":{"start":{"line":95,"column":0},"end":{"line":95,"column":66}},"95":{"start":{"line":96,"column":0},"end":{"line":96,"column":65}},"96":{"start":{"line":97,"column":0},"end":{"line":97,"column":28}},"97":{"start":{"line":98,"column":0},"end":{"line":98,"column":76}},"98":{"start":{"line":99,"column":0},"end":{"line":99,"column":64}},"99":{"start":{"line":100,"column":0},"end":{"line":100,"column":3}},"101":{"start":{"line":102,"column":0},"end":{"line":102,"column":10}},"102":{"start":{"line":103,"column":0},"end":{"line":103,"column":8}},"103":{"start":{"line":104,"column":0},"end":{"line":104,"column":17}},"104":{"start":{"line":105,"column":0},"end":{"line":105,"column":47}},"105":{"start":{"line":106,"column":0},"end":{"line":106,"column":70}},"107":{"start":{"line":108,"column":0},"end":{"line":108,"column":30}},"108":{"start":{"line":109,"column":0},"end":{"line":109,"column":18}},"109":{"start":{"line":110,"column":0},"end":{"line":110,"column":21}},"110":{"start":{"line":111,"column":0},"end":{"line":111,"column":28}},"111":{"start":{"line":112,"column":0},"end":{"line":112,"column":29}},"112":{"start":{"line":113,"column":0},"end":{"line":113,"column":38}},"113":{"start":{"line":114,"column":0},"end":{"line":114,"column":40}},"114":{"start":{"line":115,"column":0},"end":{"line":115,"column":31}},"115":{"start":{"line":116,"column":0},"end":{"line":116,"column":23}},"116":{"start":{"line":117,"column":0},"end":{"line":117,"column":27}},"117":{"start":{"line":118,"column":0},"end":{"line":118,"column":8}},"118":{"start":{"line":119,"column":0},"end":{"line":119,"column":25}},"119":{"start":{"line":120,"column":0},"end":{"line":120,"column":29}},"120":{"start":{"line":121,"column":0},"end":{"line":121,"column":8}},"121":{"start":{"line":122,"column":0},"end":{"line":122,"column":32}},"124":{"start":{"line":125,"column":0},"end":{"line":125,"column":12}},"125":{"start":{"line":126,"column":0},"end":{"line":126,"column":15}},"126":{"start":{"line":127,"column":0},"end":{"line":127,"column":40}},"127":{"start":{"line":128,"column":0},"end":{"line":128,"column":19}},"128":{"start":{"line":129,"column":0},"end":{"line":129,"column":26}},"129":{"start":{"line":130,"column":0},"end":{"line":130,"column":25}},"130":{"start":{"line":131,"column":0},"end":{"line":131,"column":10}},"131":{"start":{"line":132,"column":0},"end":{"line":132,"column":19}},"132":{"start":{"line":133,"column":0},"end":{"line":133,"column":29}},"133":{"start":{"line":134,"column":0},"end":{"line":134,"column":26}},"134":{"start":{"line":135,"column":0},"end":{"line":135,"column":21}},"135":{"start":{"line":136,"column":0},"end":{"line":136,"column":16}},"136":{"start":{"line":137,"column":0},"end":{"line":137,"column":41}},"137":{"start":{"line":138,"column":0},"end":{"line":138,"column":8}},"138":{"start":{"line":139,"column":0},"end":{"line":139,"column":76}},"139":{"start":{"line":140,"column":0},"end":{"line":140,"column":22}},"140":{"start":{"line":141,"column":0},"end":{"line":141,"column":12}},"141":{"start":{"line":142,"column":0},"end":{"line":142,"column":10}},"142":{"start":{"line":143,"column":0},"end":{"line":143,"column":19}},"143":{"start":{"line":144,"column":0},"end":{"line":144,"column":60}},"144":{"start":{"line":145,"column":0},"end":{"line":145,"column":66}},"145":{"start":{"line":146,"column":0},"end":{"line":146,"column":72}},"147":{"start":{"line":148,"column":0},"end":{"line":148,"column":23}},"148":{"start":{"line":149,"column":0},"end":{"line":149,"column":29}},"149":{"start":{"line":150,"column":0},"end":{"line":150,"column":25}},"150":{"start":{"line":151,"column":0},"end":{"line":151,"column":20}},"151":{"start":{"line":152,"column":0},"end":{"line":152,"column":36}},"152":{"start":{"line":153,"column":0},"end":{"line":153,"column":21}},"153":{"start":{"line":154,"column":0},"end":{"line":154,"column":24}},"154":{"start":{"line":155,"column":0},"end":{"line":155,"column":28}},"155":{"start":{"line":156,"column":0},"end":{"line":156,"column":10}},"156":{"start":{"line":157,"column":0},"end":{"line":157,"column":27}},"157":{"start":{"line":158,"column":0},"end":{"line":158,"column":31}},"158":{"start":{"line":159,"column":0},"end":{"line":159,"column":10}},"159":{"start":{"line":160,"column":0},"end":{"line":160,"column":42}},"160":{"start":{"line":161,"column":0},"end":{"line":161,"column":8}},"161":{"start":{"line":162,"column":0},"end":{"line":162,"column":10}},"162":{"start":{"line":163,"column":0},"end":{"line":163,"column":19}},"163":{"start":{"line":164,"column":0},"end":{"line":164,"column":60}},"164":{"start":{"line":165,"column":0},"end":{"line":165,"column":33}},"166":{"start":{"line":167,"column":0},"end":{"line":167,"column":19}},"167":{"start":{"line":168,"column":0},"end":{"line":168,"column":33}},"168":{"start":{"line":169,"column":0},"end":{"line":169,"column":8}},"169":{"start":{"line":170,"column":0},"end":{"line":170,"column":10}},"171":{"start":{"line":172,"column":0},"end":{"line":172,"column":1}}},"s":{"0":1,"1":1,"2":1,"3":1,"4":1,"5":1,"12":37,"14":37,"15":37,"16":37,"17":37,"18":37,"19":37,"20":37,"21":37,"23":37,"24":37,"25":37,"26":37,"27":37,"28":37,"29":37,"30":37,"31":37,"32":37,"33":37,"34":37,"35":37,"36":37,"37":37,"38":37,"39":37,"40":37,"41":37,"42":37,"44":37,"46":12,"47":10,"48":10,"49":12,"50":37,"57":2,"58":2,"59":2,"62":37,"64":5,"65":5,"68":37,"69":5,"70":5,"71":37,"72":8,"73":7,"74":7,"75":7,"76":8,"79":37,"80":1,"81":1,"82":37,"83":1,"84":1,"85":1,"86":1,"87":1,"89":37,"90":37,"91":37,"92":37,"93":37,"94":37,"95":37,"96":37,"97":37,"98":37,"99":37,"101":37,"102":37,"103":37,"104":37,"105":37,"107":37,"108":37,"109":37,"110":37,"111":37,"112":37,"113":37,"114":37,"115":37,"116":5,"117":5,"118":37,"119":8,"120":8,"121":37,"124":37,"125":37,"126":37,"127":37,"128":37,"129":5,"130":5,"131":37,"132":37,"133":37,"134":37,"135":37,"136":37,"137":37,"138":37,"139":37,"140":37,"141":37,"142":37,"143":37,"144":37,"145":37,"147":37,"148":37,"149":37,"150":37,"151":37,"152":37,"153":37,"154":1,"155":1,"156":37,"157":1,"158":1,"159":37,"160":37,"161":37,"162":37,"163":37,"164":37,"166":37,"167":37,"168":37,"169":37,"171":37},"branchMap":{"0":{"type":"branch","line":13,"loc":{"start":{"line":13,"column":0},"end":{"line":172,"column":1}},"locations":[{"start":{"line":13,"column":0},"end":{"line":172,"column":1}}]},"1":{"type":"branch","line":95,"loc":{"start":{"line":95,"column":18},"end":{"line":95,"column":53}},"locations":[{"start":{"line":95,"column":18},"end":{"line":95,"column":53}}]},"2":{"type":"branch","line":95,"loc":{"start":{"line":95,"column":27},"end":{"line":95,"column":66}},"locations":[{"start":{"line":95,"column":27},"end":{"line":95,"column":66}}]},"3":{"type":"branch","line":98,"loc":{"start":{"line":98,"column":15},"end":{"line":98,"column":66}},"locations":[{"start":{"line":98,"column":15},"end":{"line":98,"column":66}}]},"4":{"type":"branch","line":99,"loc":{"start":{"line":99,"column":33},"end":{"line":99,"column":51}},"locations":[{"start":{"line":99,"column":33},"end":{"line":99,"column":51}}]},"5":{"type":"branch","line":99,"loc":{"start":{"line":99,"column":42},"end":{"line":99,"column":57}},"locations":[{"start":{"line":99,"column":42},"end":{"line":99,"column":57}}]},"6":{"type":"branch","line":106,"loc":{"start":{"line":106,"column":26},"end":{"line":106,"column":67}},"locations":[{"start":{"line":106,"column":26},"end":{"line":106,"column":67}}]},"7":{"type":"branch","line":145,"loc":{"start":{"line":145,"column":28},"end":{"line":145,"column":61}},"locations":[{"start":{"line":145,"column":28},"end":{"line":145,"column":61}}]},"8":{"type":"branch","line":145,"loc":{"start":{"line":145,"column":55},"end":{"line":145,"column":66}},"locations":[{"start":{"line":145,"column":55},"end":{"line":145,"column":66}}]},"9":{"type":"branch","line":146,"loc":{"start":{"line":146,"column":28},"end":{"line":146,"column":69}},"locations":[{"start":{"line":146,"column":28},"end":{"line":146,"column":69}}]},"10":{"type":"branch","line":165,"loc":{"start":{"line":165,"column":11},"end":{"line":165,"column":33}},"locations":[{"start":{"line":165,"column":11},"end":{"line":165,"column":33}}]},"11":{"type":"branch","line":45,"loc":{"start":{"line":45,"column":25},"end":{"line":50,"column":3}},"locations":[{"start":{"line":45,"column":25},"end":{"line":50,"column":3}}]},"12":{"type":"branch","line":47,"loc":{"start":{"line":47,"column":43},"end":{"line":49,"column":5}},"locations":[{"start":{"line":47,"column":43},"end":{"line":49,"column":5}}]},"13":{"type":"branch","line":51,"loc":{"start":{"line":51,"column":25},"end":{"line":60,"column":3}},"locations":[{"start":{"line":51,"column":25},"end":{"line":60,"column":3}}]},"14":{"type":"branch","line":63,"loc":{"start":{"line":63,"column":23},"end":{"line":66,"column":3}},"locations":[{"start":{"line":63,"column":23},"end":{"line":66,"column":3}}]},"15":{"type":"branch","line":65,"loc":{"start":{"line":65,"column":22},"end":{"line":65,"column":61}},"locations":[{"start":{"line":65,"column":22},"end":{"line":65,"column":61}}]},"16":{"type":"branch","line":69,"loc":{"start":{"line":69,"column":27},"end":{"line":71,"column":3}},"locations":[{"start":{"line":69,"column":27},"end":{"line":71,"column":3}}]},"17":{"type":"branch","line":72,"loc":{"start":{"line":72,"column":29},"end":{"line":77,"column":3}},"locations":[{"start":{"line":72,"column":29},"end":{"line":77,"column":3}}]},"18":{"type":"branch","line":73,"loc":{"start":{"line":73,"column":18},"end":{"line":73,"column":49}},"locations":[{"start":{"line":73,"column":18},"end":{"line":73,"column":49}}]},"19":{"type":"branch","line":73,"loc":{"start":{"line":73,"column":35},"end":{"line":73,"column":68}},"locations":[{"start":{"line":73,"column":35},"end":{"line":73,"column":68}}]},"20":{"type":"branch","line":73,"loc":{"start":{"line":73,"column":68},"end":{"line":76,"column":5}},"locations":[{"start":{"line":73,"column":68},"end":{"line":76,"column":5}}]},"21":{"type":"branch","line":80,"loc":{"start":{"line":80,"column":27},"end":{"line":82,"column":3}},"locations":[{"start":{"line":80,"column":27},"end":{"line":82,"column":3}}]},"22":{"type":"branch","line":83,"loc":{"start":{"line":83,"column":29},"end":{"line":88,"column":3}},"locations":[{"start":{"line":83,"column":29},"end":{"line":88,"column":3}}]},"23":{"type":"branch","line":116,"loc":{"start":{"line":116,"column":15},"end":{"line":118,"column":8}},"locations":[{"start":{"line":116,"column":15},"end":{"line":118,"column":8}}]},"24":{"type":"branch","line":119,"loc":{"start":{"line":119,"column":17},"end":{"line":121,"column":8}},"locations":[{"start":{"line":119,"column":17},"end":{"line":121,"column":8}}]},"25":{"type":"branch","line":129,"loc":{"start":{"line":129,"column":18},"end":{"line":131,"column":10}},"locations":[{"start":{"line":129,"column":18},"end":{"line":131,"column":10}}]},"26":{"type":"branch","line":154,"loc":{"start":{"line":154,"column":17},"end":{"line":156,"column":10}},"locations":[{"start":{"line":154,"column":17},"end":{"line":156,"column":10}}]},"27":{"type":"branch","line":157,"loc":{"start":{"line":157,"column":19},"end":{"line":159,"column":10}},"locations":[{"start":{"line":157,"column":19},"end":{"line":159,"column":10}}]}},"b":{"0":[37],"1":[10],"2":[27],"3":[0],"4":[0],"5":[0],"6":[0],"7":[9],"8":[28],"9":[0],"10":[10],"11":[12],"12":[10],"13":[2],"14":[5],"15":[0],"16":[5],"17":[8],"18":[7],"19":[7],"20":[7],"21":[1],"22":[1],"23":[5],"24":[8],"25":[5],"26":[1],"27":[1]},"fnMap":{"0":{"name":"SelectInput","decl":{"start":{"line":13,"column":0},"end":{"line":172,"column":1}},"loc":{"start":{"line":13,"column":0},"end":{"line":172,"column":1}},"line":13},"1":{"name":"toggleDropdown","decl":{"start":{"line":45,"column":25},"end":{"line":50,"column":3}},"loc":{"start":{"line":45,"column":25},"end":{"line":50,"column":3}},"line":45},"2":{"name":"clearSelection","decl":{"start":{"line":51,"column":25},"end":{"line":60,"column":3}},"loc":{"start":{"line":51,"column":25},"end":{"line":60,"column":3}},"line":51},"3":{"name":"handleChange","decl":{"start":{"line":63,"column":23},"end":{"line":66,"column":3}},"loc":{"start":{"line":63,"column":23},"end":{"line":66,"column":3}},"line":63},"4":{"name":"handleInputClick","decl":{"start":{"line":69,"column":27},"end":{"line":71,"column":3}},"loc":{"start":{"line":69,"column":27},"end":{"line":71,"column":3}},"line":69},"5":{"name":"handleInputKeyDown","decl":{"start":{"line":72,"column":29},"end":{"line":77,"column":3}},"loc":{"start":{"line":72,"column":29},"end":{"line":77,"column":3}},"line":72},"6":{"name":"handleClearClick","decl":{"start":{"line":80,"column":27},"end":{"line":82,"column":3}},"loc":{"start":{"line":80,"column":27},"end":{"line":82,"column":3}},"line":80},"7":{"name":"handleClearKeyDown","decl":{"start":{"line":83,"column":29},"end":{"line":88,"column":3}},"loc":{"start":{"line":83,"column":29},"end":{"line":88,"column":3}},"line":83},"8":{"name":"onClick","decl":{"start":{"line":116,"column":15},"end":{"line":118,"column":8}},"loc":{"start":{"line":116,"column":15},"end":{"line":118,"column":8}},"line":116},"9":{"name":"onKeyDown","decl":{"start":{"line":119,"column":17},"end":{"line":121,"column":8}},"loc":{"start":{"line":119,"column":17},"end":{"line":121,"column":8}},"line":119},"10":{"name":"onChange","decl":{"start":{"line":129,"column":18},"end":{"line":131,"column":10}},"loc":{"start":{"line":129,"column":18},"end":{"line":131,"column":10}},"line":129},"11":{"name":"onClick","decl":{"start":{"line":154,"column":17},"end":{"line":156,"column":10}},"loc":{"start":{"line":154,"column":17},"end":{"line":156,"column":10}},"line":154},"12":{"name":"onKeyDown","decl":{"start":{"line":157,"column":19},"end":{"line":159,"column":10}},"loc":{"start":{"line":157,"column":19},"end":{"line":159,"column":10}},"line":157}},"f":{"0":37,"1":12,"2":2,"3":5,"4":5,"5":8,"6":1,"7":1,"8":5,"9":8,"10":5,"11":1,"12":1}}
,"F:\\perso\\formation openclassroom\\dossiers exercices\\select_menu\\lib\\context\\activeOptionContext.js": {"path":"F:\\perso\\formation openclassroom\\dossiers exercices\\select_menu\\lib\\context\\activeOptionContext.js","all":false,"statementMap":{"0":{"start":{"line":1,"column":0},"end":{"line":1,"column":60}},"1":{"start":{"line":2,"column":0},"end":{"line":2,"column":0}},"2":{"start":{"line":3,"column":0},"end":{"line":3,"column":3}},"3":{"start":{"line":4,"column":0},"end":{"line":4,"column":28}},"4":{"start":{"line":5,"column":0},"end":{"line":5,"column":3}},"5":{"start":{"line":6,"column":0},"end":{"line":6,"column":50}},"6":{"start":{"line":7,"column":0},"end":{"line":7,"column":23}},"7":{"start":{"line":8,"column":0},"end":{"line":8,"column":36}},"8":{"start":{"line":9,"column":0},"end":{"line":9,"column":2}}},"s":{"0":1,"1":1,"2":1,"3":1,"4":1,"5":1,"6":1,"7":1,"8":1},"branchMap":{},"b":{},"fnMap":{"0":{"name":"defineActiveOptionIndex","decl":{"start":{"line":8,"column":27},"end":{"line":8,"column":35}},"loc":{"start":{"line":8,"column":27},"end":{"line":8,"column":35}},"line":8}},"f":{"0":0}}
,"F:\\perso\\formation openclassroom\\dossiers exercices\\select_menu\\lib\\context\\configContext.js": {"path":"F:\\perso\\formation openclassroom\\dossiers exercices\\select_menu\\lib\\context\\configContext.js","all":false,"statementMap":{"0":{"start":{"line":1,"column":0},"end":{"line":1,"column":60}},"1":{"start":{"line":2,"column":0},"end":{"line":2,"column":65}},"2":{"start":{"line":3,"column":0},"end":{"line":3,"column":0}},"3":{"start":{"line":4,"column":0},"end":{"line":4,"column":3}},"4":{"start":{"line":5,"column":0},"end":{"line":5,"column":33}},"5":{"start":{"line":6,"column":0},"end":{"line":6,"column":3}},"6":{"start":{"line":7,"column":0},"end":{"line":7,"column":44}},"7":{"start":{"line":8,"column":0},"end":{"line":8,"column":24}},"8":{"start":{"line":9,"column":0},"end":{"line":9,"column":25}},"9":{"start":{"line":10,"column":0},"end":{"line":10,"column":2}}},"s":{"0":1,"1":1,"2":1,"3":1,"4":1,"5":1,"6":1,"7":1,"8":1,"9":1},"branchMap":{},"b":{},"fnMap":{"0":{"name":"defineConfig","decl":{"start":{"line":9,"column":16},"end":{"line":9,"column":24}},"loc":{"start":{"line":9,"column":16},"end":{"line":9,"column":24}},"line":9}},"f":{"0":0}}
,"F:\\perso\\formation openclassroom\\dossiers exercices\\select_menu\\lib\\context\\selectContext.js": {"path":"F:\\perso\\formation openclassroom\\dossiers exercices\\select_menu\\lib\\context\\selectContext.js","all":false,"statementMap":{"0":{"start":{"line":1,"column":0},"end":{"line":1,"column":60}},"1":{"start":{"line":2,"column":0},"end":{"line":2,"column":0}},"2":{"start":{"line":3,"column":0},"end":{"line":3,"column":3}},"3":{"start":{"line":4,"column":0},"end":{"line":4,"column":57}},"4":{"start":{"line":5,"column":0},"end":{"line":5,"column":3}},"5":{"start":{"line":6,"column":0},"end":{"line":6,"column":44}},"6":{"start":{"line":7,"column":0},"end":{"line":7,"column":13}},"7":{"start":{"line":8,"column":0},"end":{"line":8,"column":11}},"8":{"start":{"line":9,"column":0},"end":{"line":9,"column":13}},"9":{"start":{"line":10,"column":0},"end":{"line":10,"column":14}},"10":{"start":{"line":11,"column":0},"end":{"line":11,"column":14}},"11":{"start":{"line":12,"column":0},"end":{"line":12,"column":23}},"12":{"start":{"line":13,"column":0},"end":{"line":13,"column":36}},"13":{"start":{"line":14,"column":0},"end":{"line":14,"column":26}},"14":{"start":{"line":15,"column":0},"end":{"line":15,"column":27}},"15":{"start":{"line":16,"column":0},"end":{"line":16,"column":25}},"16":{"start":{"line":17,"column":0},"end":{"line":17,"column":2}}},"s":{"0":1,"1":1,"2":1,"3":1,"4":1,"5":1,"6":1,"7":1,"8":1,"9":1,"10":1,"11":1,"12":1,"13":1,"14":1,"15":1,"16":1},"branchMap":{},"b":{},"fnMap":{"0":{"name":"clearSelected","decl":{"start":{"line":14,"column":17},"end":{"line":14,"column":25}},"loc":{"start":{"line":14,"column":17},"end":{"line":14,"column":25}},"line":14},"1":{"name":"defineSelected","decl":{"start":{"line":15,"column":18},"end":{"line":15,"column":26}},"loc":{"start":{"line":15,"column":18},"end":{"line":15,"column":26}},"line":15},"2":{"name":"toggleIsOpen","decl":{"start":{"line":16,"column":16},"end":{"line":16,"column":24}},"loc":{"start":{"line":16,"column":16},"end":{"line":16,"column":24}},"line":16}},"f":{"0":0,"1":0,"2":0}}
,"F:\\perso\\formation openclassroom\\dossiers exercices\\select_menu\\lib\\context\\ActiveOptionContextProvider\\ActiveOptionContextProvider.jsx": {"path":"F:\\perso\\formation openclassroom\\dossiers exercices\\select_menu\\lib\\context\\ActiveOptionContextProvider\\ActiveOptionContextProvider.jsx","all":false,"statementMap":{"0":{"start":{"line":1,"column":0},"end":{"line":1,"column":32}},"1":{"start":{"line":2,"column":0},"end":{"line":2,"column":60}},"2":{"start":{"line":3,"column":0},"end":{"line":3,"column":34}},"4":{"start":{"line":5,"column":0},"end":{"line":5,"column":67}},"5":{"start":{"line":6,"column":0},"end":{"line":6,"column":63}},"6":{"start":{"line":7,"column":0},"end":{"line":7,"column":46}},"7":{"start":{"line":8,"column":0},"end":{"line":8,"column":31}},"8":{"start":{"line":9,"column":0},"end":{"line":9,"column":3}},"9":{"start":{"line":10,"column":0},"end":{"line":10,"column":10}},"10":{"start":{"line":11,"column":0},"end":{"line":11,"column":33}},"11":{"start":{"line":12,"column":0},"end":{"line":12,"column":60}},"13":{"start":{"line":14,"column":0},"end":{"line":14,"column":16}},"14":{"start":{"line":15,"column":0},"end":{"line":15,"column":35}},"16":{"start":{"line":17,"column":0},"end":{"line":17,"column":1}},"17":{"start":{"line":18,"column":0},"end":{"line":18,"column":41}},"18":{"start":{"line":19,"column":0},"end":{"line":19,"column":27}},"19":{"start":{"line":20,"column":0},"end":{"line":20,"column":1}}},"s":{"0":1,"1":1,"2":1,"4":45,"5":45,"6":45,"7":10,"8":10,"9":45,"10":45,"11":45,"13":45,"14":45,"16":45,"17":1,"18":1,"19":1},"branchMap":{"0":{"type":"branch","line":5,"loc":{"start":{"line":5,"column":0},"end":{"line":17,"column":1}},"locations":[{"start":{"line":5,"column":0},"end":{"line":17,"column":1}}]},"1":{"type":"branch","line":7,"loc":{"start":{"line":7,"column":34},"end":{"line":9,"column":3}},"locations":[{"start":{"line":7,"column":34},"end":{"line":9,"column":3}}]}},"b":{"0":[45],"1":[10]},"fnMap":{"0":{"name":"ActiveOptionContextProvider","decl":{"start":{"line":5,"column":0},"end":{"line":17,"column":1}},"loc":{"start":{"line":5,"column":0},"end":{"line":17,"column":1}},"line":5},"1":{"name":"defineActiveOptionIndex","decl":{"start":{"line":7,"column":34},"end":{"line":9,"column":3}},"loc":{"start":{"line":7,"column":34},"end":{"line":9,"column":3}},"line":7}},"f":{"0":45,"1":10}}
,"F:\\perso\\formation openclassroom\\dossiers exercices\\select_menu\\lib\\context\\ConfigContextProvider\\ConfigContextprovider.jsx": {"path":"F:\\perso\\formation openclassroom\\dossiers exercices\\select_menu\\lib\\context\\ConfigContextProvider\\ConfigContextprovider.jsx","all":false,"statementMap":{"0":{"start":{"line":1,"column":0},"end":{"line":1,"column":32}},"1":{"start":{"line":2,"column":0},"end":{"line":2,"column":48}},"2":{"start":{"line":3,"column":0},"end":{"line":3,"column":52}},"3":{"start":{"line":4,"column":0},"end":{"line":4,"column":8}},"14":{"start":{"line":15,"column":0},"end":{"line":15,"column":34}},"16":{"start":{"line":17,"column":0},"end":{"line":17,"column":61}},"17":{"start":{"line":18,"column":0},"end":{"line":18,"column":53}},"20":{"start":{"line":21,"column":0},"end":{"line":21,"column":35}},"21":{"start":{"line":22,"column":0},"end":{"line":22,"column":31}},"22":{"start":{"line":23,"column":0},"end":{"line":23,"column":22}},"23":{"start":{"line":24,"column":0},"end":{"line":24,"column":22}},"24":{"start":{"line":25,"column":0},"end":{"line":25,"column":20}},"25":{"start":{"line":26,"column":0},"end":{"line":26,"column":17}},"26":{"start":{"line":27,"column":0},"end":{"line":27,"column":7}},"28":{"start":{"line":29,"column":0},"end":{"line":29,"column":68}},"29":{"start":{"line":30,"column":0},"end":{"line":30,"column":36}},"30":{"start":{"line":31,"column":0},"end":{"line":31,"column":34}},"31":{"start":{"line":32,"column":0},"end":{"line":32,"column":35}},"32":{"start":{"line":33,"column":0},"end":{"line":33,"column":7}},"35":{"start":{"line":36,"column":0},"end":{"line":36,"column":64}},"38":{"start":{"line":39,"column":0},"end":{"line":39,"column":66}},"39":{"start":{"line":40,"column":0},"end":{"line":40,"column":28}},"40":{"start":{"line":41,"column":0},"end":{"line":41,"column":31}},"41":{"start":{"line":42,"column":0},"end":{"line":42,"column":7}},"44":{"start":{"line":45,"column":0},"end":{"line":45,"column":54}},"45":{"start":{"line":46,"column":0},"end":{"line":46,"column":32}},"46":{"start":{"line":47,"column":0},"end":{"line":47,"column":21}},"47":{"start":{"line":48,"column":0},"end":{"line":48,"column":7}},"49":{"start":{"line":50,"column":0},"end":{"line":50,"column":60}},"50":{"start":{"line":51,"column":0},"end":{"line":51,"column":32}},"51":{"start":{"line":52,"column":0},"end":{"line":52,"column":21}},"52":{"start":{"line":53,"column":0},"end":{"line":53,"column":7}},"54":{"start":{"line":55,"column":0},"end":{"line":55,"column":60}},"55":{"start":{"line":56,"column":0},"end":{"line":56,"column":32}},"56":{"start":{"line":57,"column":0},"end":{"line":57,"column":27}},"57":{"start":{"line":58,"column":0},"end":{"line":58,"column":7}},"59":{"start":{"line":60,"column":0},"end":{"line":60,"column":72}},"62":{"start":{"line":63,"column":0},"end":{"line":63,"column":68}},"63":{"start":{"line":64,"column":0},"end":{"line":64,"column":23}},"64":{"start":{"line":65,"column":0},"end":{"line":65,"column":23}},"65":{"start":{"line":66,"column":0},"end":{"line":66,"column":7}},"66":{"start":{"line":67,"column":0},"end":{"line":67,"column":19}},"67":{"start":{"line":68,"column":0},"end":{"line":68,"column":6}},"68":{"start":{"line":69,"column":0},"end":{"line":69,"column":3}},"70":{"start":{"line":71,"column":0},"end":{"line":71,"column":10}},"71":{"start":{"line":72,"column":0},"end":{"line":72,"column":61}},"72":{"start":{"line":73,"column":0},"end":{"line":73,"column":16}},"73":{"start":{"line":74,"column":0},"end":{"line":74,"column":29}},"75":{"start":{"line":76,"column":0},"end":{"line":76,"column":1}},"76":{"start":{"line":77,"column":0},"end":{"line":77,"column":35}},"77":{"start":{"line":78,"column":0},"end":{"line":78,"column":27}},"103":{"start":{"line":104,"column":0},"end":{"line":104,"column":1}}},"s":{"0":1,"1":1,"2":1,"3":1,"14":1,"16":32,"17":32,"20":32,"21":16,"22":16,"23":16,"24":16,"25":16,"26":16,"28":16,"29":16,"30":16,"31":16,"32":16,"35":16,"38":16,"39":16,"40":16,"41":16,"44":16,"45":16,"46":16,"47":16,"49":16,"50":16,"51":16,"52":16,"54":16,"55":16,"56":16,"57":16,"59":16,"62":16,"63":16,"64":16,"65":16,"66":16,"67":16,"68":16,"70":32,"71":32,"72":32,"73":32,"75":32,"76":1,"77":1,"103":1},"branchMap":{"0":{"type":"branch","line":17,"loc":{"start":{"line":17,"column":0},"end":{"line":76,"column":1}},"locations":[{"start":{"line":17,"column":0},"end":{"line":76,"column":1}}]},"1":{"type":"branch","line":21,"loc":{"start":{"line":21,"column":23},"end":{"line":69,"column":3}},"locations":[{"start":{"line":21,"column":23},"end":{"line":69,"column":3}}]},"2":{"type":"branch","line":22,"loc":{"start":{"line":22,"column":14},"end":{"line":68,"column":5}},"locations":[{"start":{"line":22,"column":14},"end":{"line":68,"column":5}}]}},"b":{"0":[32],"1":[16],"2":[16]},"fnMap":{"0":{"name":"ConfigContextProvider","decl":{"start":{"line":17,"column":0},"end":{"line":76,"column":1}},"loc":{"start":{"line":17,"column":0},"end":{"line":76,"column":1}},"line":17},"1":{"name":"defineConfig","decl":{"start":{"line":21,"column":23},"end":{"line":69,"column":3}},"loc":{"start":{"line":21,"column":23},"end":{"line":69,"column":3}},"line":21}},"f":{"0":32,"1":16}}
,"F:\\perso\\formation openclassroom\\dossiers exercices\\select_menu\\lib\\context\\SelectContextProvider\\SelectContextProvider.jsx": {"path":"F:\\perso\\formation openclassroom\\dossiers exercices\\select_menu\\lib\\context\\SelectContextProvider\\SelectContextProvider.jsx","all":false,"statementMap":{"0":{"start":{"line":1,"column":0},"end":{"line":1,"column":32}},"1":{"start":{"line":2,"column":0},"end":{"line":2,"column":48}},"2":{"start":{"line":3,"column":0},"end":{"line":3,"column":34}},"4":{"start":{"line":5,"column":0},"end":{"line":5,"column":61}},"5":{"start":{"line":6,"column":0},"end":{"line":6,"column":32}},"6":{"start":{"line":7,"column":0},"end":{"line":7,"column":11}},"7":{"start":{"line":8,"column":0},"end":{"line":8,"column":13}},"8":{"start":{"line":9,"column":0},"end":{"line":9,"column":14}},"9":{"start":{"line":10,"column":0},"end":{"line":10,"column":14}},"10":{"start":{"line":11,"column":0},"end":{"line":11,"column":3}},"11":{"start":{"line":12,"column":0},"end":{"line":12,"column":64}},"13":{"start":{"line":14,"column":0},"end":{"line":14,"column":45}},"15":{"start":{"line":16,"column":0},"end":{"line":16,"column":54}},"16":{"start":{"line":17,"column":0},"end":{"line":17,"column":17}},"17":{"start":{"line":18,"column":0},"end":{"line":18,"column":9}},"18":{"start":{"line":19,"column":0},"end":{"line":19,"column":11}},"19":{"start":{"line":20,"column":0},"end":{"line":20,"column":12}},"20":{"start":{"line":21,"column":0},"end":{"line":21,"column":12}},"21":{"start":{"line":22,"column":0},"end":{"line":22,"column":6}},"22":{"start":{"line":23,"column":0},"end":{"line":23,"column":3}},"23":{"start":{"line":24,"column":0},"end":{"line":24,"column":31}},"24":{"start":{"line":25,"column":0},"end":{"line":25,"column":37}},"25":{"start":{"line":26,"column":0},"end":{"line":26,"column":3}},"29":{"start":{"line":30,"column":0},"end":{"line":30,"column":30}},"30":{"start":{"line":31,"column":0},"end":{"line":31,"column":36}},"31":{"start":{"line":32,"column":0},"end":{"line":32,"column":3}},"33":{"start":{"line":34,"column":0},"end":{"line":34,"column":10}},"34":{"start":{"line":35,"column":0},"end":{"line":35,"column":27}},"35":{"start":{"line":36,"column":0},"end":{"line":36,"column":14}},"36":{"start":{"line":37,"column":0},"end":{"line":37,"column":17}},"38":{"start":{"line":39,"column":0},"end":{"line":39,"colum
[...]
anch","line":11,"loc":{"start":{"line":11,"column":4},"end":{"line":11,"column":13}},"locations":[{"start":{"line":11,"column":4},"end":{"line":11,"column":13}}]},"6":{"type":"branch","line":14,"loc":{"start":{"line":14,"column":4},"end":{"line":14,"column":43}},"locations":[{"start":{"line":14,"column":4},"end":{"line":14,"column":43}}]},"7":{"type":"branch","line":17,"loc":{"start":{"line":17,"column":36},"end":{"line":19,"column":1}},"locations":[{"start":{"line":17,"column":36},"end":{"line":19,"column":1}}]},"8":{"type":"branch","line":18,"loc":{"start":{"line":18,"column":43},"end":{"line":18,"column":51}},"locations":[{"start":{"line":18,"column":43},"end":{"line":18,"column":51}}]},"9":{"type":"branch","line":21,"loc":{"start":{"line":21,"column":39},"end":{"line":23,"column":1}},"locations":[{"start":{"line":21,"column":39},"end":{"line":23,"column":1}}]},"10":{"type":"branch","line":22,"loc":{"start":{"line":22,"column":48},"end":{"line":22,"column":51}},"locations":[{"start":{"line":22,"column":48},"end":{"line":22,"column":51}}]},"11":{"type":"branch","line":25,"loc":{"start":{"line":25,"column":39},"end":{"line":31,"column":1}},"locations":[{"start":{"line":25,"column":39},"end":{"line":31,"column":1}}]},"12":{"type":"branch","line":27,"loc":{"start":{"line":27,"column":4},"end":{"line":27,"column":13}},"locations":[{"start":{"line":27,"column":4},"end":{"line":27,"column":13}}]},"13":{"type":"branch","line":30,"loc":{"start":{"line":30,"column":4},"end":{"line":30,"column":43}},"locations":[{"start":{"line":30,"column":4},"end":{"line":30,"column":43}}]},"14":{"type":"branch","line":33,"loc":{"start":{"line":33,"column":33},"end":{"line":35,"column":1}},"locations":[{"start":{"line":33,"column":33},"end":{"line":35,"column":1}}]},"15":{"type":"branch","line":34,"loc":{"start":{"line":34,"column":49},"end":{"line":34,"column":57}},"locations":[{"start":{"line":34,"column":49},"end":{"line":34,"column":57}}]},"16":{"type":"branch","line":37,"loc":{"start":{"line":37,"column":31},"end":{"line":46,"column":1}},"locations":[{"start":{"line":37,"column":31},"end":{"line":46,"column":1}}]},"17":{"type":"branch","line":39,"loc":{"start":{"line":39,"column":4},"end":{"line":40,"column":37}},"locations":[{"start":{"line":39,"column":4},"end":{"line":40,"column":37}}]},"18":{"type":"branch","line":43,"loc":{"start":{"line":43,"column":4},"end":{"line":44,"column":41}},"locations":[{"start":{"line":43,"column":4},"end":{"line":44,"column":41}}]},"19":{"type":"branch","line":48,"loc":{"start":{"line":48,"column":43},"end":{"line":58,"column":1}},"locations":[{"start":{"line":48,"column":43},"end":{"line":58,"column":1}}]},"20":{"type":"branch","line":50,"loc":{"start":{"line":50,"column":16},"end":{"line":55,"column":3}},"locations":[{"start":{"line":50,"column":16},"end":{"line":55,"column":3}}]}},"b":{"0":[16],"1":[0],"2":[16],"3":[0],"4":[16],"5":[0],"6":[0],"7":[16],"8":[0],"9":[16],"10":[0],"11":[16],"12":[0],"13":[0],"14":[16],"15":[0],"16":[16],"17":[0],"18":[0],"19":[16],"20":[0]},"fnMap":{"0":{"name":"setValues","decl":{"start":{"line":1,"column":25},"end":{"line":3,"column":1}},"loc":{"start":{"line":1,"column":25},"end":{"line":3,"column":1}},"line":1},"1":{"name":"setOptGroup","decl":{"start":{"line":5,"column":27},"end":{"line":7,"column":1}},"loc":{"start":{"line":5,"column":27},"end":{"line":7,"column":1}},"line":5},"2":{"name":"setInputBorderRadiusOpened","decl":{"start":{"line":9,"column":42},"end":{"line":15,"column":1}},"loc":{"start":{"line":9,"column":42},"end":{"line":15,"column":1}},"line":9},"3":{"name":"setDropdownBorderTop","decl":{"start":{"line":17,"column":36},"end":{"line":19,"column":1}},"loc":{"start":{"line":17,"column":36},"end":{"line":19,"column":1}},"line":17},"4":{"name":"setDropdownBorderBottom","decl":{"start":{"line":21,"column":39},"end":{"line":23,"column":1}},"loc":{"start":{"line":21,"column":39},"end":{"line":23,"column":1}},"line":21},"5":{"name":"setDropdownBorderRadius","decl":{"start":{"line":25,"column":39},"end":{"line":31,"column":1}},"loc":{"start":{"line":25,"column":39},"end":{"line":31,"column":1}},"line":25},"6":{"name":"setDropdownBottom","decl":{"start":{"line":33,"column":33},"end":{"line":35,"column":1}},"loc":{"start":{"line":33,"column":33},"end":{"line":35,"column":1}},"line":33},"7":{"name":"setClassOnFocus","decl":{"start":{"line":37,"column":31},"end":{"line":46,"column":1}},"loc":{"start":{"line":37,"column":31},"end":{"line":46,"column":1}},"line":37},"8":{"name":"setLastFocusableOptionIndex","decl":{"start":{"line":48,"column":43},"end":{"line":58,"column":1}},"loc":{"start":{"line":48,"column":43},"end":{"line":58,"column":1}},"line":48}},"f":{"0":16,"1":16,"2":16,"3":16,"4":16,"5":16,"6":16,"7":16,"8":16}}
,"F:\\perso\\formation openclassroom\\dossiers exercices\\select_menu\\lib\\context\\default\\defaultConfig.js": {"path":"F:\\perso\\formation openclassroom\\dossiers exercices\\select_menu\\lib\\context\\default\\defaultConfig.js","all":false,"statementMap":{"0":{"start":{"line":1,"column":0},"end":{"line":1,"column":54}},"1":{"start":{"line":2,"column":0},"end":{"line":2,"column":0}},"2":{"start":{"line":3,"column":0},"end":{"line":3,"column":23}},"3":{"start":{"line":4,"column":0},"end":{"line":4,"column":15}},"4":{"start":{"line":5,"column":0},"end":{"line":5,"column":17}},"5":{"start":{"line":6,"column":0},"end":{"line":6,"column":125}},"6":{"start":{"line":7,"column":0},"end":{"line":7,"column":49}},"7":{"start":{"line":8,"column":0},"end":{"line":8,"column":80}},"8":{"start":{"line":9,"column":0},"end":{"line":9,"column":80}},"9":{"start":{"line":10,"column":0},"end":{"line":10,"column":24}},"10":{"start":{"line":11,"column":0},"end":{"line":11,"column":36}},"11":{"start":{"line":12,"column":0},"end":{"line":12,"column":59}},"12":{"start":{"line":13,"column":0},"end":{"line":13,"column":61}},"13":{"start":{"line":14,"column":0},"end":{"line":14,"column":109}},"14":{"start":{"line":15,"column":0},"end":{"line":15,"column":74}},"15":{"start":{"line":16,"column":0},"end":{"line":16,"column":74}},"16":{"start":{"line":17,"column":0},"end":{"line":17,"column":77}},"17":{"start":{"line":18,"column":0},"end":{"line":18,"column":84}},"18":{"start":{"line":19,"column":0},"end":{"line":19,"column":96}},"19":{"start":{"line":20,"column":0},"end":{"line":20,"column":22}},"20":{"start":{"line":21,"column":0},"end":{"line":21,"column":22}},"21":{"start":{"line":22,"column":0},"end":{"line":22,"column":20}},"22":{"start":{"line":23,"column":0},"end":{"line":23,"column":92}},"23":{"start":{"line":24,"column":0},"end":{"line":24,"column":81}},"24":{"start":{"line":25,"column":0},"end":{"line":25,"column":23}},"25":{"start":{"line":26,"column":0},"end":{"line":26,"column":109}},"26":{"start":{"line":27,"column":0},"end":{"line":27,"column":128}},"27":{"start":{"line":28,"column":0},"end":{"line":28,"column":131}},"28":{"start":{"line":29,"column":0},"end":{"line":29,"column":62}},"29":{"start":{"line":30,"column":0},"end":{"line":30,"column":17}},"30":{"start":{"line":31,"column":0},"end":{"line":31,"column":23}},"31":{"start":{"line":32,"column":0},"end":{"line":32,"column":29}},"32":{"start":{"line":33,"column":0},"end":{"line":33,"column":28}},"33":{"start":{"line":34,"column":0},"end":{"line":34,"column":67}},"34":{"start":{"line":35,"column":0},"end":{"line":35,"column":70}},"35":{"start":{"line":36,"column":0},"end":{"line":36,"column":73}},"36":{"start":{"line":37,"column":0},"end":{"line":37,"column":30}},"37":{"start":{"line":38,"column":0},"end":{"line":38,"column":33}},"38":{"start":{"line":39,"column":0},"end":{"line":39,"column":24}},"39":{"start":{"line":40,"column":0},"end":{"line":40,"column":13}},"40":{"start":{"line":41,"column":0},"end":{"line":41,"column":30}},"41":{"start":{"line":42,"column":0},"end":{"line":42,"column":68}},"42":{"start":{"line":43,"column":0},"end":{"line":43,"column":87}},"43":{"start":{"line":44,"column":0},"end":{"line":44,"column":81}},"44":{"start":{"line":45,"column":0},"end":{"line":45,"column":29}},"45":{"start":{"line":46,"column":0},"end":{"line":46,"column":33}},"46":{"start":{"line":47,"column":0},"end":{"line":47,"column":29}},"47":{"start":{"line":48,"column":0},"end":{"line":48,"column":69}},"48":{"start":{"line":49,"column":0},"end":{"line":49,"column":12}},"49":{"start":{"line":50,"column":0},"end":{"line":50,"column":29}},"50":{"start":{"line":51,"column":0},"end":{"line":51,"column":37}},"51":{"start":{"line":52,"column":0},"end":{"line":52,"column":34}},"52":{"start":{"line":53,"column":0},"end":{"line":53,"column":31}},"53":{"start":{"line":54,"column":0},"end":{"line":54,"column":34}},"54":{"start":{"line":55,"column":0},"end":{"line":55,"column":25}},"55":{"start":{"line":56,"column":0},"end":{"line":56,"column":20}},"56":{"start":{"line":57,"column":0},"end":{"line":57,"column":36}},"57":{"start":{"line":58,"column":0},"end":{"line":58,"column":32}},"58":{"start":{"line":59,"column":0},"end":{"line":59,"column":33}},"59":{"start":{"line":60,"column":0},"end":{"line":60,"column":36}},"60":{"start":{"line":61,"column":0},"end":{"line":61,"column":27}},"61":{"start":{"line":62,"column":0},"end":{"line":62,"column":1}},"62":{"start":{"line":63,"column":0},"end":{"line":63,"column":0}},"63":{"start":{"line":64,"column":0},"end":{"line":64,"column":28}}},"s":{"0":1,"1":1,"2":1,"3":1,"4":1,"5":1,"6":1,"7":1,"8":1,"9":1,"10":1,"11":1,"12":1,"13":1,"14":1,"15":1,"16":1,"17":1,"18":1,"19":1,"20":1,"21":1,"22":1,"23":1,"24":1,"25":1,"26":1,"27":1,"28":1,"29":1,"30":1,"31":1,"32":1,"33":1,"34":1,"35":1,"36":1,"37":1,"38":1,"39":1,"40":1,"41":1,"42":1,"43":1,"44":1,"45":1,"46":1,"47":1,"48":1,"49":1,"50":1,"51":1,"52":1,"53":1,"54":1,"55":1,"56":1,"57":1,"58":1,"59":1,"60":1,"61":1,"62":1,"63":1},"branchMap":{},"b":{},"fnMap":{},"f":{}}
,"F:\\perso\\formation openclassroom\\dossiers exercices\\select_menu\\lib\\context\\hook\\useActiveOption.js": {"path":"F:\\perso\\formation openclassroom\\dossiers exercices\\select_menu\\lib\\context\\hook\\useActiveOption.js","all":false,"statementMap":{"0":{"start":{"line":1,"column":0},"end":{"line":1,"column":57}},"1":{"start":{"line":2,"column":0},"end":{"line":2,"column":73}},"2":{"start":{"line":3,"column":0},"end":{"line":3,"column":0}},"3":{"start":{"line":4,"column":0},"end":{"line":4,"column":43}},"4":{"start":{"line":5,"column":0},"end":{"line":5,"column":40}},"5":{"start":{"line":6,"column":0},"end":{"line":6,"column":1}}},"s":{"0":1,"1":1,"2":1,"3":1,"4":233,"5":233},"branchMap":{"0":{"type":"branch","line":4,"loc":{"start":{"line":4,"column":15},"end":{"line":6,"column":1}},"locations":[{"start":{"line":4,"column":15},"end":{"line":6,"column":1}}]}},"b":{"0":[233]},"fnMap":{"0":{"name":"useActiveOption","decl":{"start":{"line":4,"column":15},"end":{"line":6,"column":1}},"loc":{"start":{"line":4,"column":15},"end":{"line":6,"column":1}},"line":4}},"f":{"0":233}}
,"F:\\perso\\formation openclassroom\\dossiers exercices\\select_menu\\lib\\context\\hook\\useConfig.js": {"path":"F:\\perso\\formation openclassroom\\dossiers exercices\\select_menu\\lib\\context\\hook\\useConfig.js","all":false,"statementMap":{"0":{"start":{"line":1,"column":0},"end":{"line":1,"column":57}},"1":{"start":{"line":2,"column":0},"end":{"line":2,"column":61}},"2":{"start":{"line":3,"column":0},"end":{"line":3,"column":0}},"3":{"start":{"line":4,"column":0},"end":{"line":4,"column":37}},"4":{"start":{"line":5,"column":0},"end":{"line":5,"column":60}},"5":{"start":{"line":6,"column":0},"end":{"line":6,"column":36}},"6":{"start":{"line":7,"column":0},"end":{"line":7,"column":1}}},"s":{"0":1,"1":1,"2":1,"3":1,"4":412,"5":412,"6":412},"branchMap":{"0":{"type":"branch","line":4,"loc":{"start":{"line":4,"column":15},"end":{"line":7,"column":1}},"locations":[{"start":{"line":4,"column":15},"end":{"line":7,"column":1}}]}},"b":{"0":[412]},"fnMap":{"0":{"name":"useConfig","decl":{"start":{"line":4,"column":15},"end":{"line":7,"column":1}},"loc":{"start":{"line":4,"column":15},"end":{"line":7,"column":1}},"line":4}},"f":{"0":412}}
,"F:\\perso\\formation openclassroom\\dossiers exercices\\select_menu\\lib\\context\\hook\\useSelect.js": {"path":"F:\\perso\\formation openclassroom\\dossiers exercices\\select_menu\\lib\\context\\hook\\useSelect.js","all":false,"statementMap":{"0":{"start":{"line":1,"column":0},"end":{"line":1,"column":57}},"1":{"start":{"line":2,"column":0},"end":{"line":2,"column":61}},"2":{"start":{"line":3,"column":0},"end":{"line":3,"column":0}},"3":{"start":{"line":4,"column":0},"end":{"line":4,"column":37}},"4":{"start":{"line":5,"column":0},"end":{"line":5,"column":9}},"5":{"start":{"line":6,"column":0},"end":{"line":6,"column":13}},"6":{"start":{"line":7,"column":0},"end":{"line":7,"column":25}},"7":{"start":{"line":8,"column":0},"end":{"line":8,"column":11}},"8":{"start":{"line":9,"column":0},"end":{"line":9,"column":19}},"9":{"start":{"line":10,"column":0},"end":{"line":10,"column":18}},"10":{"start":{"line":11,"column":0},"end":{"line":11,"column":31}},"11":{"start":{"line":12,"column":0},"end":{"line":12,"column":17}},"12":{"start":{"line":13,"column":0},"end":{"line":13,"column":31}},"13":{"start":{"line":14,"column":0},"end":{"line":14,"column":0}},"14":{"start":{"line":15,"column":0},"end":{"line":15,"column":10}},"15":{"start":{"line":16,"column":0},"end":{"line":16,"column":28}},"16":{"start":{"line":17,"column":0},"end":{"line":17,"column":32}},"17":{"start":{"line":18,"column":0},"end":{"line":18,"column":34}},"18":{"start":{"line":19,"column":0},"end":{"line":19,"column":34}},"19":{"start":{"line":20,"column":0},"end":{"line":20,"column":25}},"20":{"start":{"line":21,"column":0},"end":{"line":21,"column":11}},"21":{"start":{"line":22,"column":0},"end":{"line":22,"column":19}},"22":{"start":{"line":23,"column":0},"end":{"line":23,"column":18}},"23":{"start":{"line":24,"column":0},"end":{"line":24,"column":31}},"24":{"start":{"line":25,"column":0},"end":{"line":25,"column":17}},"25":{"start":{"line":26,"column":0},"end":{"line":26,"column":3}},"26":{"start":{"line":27,"column":0},"end":{"line":27,"column":1}}},"s":{"0":1,"1":1,"2":1,"3":1,"4":360,"5":360,"6":360,"7":360,"8":360,"9":360,"10":360,"11":360,"12":360,"13":360,"14":360,"15":360,"16":360,"17":360,"18":360,"19":360,"20":360,"21":360,"22":360,"23":360,"24":360,"25":360,"26":360},"branchMap":{"0":{"type":"branch","line":4,"loc":{"start":{"line":4,"column":15},"end":{"line":27,"column":1}},"locations":[{"start":{"line":4,"column":15},"end":{"line":27,"column":1}}]}},"b":{"0":[360]},"fnMap":{"0":{"name":"useSelect","decl":{"start":{"line":4,"column":15},"end":{"line":27,"column":1}},"loc":{"start":{"line":4,"column":15},"end":{"line":27,"column":1}},"line":4}},"f":{"0":360}}
,"F:\\perso\\formation openclassroom\\dossiers exercices\\select_menu\\lib\\hooks\\useOnClickOutside.js": {"path":"F:\\perso\\formation openclassroom\\dossiers exercices\\select_menu\\lib\\hooks\\useOnClickOutside.js","all":false,"statementMap":{"0":{"start":{"line":1,"column":0},"end":{"line":1,"column":56}},"1":{"start":{"line":2,"column":0},"end":{"line":2,"column":0}},"2":{"start":{"line":3,"column":0},"end":{"line":3,"column":3}},"3":{"start":{"line":4,"column":0},"end":{"line":4,"column":68}},"4":{"start":{"line":5,"column":0},"end":{"line":5,"column":3}},"5":{"start":{"line":6,"column":0},"end":{"line":6,"column":58}},"6":{"start":{"line":7,"column":0},"end":{"line":7,"column":19}},"7":{"start":{"line":8,"column":0},"end":{"line":8,"column":7}},"8":{"start":{"line":9,"column":0},"end":{"line":9,"column":65}},"9":{"start":{"line":10,"column":0},"end":{"line":10,"column":7}},"10":{"start":{"line":11,"column":0},"end":{"line":11,"column":40}},"11":{"start":{"line":12,"column":0},"end":{"line":12,"column":63}},"12":{"start":{"line":13,"column":0},"end":{"line":13,"column":18}},"13":{"start":{"line":14,"column":0},"end":{"line":14,"column":7}},"14":{"start":{"line":15,"column":0},"end":{"line":15,"column":5}},"15":{"start":{"line":16,"column":0},"end":{"line":16,"column":30}},"16":{"start":{"line":17,"column":0},"end":{"line":17,"column":58}},"17":{"start":{"line":18,"column":0},"end":{"line":18,"column":18}},"18":{"start":{"line":19,"column":0},"end":{"line":19,"column":46}},"19":{"start":{"line":20,"column":0},"end":{"line":20,"column":63}},"20":{"start":{"line":21,"column":0},"end":{"line":21,"column":5}},"21":{"start":{"line":22,"column":0},"end":{"line":22,"column":21}},"22":{"start":{"line":23,"column":0},"end":{"line":23,"column":1}}},"s":{"0":1,"1":1,"2":1,"3":1,"4":1,"5":1,"6":51,"7":51,"8":51,"9":51,"10":51,"11":7,"12":0,"13":0,"14":7,"15":51,"16":51,"17":51,"18":51,"19":51,"20":51,"21":51,"22":51},"branchMap":{"0":{"type":"branch","line":6,"loc":{"start":{"line":6,"column":15},"end":{"line":23,"column":1}},"locations":[{"start":{"line":6,"column":15},"end":{"line":23,"column":1}}]},"1":{"type":"branch","line":7,"loc":{"start":{"line":7,"column":12},"end":{"line":22,"column":3}},"locations":[{"start":{"line":7,"column":12},"end":{"line":22,"column":3}}]},"2":{"type":"branch","line":11,"loc":{"start":{"line":11,"column":4},"end":{"line":15,"column":5}},"locations":[{"start":{"line":11,"column":4},"end":{"line":15,"column":5}}]},"3":{"type":"branch","line":12,"loc":{"start":{"line":12,"column":62},"end":{"line":14,"column":7}},"locations":[{"start":{"line":12,"column":62},"end":{"line":14,"column":7}}]},"4":{"type":"branch","line":18,"loc":{"start":{"line":18,"column":11},"end":{"line":21,"column":5}},"locations":[{"start":{"line":18,"column":11},"end":{"line":21,"column":5}}]}},"b":{"0":[51],"1":[51],"2":[7],"3":[0],"4":[51]},"fnMap":{"0":{"name":"useOnClickOutside","decl":{"start":{"line":6,"column":15},"end":{"line":23,"column":1}},"loc":{"start":{"line":6,"column":15},"end":{"line":23,"column":1}},"line":6},"1":{"name":"handleClickOutside","decl":{"start":{"line":11,"column":4},"end":{"line":15,"column":5}},"loc":{"start":{"line":11,"column":4},"end":{"line":15,"column":5}},"line":11}},"f":{"0":51,"1":7}}
,"F:\\perso\\formation openclassroom\\dossiers exercices\\select_menu\\lib\\utils\\utils.js": {"path":"F:\\perso\\formation openclassroom\\dossiers exercices\\select_menu\\lib\\utils\\utils.js","all":false,"statementMap":{"0":{"start":{"line":1,"column":0},"end":{"line":1,"column":3}},"1":{"start":{"line":2,"column":0},"end":{"line":2,"column":2}},"2":{"start":{"line":3,"column":0},"end":{"line":3,"column":52}},"3":{"start":{"line":4,"column":0},"end":{"line":4,"column":35}},"4":{"start":{"line":5,"column":0},"end":{"line":5,"column":3}},"5":{"start":{"line":6,"column":0},"end":{"line":6,"column":69}},"6":{"start":{"line":7,"column":0},"end":{"line":7,"column":56}},"7":{"start":{"line":8,"column":0},"end":{"line":8,"column":41}},"8":{"start":{"line":9,"column":0},"end":{"line":9,"column":0}},"9":{"start":{"line":10,"column":0},"end":{"line":10,"column":72}},"10":{"start":{"line":11,"column":0},"end":{"line":11,"column":0}},"11":{"start":{"line":12,"column":0},"end":{"line":12,"column":50}},"12":{"start":{"line":13,"column":0},"end":{"line":13,"column":16}},"13":{"start":{"line":14,"column":0},"end":{"line":14,"column":34}},"14":{"start":{"line":15,"column":0},"end":{"line":15,"column":3}},"15":{"start":{"line":16,"column":0},"end":{"line":16,"column":0}},"16":{"start":{"line":17,"column":0},"end":{"line":17,"column":59}},"17":{"start":{"line":18,"column":0},"end":{"line":18,"column":1}}},"s":{"0":1,"1":1,"2":1,"3":1,"4":1,"5":1,"6":5,"7":5,"8":5,"9":5,"10":5,"11":5,"12":5,"13":5,"14":5,"15":5,"16":5,"17":5},"branchMap":{"0":{"type":"branch","line":6,"loc":{"start":{"line":6,"column":7},"end":{"line":18,"column":1}},"locations":[{"start":{"line":6,"column":7},"end":{"line":18,"column":1}}]}},"b":{"0":[5]},"fnMap":{"0":{"name":"triggerOnChangeSelectedValueInput","decl":{"start":{"line":6,"column":7},"end":{"line":18,"column":1}},"loc":{"start":{"line":6,"column":7},"end":{"line":18,"column":1}},"line":6}},"f":{"0":5}}
}
