TN:
SF:lib\SelectMenu.jsx
FN:13,SelectMenu
FNF:1
FNH:1
FNDA:16,SelectMenu
DA:1,1
DA:2,1
DA:3,1
DA:13,1
DA:14,16
DA:15,16
DA:16,16
DA:17,16
DA:18,16
DA:19,16
DA:21,16
LF:11
LH:11
BRDA:13,0,0,16
BRF:1
BRH:1
end_of_record
TN:
SF:lib\components\Dropdown\Dropdown.jsx
FN:14,Dropdown
FNF:1
FNH:1
FNDA:39,Dropdown
DA:1,1
DA:2,1
DA:3,1
DA:4,1
DA:5,1
DA:6,1
DA:14,39
DA:15,39
DA:17,39
DA:18,39
DA:19,39
DA:20,39
DA:21,39
DA:22,39
DA:23,39
DA:24,39
DA:25,39
DA:26,39
DA:27,39
DA:28,39
DA:29,39
DA:30,39
DA:31,39
DA:32,39
DA:33,39
DA:34,39
DA:35,39
DA:37,39
DA:38,39
DA:39,39
DA:40,39
DA:41,39
DA:42,39
DA:43,39
DA:44,39
DA:45,39
DA:46,39
DA:47,39
DA:48,39
DA:49,39
DA:51,39
DA:52,39
DA:53,39
DA:54,39
DA:55,39
DA:56,39
DA:57,39
DA:59,39
DA:60,39
DA:61,39
DA:62,39
DA:63,39
DA:64,39
DA:65,39
DA:67,39
DA:68,39
DA:69,39
DA:70,39
DA:72,39
LF:59
LH:59
BRDA:14,0,0,39
BRDA:46,1,0,0
BRDA:56,2,0,0
BRDA:57,3,0,14
BRDA:57,4,0,25
BRDA:68,5,0,2
BRDA:68,6,0,37
BRF:7
BRH:5
end_of_record
TN:
SF:lib\components\OptGroup\OptGroup.jsx
FN:16,OptGroup
FNF:1
FNH:1
FNDA:6,OptGroup
DA:1,1
DA:2,1
DA:3,1
DA:4,1
DA:16,6
DA:17,6
DA:18,6
DA:19,6
DA:20,6
DA:21,6
DA:22,6
DA:23,6
DA:24,6
DA:25,6
DA:27,6
DA:28,6
DA:29,6
DA:30,6
DA:31,6
DA:32,6
DA:33,6
DA:34,6
DA:35,6
DA:36,6
DA:37,6
DA:38,6
DA:40,6
DA:41,6
DA:42,6
DA:43,6
DA:44,6
DA:45,6
DA:46,6
DA:47,6
DA:49,6
DA:51,1
DA:52,1
DA:54,1
DA:56,1
DA:57,1
DA:59,1
DA:61,1
DA:62,1
DA:63,1
DA:64,1
DA:65,1
DA:66,1
DA:67,1
DA:68,1
DA:69,1
LF:50
LH:50
BRDA:16,0,0,6
BRF:1
BRH:1
end_of_record
TN:
SF:lib\components\OptGroups\OptGroups.jsx
FN:9,OptGroups
FNF:1
FNH:1
FNDA:3,OptGroups
DA:1,1
DA:2,1
DA:9,3
DA:10,3
DA:19,3
DA:20,6
DA:21,6
DA:22,6
DA:23,6
DA:24,3
DA:26,3
DA:27,6
DA:28,6
DA:29,6
DA:30,6
DA:31,6
DA:32,3
DA:33,3
LF:18
LH:18
BRDA:9,0,0,3
BRDA:19,1,0,6
BRDA:21,2,0,3
BRDA:21,3,0,3
BRDA:26,4,0,6
BRF:5
BRH:5
end_of_record
TN:
SF:lib\components\Option\Option.jsx
FN:17,Option
FN:98,handleClick
FN:116,handleMouseEnter
FN:121,handleKeyDown
FN:166,onClick
FNF:5
FNH:5
FNDA:258,Option
FNDA:3,handleClick
FNDA:7,handleMouseEnter
FNDA:5,handleKeyDown
FNDA:2,onClick
DA:1,1
DA:2,1
DA:3,1
DA:4,1
DA:5,1
DA:6,1
DA:7,1
DA:17,258
DA:18,258
DA:19,258
DA:20,258
DA:21,258
DA:22,258
DA:23,258
DA:24,258
DA:25,258
DA:27,258
DA:28,258
DA:29,258
DA:30,258
DA:31,258
DA:32,258
DA:33,258
DA:34,258
DA:35,258
DA:36,258
DA:37,258
DA:38,258
DA:39,258
DA:40,258
DA:41,258
DA:42,258
DA:43,258
DA:45,258
DA:47,258
DA:55,258
DA:56,108
DA:57,108
DA:58,108
DA:59,108
DA:60,107
DA:61,108
DA:62,4
DA:63,4
DA:64,4
DA:65,4
DA:66,4
DA:67,4
DA:68,4
DA:69,4
DA:70,0
DA:71,0
DA:72,4
DA:73,4
DA:77,258
DA:82,258
DA:83,173
DA:84,1
DA:85,1
DA:89,258
DA:92,258
DA:93,233
DA:94,25
DA:95,25
DA:96,258
DA:98,258
DA:105,3
DA:107,3
DA:108,3
DA:109,3
DA:110,3
DA:111,3
DA:112,3
DA:113,3
DA:114,3
DA:116,258
DA:117,7
DA:118,7
DA:119,7
DA:121,258
DA:122,5
DA:123,1
DA:124,1
DA:125,1
DA:126,1
DA:127,5
DA:129,2
DA:130,2
DA:131,2
DA:132,1
DA:133,1
DA:134,2
DA:135,2
DA:136,5
DA:138,2
DA:139,2
DA:140,2
DA:141,2
DA:142,0
DA:143,2
DA:144,2
DA:145,5
DA:147,258
DA:148,258
DA:149,258
DA:150,258
DA:151,258
DA:152,258
DA:153,258
DA:155,258
DA:156,258
DA:157,258
DA:158,258
DA:159,258
DA:160,258
DA:162,258
DA:163,258
DA:164,258
DA:165,258
DA:166,258
DA:167,2
DA:168,2
DA:169,258
DA:170,258
DA:171,258
DA:172,258
DA:173,258
DA:175,258
DA:176,258
DA:178,258
DA:180,1
DA:181,1
DA:183,1
DA:185,1
DA:187,1
DA:189,1
DA:190,1
DA:191,1
DA:192,1
DA:193,1
LF:140
LH:137
BRDA:17,0,0,258
BRDA:149,1,0,51
BRDA:149,2,0,207
BRDA:152,3,0,51
BRDA:152,4,0,207
BRDA:160,5,0,0
BRDA:163,6,0,11
BRDA:163,7,0,247
BRDA:175,8,0,11
BRDA:175,9,0,247
BRDA:55,10,0,108
BRDA:56,11,0,11
BRDA:56,12,0,97
BRDA:57,13,0,11
BRDA:57,14,0,97
BRDA:59,15,0,107
BRDA:60,16,0,15
BRDA:61,17,0,4
BRDA:69,18,0,0
BRDA:82,19,0,173
BRDA:83,20,0,4
BRDA:83,21,0,1
BRDA:92,22,0,233
BRDA:93,23,0,46
BRDA:93,24,0,25
BRDA:98,25,0,3
BRDA:116,26,0,7
BRDA:121,27,0,5
BRDA:122,28,0,1
BRDA:127,29,0,2
BRDA:131,30,0,1
BRDA:132,31,0,1
BRDA:136,32,0,2
BRDA:141,33,0,0
BRDA:166,34,0,2
BRF:35
BRH:32
end_of_record
TN:
SF:lib\components\Options\Options.jsx
FN:16,Options
FNF:1
FNH:1
FNDA:54,Options
DA:1,1
DA:2,1
DA:3,1
DA:4,1
DA:5,1
DA:6,1
DA:16,54
DA:17,54
DA:18,54
DA:19,54
DA:21,54
DA:22,54
DA:23,26
DA:24,1
DA:25,1
DA:26,26
DA:27,54
DA:29,54
DA:30,54
DA:31,54
DA:32,258
DA:33,258
DA:34,258
DA:35,258
DA:36,258
DA:37,258
DA:38,258
DA:40,54
DA:41,54
DA:43,54
DA:45,1
DA:46,1
DA:47,1
DA:49,1
DA:51,1
DA:52,1
DA:53,1
DA:54,1
DA:55,1
DA:56,1
DA:57,1
DA:58,1
LF:42
LH:42
BRDA:16,0,0,54
BRDA:21,1,0,54
BRDA:22,2,0,26
BRDA:23,3,0,19
BRDA:23,4,0,1
BRDA:31,5,0,258
BRDA:32,6,0,9
BRDA:32,7,0,249
BRF:8
BRH:8
end_of_record
TN:
SF:lib\components\SelectComponent\SelectComponent.jsx
FN:188,SelectComponent
FN:213,closeDropdown
FN:220,handleKeyDown
FN:241,onKeyDown
FNF:4
FNH:3
FNDA:51,SelectComponent
FNDA:0,closeDropdown
FNDA:12,handleKeyDown
FNDA:12,onKeyDown
DA:1,1
DA:4,1
DA:5,1
DA:7,1
DA:8,1
DA:10,1
DA:12,1
DA:13,1
DA:188,51
DA:190,51
DA:192,51
DA:193,51
DA:194,51
DA:195,51
DA:196,51
DA:197,51
DA:198,51
DA:199,51
DA:200,51
DA:203,51
DA:206,51
DA:207,32
DA:208,16
DA:209,16
DA:210,51
DA:213,51
DA:214,0
DA:215,0
DA:218,51
DA:220,51
DA:221,12
DA:222,0
DA:223,0
DA:224,0
DA:225,12
DA:227,51
DA:228,35
DA:229,35
DA:230,35
DA:231,35
DA:232,35
DA:234,51
DA:235,35
DA:236,35
DA:237,35
DA:238,35
DA:239,35
DA:240,35
DA:241,35
DA:242,12
DA:243,12
DA:245,35
DA:246,35
DA:247,35
DA:249,35
DA:250,51
DA:251,1
DA:254,1
DA:256,1
DA:257,1
DA:258,1
DA:259,1
DA:260,1
DA:261,1
DA:263,1
DA:265,1
DA:267,1
DA:269,1
DA:270,1
DA:272,1
DA:274,1
DA:276,1
DA:277,1
DA:279,1
DA:281,1
DA:283,1
DA:284,1
DA:286,1
DA:288,1
DA:289,1
DA:290,1
DA:291,1
DA:292,1
DA:293,1
DA:294,1
DA:297,1
DA:298,1
DA:299,1
DA:300,1
DA:301,1
DA:302,1
DA:303,1
DA:304,1
DA:305,1
DA:306,1
DA:307,1
DA:308,1
DA:309,1
DA:310,1
DA:311,1
DA:312,1
DA:313,1
DA:314,1
DA:315,1
DA:316,1
DA:317,1
DA:318,1
DA:319,1
DA:320,1
DA:321,1
DA:322,1
DA:323,1
DA:324,1
DA:325,1
DA:326,1
DA:327,1
DA:328,1
DA:329,1
DA:330,1
DA:331,1
DA:332,1
LF:121
LH:116
BRDA:188,0,0,51
BRDA:227,1,0,35
BRDA:231,2,0,0
BRDA:234,3,0,35
BRDA:206,4,0,32
BRDA:207,5,0,16
BRDA:220,6,0,12
BRDA:221,7,0,0
BRDA:241,8,0,12
BRF:9
BRH:7
end_of_record
TN:
SF:lib\components\SelectInput\SelectInput.jsx
FN:15,SelectInput
FN:51,toggleDropdown
FN:57,clearSelection
FN:63,handleChange
FN:69,handleInputClick
FN:72,handleInputKeyDown
FN:80,handleClearClick
FN:83,handleClearKeyDown
FN:159,onClick
FN:162,onKeyDown
FN:172,onChange
FN:202,onClick
FN:205,onKeyDown
FNF:13
FNH:13
FNDA:37,SelectInput
FNDA:12,toggleDropdown
FNDA:2,clearSelection
FNDA:5,handleChange
FNDA:5,handleInputClick
FNDA:8,handleInputKeyDown
FNDA:1,handleClearClick
FNDA:1,handleClearKeyDown
FNDA:5,onClick
FNDA:8,onKeyDown
FNDA:5,onChange
FNDA:1,onClick
FNDA:1,onKeyDown
DA:1,1
DA:2,1
DA:3,1
DA:4,1
DA:5,1
DA:6,1
DA:7,1
DA:8,1
DA:15,37
DA:17,37
DA:18,37
DA:19,37
DA:20,37
DA:21,37
DA:22,37
DA:23,37
DA:24,37
DA:25,37
DA:26,37
DA:28,37
DA:29,37
DA:30,37
DA:31,37
DA:32,37
DA:33,37
DA:34,37
DA:35,37
DA:36,37
DA:37,37
DA:38,37
DA:39,37
DA:40,37
DA:41,37
DA:42,37
DA:43,37
DA:44,37
DA:45,37
DA:46,37
DA:47,37
DA:48,37
DA:49,37
DA:51,37
DA:53,12
DA:54,10
DA:55,10
DA:56,12
DA:57,37
DA:58,2
DA:59,2
DA:60,2
DA:63,37
DA:65,5
DA:66,5
DA:69,37
DA:70,5
DA:71,5
DA:72,37
DA:73,8
DA:74,7
DA:75,7
DA:76,7
DA:77,8
DA:80,37
DA:81,1
DA:82,1
DA:83,37
DA:84,1
DA:85,1
DA:86,1
DA:87,1
DA:88,1
DA:98,37
DA:99,18
DA:100,0
DA:102,0
DA:103,0
DA:104,0
DA:105,0
DA:106,0
DA:107,0
DA:108,0
DA:109,0
DA:110,0
DA:111,0
DA:112,0
DA:113,0
DA:114,0
DA:115,0
DA:116,0
DA:120,37
DA:122,37
DA:123,37
DA:124,37
DA:125,37
DA:126,37
DA:127,37
DA:128,37
DA:129,37
DA:130,37
DA:131,37
DA:133,37
DA:134,37
DA:135,37
DA:137,37
DA:138,37
DA:139,37
DA:140,37
DA:141,37
DA:142,37
DA:144,37
DA:145,37
DA:146,37
DA:147,37
DA:148,37
DA:149,37
DA:151,37
DA:152,37
DA:153,37
DA:154,37
DA:155,37
DA:156,37
DA:157,37
DA:158,37
DA:159,37
DA:160,5
DA:161,5
DA:162,37
DA:163,8
DA:164,8
DA:165,37
DA:168,37
DA:169,37
DA:170,37
DA:171,37
DA:172,37
DA:173,5
DA:174,5
DA:175,37
DA:176,37
DA:177,37
DA:178,37
DA:179,37
DA:180,37
DA:181,37
DA:182,37
DA:183,37
DA:184,37
DA:185,37
DA:187,37
DA:188,37
DA:189,37
DA:190,37
DA:191,37
DA:192,37
DA:193,37
DA:195,37
DA:196,37
DA:197,37
DA:198,37
DA:199,37
DA:200,37
DA:201,37
DA:202,37
DA:203,1
DA:204,1
DA:205,37
DA:206,1
DA:207,1
DA:208,37
DA:209,37
DA:210,37
DA:211,37
DA:212,37
DA:213,37
DA:214,37
DA:216,37
DA:217,37
DA:218,37
DA:219,37
DA:220,37
DA:222,37
DA:224,1
DA:225,1
DA:226,1
LF:184
LH:168
BRDA:15,0,0,37
BRDA:127,1,0,10
BRDA:127,2,0,27
BRDA:129,3,0,0
BRDA:130,4,0,0
BRDA:130,5,0,0
BRDA:148,6,0,0
BRDA:149,7,0,9
BRDA:149,8,0,28
BRDA:192,9,0,9
BRDA:192,10,0,28
BRDA:193,11,0,0
BRDA:213,12,0,10
BRDA:214,13,0,10
BRDA:51,14,0,12
BRDA:53,15,0,10
BRDA:57,16,0,2
BRDA:63,17,0,5
BRDA:65,18,0,0
BRDA:69,19,0,5
BRDA:72,20,0,8
BRDA:73,21,0,7
BRDA:73,22,0,7
BRDA:73,23,0,7
BRDA:80,24,0,1
BRDA:83,25,0,1
BRDA:98,26,0,18
BRDA:99,27,0,0
BRDA:159,28,0,5
BRDA:162,29,0,8
BRDA:172,30,0,5
BRDA:202,31,0,1
BRDA:205,32,0,1
BRF:33
BRH:26
end_of_record
TN:
SF:lib\context\activeOptionContext.js
FN:8,defineActiveOptionIndex
FNF:1
FNH:0
FNDA:0,defineActiveOptionIndex
DA:1,1
DA:2,1
DA:3,1
DA:4,1
DA:5,1
DA:6,1
DA:7,1
DA:8,1
DA:9,1
LF:9
LH:9
BRF:0
BRH:0
end_of_record
TN:
SF:lib\context\configContext.js
FN:9,defineConfig
FNF:1
FNH:0
FNDA:0,defineConfig
DA:1,1
DA:2,1
DA:3,1
DA:4,1
DA:5,1
DA:6,1
DA:7,1
DA:8,1
DA:9,1
DA:10,1
LF:10
LH:10
BRF:0
BRH:0
end_of_record
TN:
SF:lib\context\selectContext.js
FN:20,clearSelected
FN:21,defineSelected
FN:22,defineDefaultSelected
FN:23,toggleIsOpen
FNF:4
FNH:0
FNDA:0,clearSelected
FNDA:0,defineSelected
FNDA:0,defineDefaultSelected
FNDA:0,toggleIsOpen
DA:1,1
DA:2,1
DA:3,1
DA:4,1
DA:5,1
DA:6,1
DA:7,1
DA:8,1
DA:9,1
DA:10,1
DA:11,1
DA:12,1
DA:13,1
DA:14,1
DA:15,1
DA:16,1
DA:17,1
DA:18,1
DA:19,1
DA:20,1
DA:21,1
DA:22,1
DA:23,1
DA:24,1
LF:24
LH:24
BRF:0
BRH:0
end_of_record
TN:
SF:lib\context\ActiveOptionContextProvider\ActiveOptionContextProvider.jsx
FN:5,ActiveOptionContextProvider
FN:7,defineActiveOptionIndex
FNF:2
FNH:2
FNDA:51,ActiveOptionContextProvider
FNDA:17,defineActiveOptionIndex
DA:1,1
DA:2,1
DA:3,1
DA:5,51
DA:6,51
DA:7,51
DA:8,17
DA:9,17
DA:10,51
DA:11,51
DA:12,51
DA:14,51
DA:15,51
DA:17,51
DA:18,1
DA:19,1
DA:20,1
LF:17
LH:17
BRDA:5,0,0,51
BRDA:7,1,0,17
BRF:2
BRH:2
end_of_record
TN:
SF:lib\context\ConfigContextProvider\ConfigContextprovider.jsx
FN:18,ConfigContextProvider
FN:22,defineConfig
FNF:2
FNH:2
FNDA:32,ConfigContextProvider
FNDA:16,defineConfig
DA:1,1
DA:2,1
DA:3,1
DA:4,1
DA:16,1
DA:18,32
DA:19,32
DA:22,32
DA:23,16
DA:24,16
DA:25,16
DA:26,16
DA:27,16
DA:28,16
DA:31,16
DA:34,16
DA:35,16
DA:36,16
DA:37,16
DA:38,16
DA:41,16
DA:44,16
DA:45,16
DA:46,16
DA:47,16
DA:50,16
DA:51,16
DA:52,16
DA:53,16
DA:55,16
DA:56,16
DA:57,16
DA:58,16
DA:60,16
DA:61,16
DA:62,16
DA:63,16
DA:65,16
DA:68,16
DA:69,16
DA:70,16
DA:71,16
DA:72,16
DA:73,16
DA:74,16
DA:76,32
DA:77,32
DA:78,32
DA:79,32
DA:81,32
DA:82,1
DA:83,1
DA:84,1
LF:53
LH:53
BRDA:18,0,0,32
BRDA:22,1,0,16
BRDA:23,2,0,16
BRF:3
BRH:3
end_of_record
TN:
SF:lib\context\SelectContextProvider\SelectContextProvider.jsx
FN:5,SelectContextProvider
FN:16,defineSelected
FN:24,defineDefaultSelected
FN:32,clearSelected
FN:35,toggleIsOpen
FNF:5
FNH:5
FNDA:35,SelectContextProvider
FNDA:7,defineSelected
FNDA:4,defineDefaultSelected
FNDA:2,clearSelected
FNDA:13,toggleIsOpen
DA:1,1
DA:2,1
DA:3,1
DA:5,35
DA:6,35
DA:7,35
DA:8,35
DA:9,35
DA:10,35
DA:11,35
DA:12,35
DA:13,35
DA:14,35
DA:16,35
DA:17,7
DA:18,7
DA:19,7
DA:20,7
DA:21,7
DA:22,7
DA:23,7
DA:24,35
DA:25,4
DA:26,4
DA:27,4
DA:28,4
DA:29,4
DA:30,4
DA:31,4
DA:32,35
DA:33,2
DA:34,2
DA:35,35
DA:36,13
DA:37,13
DA:39,35
DA:40,35
DA:41,35
DA:42,35
DA:43,35
DA:44,35
DA:45,35
DA:46,35
DA:47,35
DA:48,35
DA:49,35
DA:51,35
DA:52,35
DA:54,35
DA:55,1
DA:56,1
DA:57,1
LF:52
LH:52
BRDA:5,0,0,35
BRDA:16,1,0,7
BRDA:24,2,0,4
BRDA:32,3,0,2
BRDA:35,4,0,13
BRDA:36,5,0,3
BRDA:36,6,0,10
BRF:7
BRH:7
end_of_record
TN:
SF:lib\context\default\configSettings.js
FN:3,setId
FN:7,setValues
FN:11,setOptGroup
FN:15,setInputBorderRadiusOpened
FN:23,setDropdownBorderTop
FN:27,setDropdownBorderBottom
FN:31,setDropdownBorderRadius
FN:39,setDropdownBottom
FN:43,setClassOnFocus
FN:54,setLastFocusableOptionIndex
FNF:10
FNH:10
FNDA:16,setId
FNDA:16,setValues
FNDA:16,setOptGroup
FNDA:16,setInputBorderRadiusOpened
FNDA:16,setDropdownBorderTop
FNDA:16,setDropdownBorderBottom
FNDA:16,setDropdownBorderRadius
FNDA:16,setDropdownBottom
FNDA:16,setClassOnFocus
FNDA:16,setLastFocusableOptionIndex
DA:1,1
DA:2,1
DA:3,1
DA:4,16
DA:5,16
DA:6,1
DA:7,1
DA:8,16
DA:9,16
DA:10,1
DA:11,1
DA:12,16
DA:13,16
DA:14,1
DA:15,1
DA:16,16
DA:17,16
DA:18,16
DA:19,16
DA:20,16
DA:21,16
DA:22,1
DA:23,1
DA:24,16
DA:25,16
DA:26,1
DA:27,1
DA:28,16
DA:29,16
DA:30,1
DA:31,1
DA:32,16
DA:33,16
DA:34,16
DA:35,16
DA:36,16
DA:37,16
DA:38,1
DA:39,1
DA:40,16
DA:41,16
DA:42,1
DA:43,1
DA:44,16
DA:45,16
DA:46,0
DA:47,16
DA:48,16
DA:49,16
DA:50,0
DA:51,16
DA:52,16
DA:53,1
DA:54,1
DA:55,16
DA:56,16
DA:57,0
DA:58,0
DA:59,0
DA:60,0
DA:61,16
DA:62,16
DA:63,16
DA:64,16
LF:64
LH:58
BRDA:3,0,0,16
BRDA:4,1,0,3
BRDA:4,2,0,13
BRDA:7,3,0,16
BRDA:8,4,0,0
BRDA:11,5,0,16
BRDA:12,6,0,0
BRDA:15,7,0,16
BRDA:17,8,0,0
BRDA:20,9,0,0
BRDA:23,10,0,16
BRDA:24,11,0,0
BRDA:27,12,0,16
BRDA:28,13,0,0
BRDA:31,14,0,16
BRDA:33,15,0,0
BRDA:36,16,0,0
BRDA:39,17,0,16
BRDA:40,18,0,0
BRDA:43,19,0,16
BRDA:45,20,0,0
BRDA:49,21,0,0
BRDA:54,22,0,16
BRDA:56,23,0,0
BRF:24
BRH:12
end_of_record
TN:
SF:lib\context\default\defaultConfig.js
FNF:0
FNH:0
DA:1,1
DA:2,1
DA:3,1
DA:4,1
DA:5,1
DA:6,1
DA:7,1
DA:8,1
DA:9,1
DA:10,1
DA:11,1
DA:12,1
DA:13,1
DA:14,1
DA:15,1
DA:16,1
DA:17,1
DA:18,1
DA:19,1
DA:20,1
DA:21,1
DA:22,1
DA:23,1
DA:24,1
DA:25,1
DA:26,1
DA:27,1
DA:28,1
DA:29,1
DA:30,1
DA:31,1
DA:32,1
DA:33,1
DA:34,1
DA:35,1
DA:36,1
DA:37,1
DA:38,1
DA:39,1
DA:40,1
DA:41,1
DA:42,1
DA:43,1
DA:44,1
DA:45,1
DA:46,1
DA:47,1
DA:48,1
DA:49,1
DA:50,1
DA:51,1
DA:52,1
DA:53,1
DA:54,1
DA:55,1
DA:56,1
DA:57,1
DA:58,1
DA:59,1
DA:60,1
DA:61,1
DA:62,1
DA:63,1
DA:64,1
DA:65,1
DA:66,1
DA:67,1
DA:68,1
DA:69,1
DA:70,1
DA:71,1
DA:72,1
DA:73,1
DA:74,1
DA:75,1
DA:76,1
DA:77,1
DA:78,1
DA:79,1
DA:80,1
DA:81,1
LF:81
LH:81
BRF:0
BRH:0
end_of_record
TN:
SF:lib\context\hook\useActiveOption.js
FN:4,useActiveOption
FNF:1
FNH:1
FNDA:312,useActiveOption
DA:1,1
DA:2,1
DA:3,1
DA:4,1
DA:5,312
DA:6,312
LF:6
LH:6
BRDA:4,0,0,312
BRF:1
BRH:1
end_of_record
TN:
SF:lib\context\hook\useConfig.js
FN:4,useConfig
FNF:1
FNH:1
FNDA:448,useConfig
DA:1,1
DA:2,1
DA:3,1
DA:4,1
DA:5,448
DA:6,448
DA:7,448
LF:7
LH:7
BRDA:4,0,0,448
BRF:1
BRH:1
end_of_record
TN:
SF:lib\context\hook\useSelect.js
FN:4,useSelect
FNF:1
FNH:1
FNDA:439,useSelect
DA:1,1
DA:2,1
DA:3,1
DA:4,1
DA:5,439
DA:6,439
DA:7,439
DA:8,439
DA:9,439
DA:10,439
DA:11,439
DA:12,439
DA:13,439
DA:14,439
DA:15,439
DA:16,439
DA:17,439
DA:18,439
DA:19,439
DA:20,439
DA:21,439
DA:22,439
DA:23,439
DA:24,439
DA:25,439
DA:26,439
DA:27,439
LF:27
LH:27
BRDA:4,0,0,439
BRF:1
BRH:1
end_of_record
TN:
SF:lib\hooks\useOnClickOutside.js
FN:6,useOnClickOutside
FN:11,handleClickOutside
FNF:2
FNH:2
FNDA:51,useOnClickOutside
FNDA:7,handleClickOutside
DA:1,1
DA:2,1
DA:3,1
DA:4,1
DA:5,1
DA:6,1
DA:7,51
DA:8,51
DA:9,51
DA:10,51
DA:11,51
DA:12,7
DA:13,0
DA:14,0
DA:15,7
DA:16,51
DA:17,51
DA:18,51
DA:19,51
DA:20,51
DA:21,51
DA:22,51
DA:23,51
LF:23
LH:21
BRDA:6,0,0,51
BRDA:7,1,0,51
BRDA:11,2,0,7
BRDA:12,3,0,0
BRDA:18,4,0,51
BRF:5
BRH:4
end_of_record
TN:
SF:lib\utils\utils.js
FN:6,triggerOnChangeSelectedValueInput
FNF:1
FNH:1
FNDA:5,triggerOnChangeSelectedValueInput
DA:1,1
DA:2,1
DA:3,1
DA:4,1
DA:5,1
DA:6,1
DA:7,5
DA:8,5
DA:9,5
DA:10,5
DA:11,5
DA:12,5
DA:13,5
DA:14,5
DA:15,5
DA:16,5
DA:17,5
DA:18,5
LF:18
LH:18
BRDA:6,0,0,5
BRF:1
BRH:1
end_of_record
