TN:
SF:lib\SelectMenu.jsx
FN:13,SelectMenu
FNF:1
FNH:1
FNDA:16,SelectMenu
DA:1,1
DA:2,1
DA:3,1
DA:13,1
DA:14,16
DA:15,16
DA:16,16
DA:17,16
DA:18,16
DA:19,16
DA:21,16
LF:11
LH:11
BRDA:13,0,0,16
BRF:1
BRH:1
end_of_record
TN:
SF:lib\components\Dropdown\Dropdown.jsx
FN:14,Dropdown
FNF:1
FNH:1
FNDA:39,Dropdown
DA:1,1
DA:2,1
DA:3,1
DA:4,1
DA:5,1
DA:6,1
DA:14,39
DA:15,39
DA:17,39
DA:18,39
DA:19,39
DA:20,39
DA:21,39
DA:22,39
DA:23,39
DA:24,39
DA:25,39
DA:26,39
DA:27,39
DA:28,39
DA:29,39
DA:30,39
DA:31,39
DA:32,39
DA:33,39
DA:34,39
DA:35,39
DA:37,39
DA:38,39
DA:39,39
DA:40,39
DA:41,39
DA:42,39
DA:43,39
DA:44,39
DA:45,39
DA:46,39
DA:47,39
DA:48,39
DA:49,39
DA:51,39
DA:52,39
DA:53,39
DA:54,39
DA:55,39
DA:56,39
DA:57,39
DA:59,39
DA:60,39
DA:61,39
DA:62,39
DA:63,39
DA:64,39
DA:65,39
DA:67,39
DA:68,39
DA:69,39
DA:70,39
DA:72,39
LF:59
LH:59
BRDA:14,0,0,39
BRDA:46,1,0,0
BRDA:56,2,0,0
BRDA:57,3,0,14
BRDA:57,4,0,25
BRDA:68,5,0,2
BRDA:68,6,0,37
BRF:7
BRH:5
end_of_record
TN:
SF:lib\components\OptGroup\OptGroup.jsx
FN:16,OptGroup
FNF:1
FNH:1
FNDA:6,OptGroup
DA:1,1
DA:2,1
DA:3,1
DA:4,1
DA:16,6
DA:17,6
DA:18,6
DA:19,6
DA:20,6
DA:21,6
DA:22,6
DA:23,6
DA:24,6
DA:25,6
DA:27,6
DA:28,6
DA:29,6
DA:30,6
DA:31,6
DA:32,6
DA:33,6
DA:34,6
DA:35,6
DA:36,6
DA:37,6
DA:38,6
DA:40,6
DA:41,6
DA:42,6
DA:43,6
DA:44,6
DA:45,6
DA:46,6
DA:47,6
DA:49,6
DA:51,1
DA:52,1
DA:54,1
DA:56,1
DA:57,1
DA:59,1
DA:61,1
DA:62,1
DA:63,1
DA:64,1
DA:65,1
DA:66,1
DA:67,1
DA:68,1
DA:69,1
LF:50
LH:50
BRDA:16,0,0,6
BRF:1
BRH:1
end_of_record
TN:
SF:lib\components\OptGroups\OptGroups.jsx
FN:9,OptGroups
FNF:1
FNH:1
FNDA:3,OptGroups
DA:1,1
DA:2,1
DA:9,3
DA:10,3
DA:19,3
DA:20,6
DA:21,6
DA:22,6
DA:23,6
DA:24,3
DA:26,3
DA:27,6
DA:28,6
DA:29,6
DA:30,6
DA:31,6
DA:32,3
DA:33,3
LF:18
LH:18
BRDA:9,0,0,3
BRDA:19,1,0,6
BRDA:21,2,0,3
BRDA:21,3,0,3
BRDA:26,4,0,6
BRF:5
BRH:5
end_of_record
TN:
SF:lib\components\Option\Option.jsx
FN:17,Option
FN:68,handleClick
FN:85,handleMouseEnter
FN:90,handleKeyDown
FN:134,onClick
FNF:5
FNH:5
FNDA:233,Option
FNDA:3,handleClick
FNDA:2,handleMouseEnter
FNDA:5,handleKeyDown
FNDA:2,onClick
DA:1,1
DA:2,1
DA:3,1
DA:4,1
DA:5,1
DA:6,1
DA:7,1
DA:17,233
DA:18,233
DA:20,233
DA:21,233
DA:22,233
DA:23,233
DA:24,233
DA:25,233
DA:26,233
DA:27,233
DA:28,233
DA:29,233
DA:30,233
DA:31,233
DA:32,233
DA:33,233
DA:34,233
DA:35,233
DA:37,233
DA:39,233
DA:47,233
DA:48,108
DA:49,108
DA:50,108
DA:51,108
DA:52,107
DA:53,108
DA:54,4
DA:55,4
DA:56,4
DA:60,233
DA:62,233
DA:63,208
DA:64,21
DA:65,21
DA:66,233
DA:68,233
DA:75,3
DA:76,3
DA:77,3
DA:78,3
DA:79,3
DA:80,3
DA:81,3
DA:82,3
DA:83,3
DA:85,233
DA:86,2
DA:87,2
DA:88,2
DA:90,233
DA:91,5
DA:92,1
DA:93,1
DA:94,1
DA:95,1
DA:96,5
DA:98,2
DA:99,2
DA:100,2
DA:101,1
DA:102,1
DA:103,2
DA:104,2
DA:105,5
DA:107,2
DA:108,2
DA:109,2
DA:110,2
DA:111,0
DA:112,2
DA:113,2
DA:114,5
DA:116,233
DA:117,233
DA:118,233
DA:119,233
DA:120,233
DA:121,233
DA:122,233
DA:124,233
DA:125,233
DA:126,233
DA:127,233
DA:128,233
DA:129,233
DA:131,233
DA:132,233
DA:133,233
DA:134,233
DA:135,2
DA:136,2
DA:137,233
DA:138,233
DA:139,233
DA:140,233
DA:141,233
DA:143,233
DA:144,233
DA:146,233
DA:148,1
DA:149,1
DA:151,1
DA:153,1
DA:155,1
DA:157,1
DA:158,1
DA:159,1
DA:160,1
DA:161,1
LF:117
LH:116
BRDA:17,0,0,233
BRDA:118,1,0,46
BRDA:118,2,0,187
BRDA:121,3,0,46
BRDA:121,4,0,187
BRDA:129,5,0,0
BRDA:132,6,0,11
BRDA:132,7,0,222
BRDA:143,8,0,11
BRDA:143,9,0,222
BRDA:47,10,0,108
BRDA:48,11,0,11
BRDA:48,12,0,97
BRDA:49,13,0,11
BRDA:49,14,0,97
BRDA:51,15,0,107
BRDA:52,16,0,15
BRDA:53,17,0,4
BRDA:62,18,0,208
BRDA:63,19,0,41
BRDA:63,20,0,21
BRDA:68,21,0,3
BRDA:85,22,0,2
BRDA:90,23,0,5
BRDA:91,24,0,1
BRDA:96,25,0,2
BRDA:100,26,0,1
BRDA:101,27,0,1
BRDA:105,28,0,2
BRDA:110,29,0,0
BRDA:134,30,0,2
BRF:31
BRH:29
end_of_record
TN:
SF:lib\components\Options\Options.jsx
FN:13,Options
FNF:1
FNH:1
FNDA:43,Options
DA:1,1
DA:2,1
DA:3,1
DA:13,43
DA:14,43
DA:16,43
DA:17,43
DA:18,43
DA:19,203
DA:20,203
DA:21,203
DA:22,203
DA:23,203
DA:24,203
DA:25,203
DA:27,43
DA:28,43
DA:30,43
DA:32,1
DA:33,1
DA:34,1
DA:36,1
DA:38,1
DA:39,1
DA:40,1
DA:41,1
DA:42,1
DA:43,1
DA:44,1
DA:45,1
LF:30
LH:30
BRDA:13,0,0,43
BRDA:18,1,0,203
BRDA:19,2,0,9
BRDA:19,3,0,194
BRF:4
BRH:4
end_of_record
TN:
SF:lib\components\SelectComponent\SelectComponent.jsx
FN:183,SelectComponent
FN:207,closeDropdown
FN:214,handleKeyDown
FN:235,onKeyDown
FNF:4
FNH:3
FNDA:51,SelectComponent
FNDA:0,closeDropdown
FNDA:12,handleKeyDown
FNDA:12,onKeyDown
DA:1,1
DA:3,1
DA:4,1
DA:6,1
DA:7,1
DA:9,1
DA:11,1
DA:12,1
DA:183,51
DA:185,51
DA:186,51
DA:187,51
DA:188,51
DA:189,51
DA:190,51
DA:191,51
DA:192,51
DA:193,51
DA:194,51
DA:197,51
DA:200,51
DA:201,32
DA:202,16
DA:203,16
DA:204,51
DA:207,51
DA:208,0
DA:209,0
DA:212,51
DA:214,51
DA:215,12
DA:216,0
DA:217,0
DA:218,0
DA:219,12
DA:221,51
DA:222,35
DA:223,35
DA:224,35
DA:225,35
DA:226,35
DA:228,51
DA:229,35
DA:230,35
DA:231,35
DA:232,35
DA:233,35
DA:234,35
DA:235,35
DA:236,12
DA:237,12
DA:239,35
DA:240,35
DA:241,35
DA:243,35
DA:244,51
DA:245,1
DA:246,1
DA:247,1
DA:248,1
DA:249,1
DA:250,1
DA:251,1
DA:253,1
DA:255,1
DA:257,1
DA:259,1
DA:260,1
DA:262,1
DA:264,1
DA:266,1
DA:267,1
DA:269,1
DA:271,1
DA:273,1
DA:274,1
DA:276,1
DA:278,1
DA:279,1
DA:280,1
DA:281,1
DA:282,1
DA:283,1
DA:284,1
DA:285,1
DA:286,1
DA:287,1
DA:288,1
DA:289,1
DA:290,1
DA:291,1
DA:292,1
DA:293,1
DA:294,1
DA:295,1
DA:296,1
DA:297,1
DA:298,1
DA:299,1
DA:300,1
DA:301,1
DA:302,1
DA:303,1
DA:304,1
DA:305,1
DA:306,1
DA:307,1
DA:308,1
DA:309,1
DA:310,1
DA:311,1
DA:312,1
DA:313,1
DA:314,1
DA:315,1
DA:316,1
DA:317,1
DA:318,1
DA:319,1
LF:119
LH:114
BRDA:183,0,0,51
BRDA:221,1,0,35
BRDA:225,2,0,0
BRDA:228,3,0,35
BRDA:200,4,0,32
BRDA:201,5,0,16
BRDA:214,6,0,12
BRDA:215,7,0,0
BRDA:235,8,0,12
BRF:9
BRH:7
end_of_record
TN:
SF:lib\components\SelectInput\SelectInput.jsx
FN:13,SelectInput
FN:45,toggleDropdown
FN:51,clearSelection
FN:63,handleChange
FN:69,handleInputClick
FN:72,handleInputKeyDown
FN:80,handleClearClick
FN:83,handleClearKeyDown
FN:116,onClick
FN:119,onKeyDown
FN:129,onChange
FN:154,onClick
FN:157,onKeyDown
FNF:13
FNH:13
FNDA:37,SelectInput
FNDA:12,toggleDropdown
FNDA:2,clearSelection
FNDA:5,handleChange
FNDA:5,handleInputClick
FNDA:8,handleInputKeyDown
FNDA:1,handleClearClick
FNDA:1,handleClearKeyDown
FNDA:5,onClick
FNDA:8,onKeyDown
FNDA:5,onChange
FNDA:1,onClick
FNDA:1,onKeyDown
DA:1,1
DA:2,1
DA:3,1
DA:4,1
DA:5,1
DA:6,1
DA:13,37
DA:15,37
DA:16,37
DA:17,37
DA:18,37
DA:19,37
DA:20,37
DA:21,37
DA:22,37
DA:24,37
DA:25,37
DA:26,37
DA:27,37
DA:28,37
DA:29,37
DA:30,37
DA:31,37
DA:32,37
DA:33,37
DA:34,37
DA:35,37
DA:36,37
DA:37,37
DA:38,37
DA:39,37
DA:40,37
DA:41,37
DA:42,37
DA:43,37
DA:45,37
DA:47,12
DA:48,10
DA:49,10
DA:50,12
DA:51,37
DA:58,2
DA:59,2
DA:60,2
DA:63,37
DA:65,5
DA:66,5
DA:69,37
DA:70,5
DA:71,5
DA:72,37
DA:73,8
DA:74,7
DA:75,7
DA:76,7
DA:77,8
DA:80,37
DA:81,1
DA:82,1
DA:83,37
DA:84,1
DA:85,1
DA:86,1
DA:87,1
DA:88,1
DA:90,37
DA:91,37
DA:92,37
DA:93,37
DA:94,37
DA:95,37
DA:96,37
DA:97,37
DA:98,37
DA:99,37
DA:100,37
DA:102,37
DA:103,37
DA:104,37
DA:105,37
DA:106,37
DA:108,37
DA:109,37
DA:110,37
DA:111,37
DA:112,37
DA:113,37
DA:114,37
DA:115,37
DA:116,37
DA:117,5
DA:118,5
DA:119,37
DA:120,8
DA:121,8
DA:122,37
DA:125,37
DA:126,37
DA:127,37
DA:128,37
DA:129,37
DA:130,5
DA:131,5
DA:132,37
DA:133,37
DA:134,37
DA:135,37
DA:136,37
DA:137,37
DA:138,37
DA:139,37
DA:140,37
DA:141,37
DA:142,37
DA:143,37
DA:144,37
DA:145,37
DA:146,37
DA:148,37
DA:149,37
DA:150,37
DA:151,37
DA:152,37
DA:153,37
DA:154,37
DA:155,1
DA:156,1
DA:157,37
DA:158,1
DA:159,1
DA:160,37
DA:161,37
DA:162,37
DA:163,37
DA:164,37
DA:165,37
DA:167,37
DA:168,37
DA:169,37
DA:170,37
DA:172,37
LF:141
LH:141
BRDA:13,0,0,37
BRDA:95,1,0,10
BRDA:95,2,0,27
BRDA:98,3,0,0
BRDA:99,4,0,0
BRDA:99,5,0,0
BRDA:106,6,0,0
BRDA:145,7,0,9
BRDA:145,8,0,28
BRDA:146,9,0,0
BRDA:165,10,0,10
BRDA:45,11,0,12
BRDA:47,12,0,10
BRDA:51,13,0,2
BRDA:63,14,0,5
BRDA:65,15,0,0
BRDA:69,16,0,5
BRDA:72,17,0,8
BRDA:73,18,0,7
BRDA:73,19,0,7
BRDA:73,20,0,7
BRDA:80,21,0,1
BRDA:83,22,0,1
BRDA:116,23,0,5
BRDA:119,24,0,8
BRDA:129,25,0,5
BRDA:154,26,0,1
BRDA:157,27,0,1
BRF:28
BRH:22
end_of_record
TN:
SF:lib\context\activeOptionContext.js
FN:8,defineActiveOptionIndex
FNF:1
FNH:0
FNDA:0,defineActiveOptionIndex
DA:1,1
DA:2,1
DA:3,1
DA:4,1
DA:5,1
DA:6,1
DA:7,1
DA:8,1
DA:9,1
LF:9
LH:9
BRF:0
BRH:0
end_of_record
TN:
SF:lib\context\configContext.js
FN:9,defineConfig
FNF:1
FNH:0
FNDA:0,defineConfig
DA:1,1
DA:2,1
DA:3,1
DA:4,1
DA:5,1
DA:6,1
DA:7,1
DA:8,1
DA:9,1
DA:10,1
LF:10
LH:10
BRF:0
BRH:0
end_of_record
TN:
SF:lib\context\selectContext.js
FN:14,clearSelected
FN:15,defineSelected
FN:16,toggleIsOpen
FNF:3
FNH:0
FNDA:0,clearSelected
FNDA:0,defineSelected
FNDA:0,toggleIsOpen
DA:1,1
DA:2,1
DA:3,1
DA:4,1
DA:5,1
DA:6,1
DA:7,1
DA:8,1
DA:9,1
DA:10,1
DA:11,1
DA:12,1
DA:13,1
DA:14,1
DA:15,1
DA:16,1
DA:17,1
LF:17
LH:17
BRF:0
BRH:0
end_of_record
TN:
SF:lib\context\ActiveOptionContextProvider\ActiveOptionContextProvider.jsx
FN:5,ActiveOptionContextProvider
FN:7,defineActiveOptionIndex
FNF:2
FNH:2
FNDA:45,ActiveOptionContextProvider
FNDA:10,defineActiveOptionIndex
DA:1,1
DA:2,1
DA:3,1
DA:5,45
DA:6,45
DA:7,45
DA:8,10
DA:9,10
DA:10,45
DA:11,45
DA:12,45
DA:14,45
DA:15,45
DA:17,45
DA:18,1
DA:19,1
DA:20,1
LF:17
LH:17
BRDA:5,0,0,45
BRDA:7,1,0,10
BRF:2
BRH:2
end_of_record
TN:
SF:lib\context\ConfigContextProvider\ConfigContextprovider.jsx
FN:17,ConfigContextProvider
FN:21,defineConfig
FNF:2
FNH:2
FNDA:32,ConfigContextProvider
FNDA:16,defineConfig
DA:1,1
DA:2,1
DA:3,1
DA:4,1
DA:15,1
DA:17,32
DA:18,32
DA:21,32
DA:22,16
DA:23,16
DA:24,16
DA:25,16
DA:26,16
DA:27,16
DA:29,16
DA:30,16
DA:31,16
DA:32,16
DA:33,16
DA:36,16
DA:39,16
DA:40,16
DA:41,16
DA:42,16
DA:45,16
DA:46,16
DA:47,16
DA:48,16
DA:50,16
DA:51,16
DA:52,16
DA:53,16
DA:55,16
DA:56,16
DA:57,16
DA:58,16
DA:60,16
DA:63,16
DA:64,16
DA:65,16
DA:66,16
DA:67,16
DA:68,16
DA:69,16
DA:71,32
DA:72,32
DA:73,32
DA:74,32
DA:76,32
DA:77,1
DA:78,1
DA:104,1
LF:52
LH:52
BRDA:17,0,0,32
BRDA:21,1,0,16
BRDA:22,2,0,16
BRF:3
BRH:3
end_of_record
TN:
SF:lib\context\SelectContextProvider\SelectContextProvider.jsx
FN:5,SelectContextProvider
FN:16,defineSelected
FN:24,clearSelected
FN:30,toggleIsOpen
FNF:4
FNH:4
FNDA:35,SelectContextProvider
FNDA:7,defineSelected
FNDA:2,clearSelected
FNDA:13,toggleIsOpen
DA:1,1
DA:2,1
DA:3,1
DA:5,35
DA:6,35
DA:7,35
DA:8,35
DA:9,35
DA:10,35
DA:11,35
DA:12,35
DA:14,35
DA:16,35
DA:17,7
DA:18,7
DA:19,7
DA:20,7
DA:21,7
DA:22,7
DA:23,7
DA:24,35
DA:25,2
DA:26,2
DA:30,35
DA:31,13
DA:32,13
DA:34,35
DA:35,35
DA:36,35
DA:37,35
DA:39,35
DA:40,35
DA:41,35
DA:43,35
DA:44,35
DA:46,35
DA:47,35
DA:49,35
DA:50,1
DA:51,1
DA:52,1
LF:41
LH:41
BRDA:5,0,0,35
BRDA:16,1,0,7
BRDA:24,2,0,2
BRDA:30,3,0,13
BRDA:31,4,0,3
BRDA:31,5,0,10
BRF:6
BRH:6
end_of_record
TN:
SF:lib\context\default\configSettings.js
FN:1,setValues
FN:5,setOptGroup
FN:9,setInputBorderRadiusOpened
FN:17,setDropdownBorderTop
FN:21,setDropdownBorderBottom
FN:25,setDropdownBorderRadius
FN:33,setDropdownBottom
FN:37,setClassOnFocus
FN:48,setLastFocusableOptionIndex
FNF:9
FNH:9
FNDA:16,setValues
FNDA:16,setOptGroup
FNDA:16,setInputBorderRadiusOpened
FNDA:16,setDropdownBorderTop
FNDA:16,setDropdownBorderBottom
FNDA:16,setDropdownBorderRadius
FNDA:16,setDropdownBottom
FNDA:16,setClassOnFocus
FNDA:16,setLastFocusableOptionIndex
DA:1,1
DA:2,16
DA:3,16
DA:4,1
DA:5,1
DA:6,16
DA:7,16
DA:8,1
DA:9,1
DA:10,16
DA:11,16
DA:12,16
DA:13,16
DA:14,16
DA:15,16
DA:16,1
DA:17,1
DA:18,16
DA:19,16
DA:20,1
DA:21,1
DA:22,16
DA:23,16
DA:24,1
DA:25,1
DA:26,16
DA:27,16
DA:28,16
DA:29,16
DA:30,16
DA:31,16
DA:32,1
DA:33,1
DA:34,16
DA:35,16
DA:36,1
DA:37,1
DA:38,16
DA:39,16
DA:40,0
DA:41,16
DA:42,16
DA:43,16
DA:44,0
DA:45,16
DA:46,16
DA:47,1
DA:48,1
DA:49,16
DA:50,16
DA:51,0
DA:52,0
DA:53,0
DA:54,0
DA:55,16
DA:56,16
DA:57,16
DA:58,16
LF:58
LH:52
BRDA:1,0,0,16
BRDA:2,1,0,0
BRDA:5,2,0,16
BRDA:6,3,0,0
BRDA:9,4,0,16
BRDA:11,5,0,0
BRDA:14,6,0,0
BRDA:17,7,0,16
BRDA:18,8,0,0
BRDA:21,9,0,16
BRDA:22,10,0,0
BRDA:25,11,0,16
BRDA:27,12,0,0
BRDA:30,13,0,0
BRDA:33,14,0,16
BRDA:34,15,0,0
BRDA:37,16,0,16
BRDA:39,17,0,0
BRDA:43,18,0,0
BRDA:48,19,0,16
BRDA:50,20,0,0
BRF:21
BRH:9
end_of_record
TN:
SF:lib\context\default\defaultConfig.js
FNF:0
FNH:0
DA:1,1
DA:2,1
DA:3,1
DA:4,1
DA:5,1
DA:6,1
DA:7,1
DA:8,1
DA:9,1
DA:10,1
DA:11,1
DA:12,1
DA:13,1
DA:14,1
DA:15,1
DA:16,1
DA:17,1
DA:18,1
DA:19,1
DA:20,1
DA:21,1
DA:22,1
DA:23,1
DA:24,1
DA:25,1
DA:26,1
DA:27,1
DA:28,1
DA:29,1
DA:30,1
DA:31,1
DA:32,1
DA:33,1
DA:34,1
DA:35,1
DA:36,1
DA:37,1
DA:38,1
DA:39,1
DA:40,1
DA:41,1
DA:42,1
DA:43,1
DA:44,1
DA:45,1
DA:46,1
DA:47,1
DA:48,1
DA:49,1
DA:50,1
DA:51,1
DA:52,1
DA:53,1
DA:54,1
DA:55,1
DA:56,1
DA:57,1
DA:58,1
DA:59,1
DA:60,1
DA:61,1
DA:62,1
DA:63,1
DA:64,1
LF:64
LH:64
BRF:0
BRH:0
end_of_record
TN:
SF:lib\context\hook\useActiveOption.js
FN:4,useActiveOption
FNF:1
FNH:1
FNDA:233,useActiveOption
DA:1,1
DA:2,1
DA:3,1
DA:4,1
DA:5,233
DA:6,233
LF:6
LH:6
BRDA:4,0,0,233
BRF:1
BRH:1
end_of_record
TN:
SF:lib\context\hook\useConfig.js
FN:4,useConfig
FNF:1
FNH:1
FNDA:412,useConfig
DA:1,1
DA:2,1
DA:3,1
DA:4,1
DA:5,412
DA:6,412
DA:7,412
LF:7
LH:7
BRDA:4,0,0,412
BRF:1
BRH:1
end_of_record
TN:
SF:lib\context\hook\useSelect.js
FN:4,useSelect
FNF:1
FNH:1
FNDA:360,useSelect
DA:1,1
DA:2,1
DA:3,1
DA:4,1
DA:5,360
DA:6,360
DA:7,360
DA:8,360
DA:9,360
DA:10,360
DA:11,360
DA:12,360
DA:13,360
DA:14,360
DA:15,360
DA:16,360
DA:17,360
DA:18,360
DA:19,360
DA:20,360
DA:21,360
DA:22,360
DA:23,360
DA:24,360
DA:25,360
DA:26,360
DA:27,360
LF:27
LH:27
BRDA:4,0,0,360
BRF:1
BRH:1
end_of_record
TN:
SF:lib\hooks\useOnClickOutside.js
FN:6,useOnClickOutside
FN:11,handleClickOutside
FNF:2
FNH:2
FNDA:51,useOnClickOutside
FNDA:7,handleClickOutside
DA:1,1
DA:2,1
DA:3,1
DA:4,1
DA:5,1
DA:6,1
DA:7,51
DA:8,51
DA:9,51
DA:10,51
DA:11,51
DA:12,7
DA:13,0
DA:14,0
DA:15,7
DA:16,51
DA:17,51
DA:18,51
DA:19,51
DA:20,51
DA:21,51
DA:22,51
DA:23,51
LF:23
LH:21
BRDA:6,0,0,51
BRDA:7,1,0,51
BRDA:11,2,0,7
BRDA:12,3,0,0
BRDA:18,4,0,51
BRF:5
BRH:4
end_of_record
TN:
SF:lib\utils\utils.js
FN:6,triggerOnChangeSelectedValueInput
FNF:1
FNH:1
FNDA:5,triggerOnChangeSelectedValueInput
DA:1,1
DA:2,1
DA:3,1
DA:4,1
DA:5,1
DA:6,1
DA:7,5
DA:8,5
DA:9,5
DA:10,5
DA:11,5
DA:12,5
DA:13,5
DA:14,5
DA:15,5
DA:16,5
DA:17,5
DA:18,5
LF:18
LH:18
BRDA:6,0,0,5
BRF:1
BRH:1
end_of_record
